14:22:50.240 Xcode[73139:868194] Beginning test session C5630E49-AFA3-403C-9C60-A08DCFBCCAF6 with Xcode 7D1014 on target <DVTiPhoneSimulator: 0x7fd8c0e54890> {
		SimDevice: SimDevice : iPhone 6s Plus (686336CB-C74C-4486-83E7-6091A9A9CC11) : state={ Booted } deviceType={ SimDeviceType : com.apple.CoreSimulator.SimDeviceType.iPhone-6s-Plus } runtime={ SimRuntime : 9.3 (13E230) - com.apple.CoreSimulator.SimRuntime.iOS-9-3 }
} (9.3 (13E230))
14:22:50.240 Xcode[73139:868194] Launching with Xcode.DebuggerFoundation.Launcher.LLDB
14:22:50.240 Xcode[73139:868194] Initializing test infrastructure.
14:22:50.240 Xcode[73139:2058086] 686336CB-C74C-4486-83E7-6091A9A9CC11: Registered for sim device notification, got token 103
14:22:50.240 Xcode[73139:2058086] 686336CB-C74C-4486-83E7-6091A9A9CC11: Unregistering for sim device notification with token 103
14:22:50.240 Xcode[73139:2058086] Sim iPhone 6s Plus is booted (state = 3)
14:22:50.240 Xcode[73139:2058086] Calling -[SimDevice getenv:error:] for TESTMANAGERD_SIM_SOCK
14:22:50.241 Xcode[73139:2058086] Returning /private/tmp/com.apple.launchd.DOy9JvDCzK/com.apple.testmanagerd.unix-domain.socket for TESTMANAGERD_SIM_SOCK
14:22:50.241 Xcode[73139:2058086] Sim iPhone 6s Plus has testmanagerd socket at /private/tmp/com.apple.launchd.DOy9JvDCzK/com.apple.testmanagerd.unix-domain.socket
14:22:50.241 Xcode[73139:2058086] Connected to testmanagerd socket for Sim iPhone 6s Plus
14:22:50.241 Xcode[73139:2058086] Creating the connection.
14:22:50.241 Xcode[73139:2058086] Listening for proxy connection request from the test bundle (all platforms)
14:22:50.241 Xcode[73139:2058086] Resuming the connection.
14:22:50.241 Xcode[73139:2058086] Test connection requires daemon assistance.
14:22:50.300 Xcode[73139:868194] Received Ready from iPhoneSimulator
14:22:50.300 Xcode[73139:868194] Sending notification: NSConcreteNotification 0x7fd8c1a6dfa0 {name = com.apple.iphonesimulator.startSession; userInfo = {
    deviceUDID = "686336CB-C74C-4486-83E7-6091A9A9CC11";
}}
14:22:50.326 Xcode[73139:868194] Got death notice for pid 30989, removing from SimulatorSessionMap
14:22:50.326 Xcode[73139:868194] Checking test manager availability..., will wait up to 120s
14:22:50.326 Xcode[73139:868194] Starting test session with ID <__NSConcreteUUID 0x7fd89da10e70> C5630E49-AFA3-403C-9C60-A08DCFBCCAF6
14:22:50.330 Xcode[73139:2057219] testmanagerd handled session request.
14:22:50.345 Xcode[73139:868194] Waiting for test process to launch.
14:22:50.603 Xcode[73139:868194] Launch session started, setting a disallow-finish-token on the run operation.
14:22:50.649 Xcode[73139:868194] Received Ready from iPhoneSimulator
14:22:50.649 Xcode[73139:868194] Sending notification: NSConcreteNotification 0x7fd8c450e020 {name = com.apple.iphonesimulator.startSession; userInfo = {
    deviceUDID = "686336CB-C74C-4486-83E7-6091A9A9CC11";
}}
14:22:50.650 Xcode[73139:868194] Adding console adaptor <IDEConsoleAdaptor: 0x7fd8c20d65a0 'target'> for test session C5630E49-AFA3-403C-9C60-A08DCFBCCAF6.
14:22:50.653 Xcode[73139:2058679] 686336CB-C74C-4486-83E7-6091A9A9CC11: Registered for sim device notification, got token 104
14:22:50.653 Xcode[73139:2057215] 686336CB-C74C-4486-83E7-6091A9A9CC11: Unregistering for sim device notification with token 104
14:22:50.653 Xcode[73139:2057215] 686336CB-C74C-4486-83E7-6091A9A9CC11: Spawning executable at path: /Applications/Xcode.app/Contents/Developer/Platforms/iPhoneSimulator.platform/Developer/Library/Xcode/Agents/xctest and options: {
    arguments =     (
        "/Applications/Xcode.app/Contents/Developer/Platforms/iPhoneSimulator.platform/Developer/Library/Xcode/Agents/xctest",
        "-NSTreatUnknownArgumentsAsOpen",
        NO,
        "-ApplePersistenceIgnoreState",
        YES
    );
    binpref = "x86_64";
    environment =     {
        "DTX_CONNECTION_SERVICES_PATH" = "/Applications/Xcode.app/Contents/Developer/Platforms/iPhoneSimulator.platform/Developer/SDKs/iPhoneSimulator.sdk/Developer/Library/PrivateFrameworks/DTXConnectionServices.framework";
        "DYLD_FRAMEWORK_PATH" = "/Users/matt/Projects/Personal/NetworkWrapper/DerivedData/NetworkWrapper/Build/Products/Debug-iphonesimulator:/Applications/Xcode.app/Contents/Developer/Platforms/iPhoneSimulator.platform/Developer/Library/Frameworks";
        "DYLD_LIBRARY_PATH" = "/Users/matt/Projects/Personal/NetworkWrapper/DerivedData/NetworkWrapper/Build/Products/Debug-iphonesimulator:/Applications/Xcode.app/Contents/Developer/Platforms/iPhoneSimulator.platform/Developer/Library/Frameworks";
        NSUnbufferedIO = YES;
        "OBJC_DISABLE_GC" = YES;
        "XCODE_DBG_XPC_EXCLUSIONS" = "com.apple.dt.xctestSymbolicator";
        XCTestConfigurationFilePath = "/Users/matt/Projects/Personal/NetworkWrapper/DerivedData/NetworkWrapper/Build/Products/Debug-iphonesimulator/NetworkWrapperTests.xctest/NetworkWrapperTests-C5630E49-AFA3-403C-9C60-A08DCFBCCAF6.xctestconfiguration";
    };
    stderr = 76;
    stdin = 62;
    stdout = 74;
    "wait_for_debugger" = 1;
}
14:22:50.660 Xcode[73139:868194] Received Ready from iPhoneSimulator
14:22:50.660 Xcode[73139:868194] Sending notification: NSConcreteNotification 0x7fd89db93c80 {name = com.apple.iphonesimulator.startSession; userInfo = {
    deviceUDID = "686336CB-C74C-4486-83E7-6091A9A9CC11";
}}
14:22:50.732 Xcode[73139:2058499] 686336CB-C74C-4486-83E7-6091A9A9CC11: Spawned executable at path: /Applications/Xcode.app/Contents/Developer/Platforms/iPhoneSimulator.platform/Developer/Library/Xcode/Agents/xctest with options: {
    arguments =     (
        "/Applications/Xcode.app/Contents/Developer/Platforms/iPhoneSimulator.platform/Developer/Library/Xcode/Agents/xctest",
        "-NSTreatUnknownArgumentsAsOpen",
        NO,
        "-ApplePersistenceIgnoreState",
        YES
    );
    binpref = "x86_64";
    environment =     {
        "DTX_CONNECTION_SERVICES_PATH" = "/Applications/Xcode.app/Contents/Developer/Platforms/iPhoneSimulator.platform/Developer/SDKs/iPhoneSimulator.sdk/Developer/Library/PrivateFrameworks/DTXConnectionServices.framework";
        "DYLD_FRAMEWORK_PATH" = "/Users/matt/Projects/Personal/NetworkWrapper/DerivedData/NetworkWrapper/Build/Products/Debug-iphonesimulator:/Applications/Xcode.app/Contents/Developer/Platforms/iPhoneSimulator.platform/Developer/Library/Frameworks";
        "DYLD_LIBRARY_PATH" = "/Users/matt/Projects/Personal/NetworkWrapper/DerivedData/NetworkWrapper/Build/Products/Debug-iphonesimulator:/Applications/Xcode.app/Contents/Developer/Platforms/iPhoneSimulator.platform/Developer/Library/Frameworks";
        NSUnbufferedIO = YES;
        "OBJC_DISABLE_GC" = YES;
        "XCODE_DBG_XPC_EXCLUSIONS" = "com.apple.dt.xctestSymbolicator";
        XCTestConfigurationFilePath = "/Users/matt/Projects/Personal/NetworkWrapper/DerivedData/NetworkWrapper/Build/Products/Debug-iphonesimulator/NetworkWrapperTests.xctest/NetworkWrapperTests-C5630E49-AFA3-403C-9C60-A08DCFBCCAF6.xctestconfiguration";
    };
    stderr = 76;
    stdin = 62;
    stdout = 74;
    "wait_for_debugger" = 1;
} (pid = 30998)
14:22:50.732 Xcode[73139:2058499] Tracking pid 30998 for simulator <DVTiPhoneSimulator: 0x7fd8c0e54890> {
		SimDevice: SimDevice : iPhone 6s Plus (686336CB-C74C-4486-83E7-6091A9A9CC11) : state={ Booted } deviceType={ SimDeviceType : com.apple.CoreSimulator.SimDeviceType.iPhone-6s-Plus } runtime={ SimRuntime : 9.3 (13E230) - com.apple.CoreSimulator.SimRuntime.iOS-9-3 }
}
14:22:50.732 Xcode[73139:2058499] Checking to see if pid 30998 is valid: kill(pid, 0) = 0 (YES, it's still running)
14:22:50.732 Xcode[73139:2058499] Setting up DVTNotifyOnProcDeath for pid 30998
14:22:51.359 Xcode[73139:868194] Launch session finished initial intensive file IO.
14:22:51.359 Xcode[73139:868194] Waiting for test process to check in..., will wait up to 120s
14:22:51.683 Xcode[73139:2057854] Got proxy channel request from test bundle
14:22:51.684 Xcode[73139:2057854] Test bundle is ready, running protocol 16, requires at least version 8. IDE is running 16 and requires at least 8
14:22:51.684 Xcode[73139:2057228] Creating secondary transport and connection for whitelisting test process PID.
14:22:51.684 Xcode[73139:2057228] 686336CB-C74C-4486-83E7-6091A9A9CC11: Registered for sim device notification, got token 105
14:22:51.684 Xcode[73139:2057228] 686336CB-C74C-4486-83E7-6091A9A9CC11: Unregistering for sim device notification with token 105
14:22:51.684 Xcode[73139:2057228] Sim iPhone 6s Plus is booted (state = 3)
14:22:51.684 Xcode[73139:2057228] Calling -[SimDevice getenv:error:] for TESTMANAGERD_SIM_SOCK
14:22:51.684 Xcode[73139:2057228] Returning /private/tmp/com.apple.launchd.DOy9JvDCzK/com.apple.testmanagerd.unix-domain.socket for TESTMANAGERD_SIM_SOCK
14:22:51.684 Xcode[73139:2057228] Sim iPhone 6s Plus has testmanagerd socket at /private/tmp/com.apple.launchd.DOy9JvDCzK/com.apple.testmanagerd.unix-domain.socket
14:22:51.684 Xcode[73139:2057228] Connected to testmanagerd socket for Sim iPhone 6s Plus
14:22:51.684 Xcode[73139:2057228] Creating the connection.
14:22:51.684 Xcode[73139:2057228] Resuming the secondary connection.
14:22:51.685 Xcode[73139:2057228] Whitelisting test process ID 30998
14:22:51.687 Xcode[73139:2057228] Got whitelisting response and daemon protocol version 16
14:22:51.441 xctest[30998:2058682] Linked XCTest.framework from /Applications/Xcode.app/Contents/Developer/Platforms/iPhoneSimulator.platform/Developer/Library/Frameworks/XCTest.framework/XCTest, built at Tuesday, March 15, 2016 at 8:32:00 PM Eastern Daylight Time
14:22:51.442 xctest[30998:2058682] Process arguments: (
    "/Applications/Xcode.app/Contents/Developer/Platforms/iPhoneSimulator.platform/Developer/Library/Xcode/Agents/xctest",
    "-NSTreatUnknownArgumentsAsOpen",
    NO,
    "-ApplePersistenceIgnoreState",
    YES
)
14:22:51.442 xctest[30998:2058682] Process environment: {
    "CFFIXED_USER_HOME" = "/Users/matt/Library/Developer/CoreSimulator/Devices/686336CB-C74C-4486-83E7-6091A9A9CC11/data";
    "CUPS_SERVER" = "/private/tmp/com.apple.launchd.yvcRlmBQx0/Listeners";
    "DTX_CONNECTION_SERVICES_PATH" = "/Applications/Xcode.app/Contents/Developer/Platforms/iPhoneSimulator.platform/Developer/SDKs/iPhoneSimulator.sdk/Developer/Library/PrivateFrameworks/DTXConnectionServices.framework";
    "DYLD_FALLBACK_FRAMEWORK_PATH" = "/Applications/Xcode.app/Contents/Developer/Platforms/iPhoneSimulator.platform/Developer/SDKs/iPhoneSimulator.sdk/System/Library/Frameworks";
    "DYLD_FALLBACK_LIBRARY_PATH" = "/Applications/Xcode.app/Contents/Developer/Platforms/iPhoneSimulator.platform/Developer/SDKs/iPhoneSimulator.sdk/usr/lib";
    "DYLD_FRAMEWORK_PATH" = "/Users/matt/Projects/Personal/NetworkWrapper/DerivedData/NetworkWrapper/Build/Products/Debug-iphonesimulator:/Applications/Xcode.app/Contents/Developer/Platforms/iPhoneSimulator.platform/Developer/Library/Frameworks";
    "DYLD_LIBRARY_PATH" = "/Users/matt/Projects/Personal/NetworkWrapper/DerivedData/NetworkWrapper/Build/Products/Debug-iphonesimulator:/Applications/Xcode.app/Contents/Developer/Platforms/iPhoneSimulator.platform/Developer/Library/Frameworks";
    "DYLD_ROOT_PATH" = "/Applications/Xcode.app/Contents/Developer/Platforms/iPhoneSimulator.platform/Developer/SDKs/iPhoneSimulator.sdk";
    "DYLD_SHARED_REGION" = avoid;
    HOME = "/Users/matt/Library/Developer/CoreSimulator/Devices/686336CB-C74C-4486-83E7-6091A9A9CC11/data";
    "IOS_SIMULATOR_SYSLOG_SOCKET" = "/private/tmp/com.apple.CoreSimulator.SimDevice.686336CB-C74C-4486-83E7-6091A9A9CC11.launchd_sim/syslogsock";
    "IPHONE_SHARED_RESOURCES_DIRECTORY" = "/Users/matt/Library/Developer/CoreSimulator/Devices/686336CB-C74C-4486-83E7-6091A9A9CC11/data";
    "IPHONE_SIMULATOR_CLASS" = N66;
    "IPHONE_SIMULATOR_DEVICE" = iPhone;
    "IPHONE_SIMULATOR_ROOT" = "/Applications/Xcode.app/Contents/Developer/Platforms/iPhoneSimulator.platform/Developer/SDKs/iPhoneSimulator.sdk";
    "IPHONE_TVOUT_EXTENDED_PROPERTIES" = "/Users/matt/Library/Developer/CoreSimulator/Devices/686336CB-C74C-4486-83E7-6091A9A9CC11/data/Library/Application Support/iPhone Simulator/com.apple.iphonesimulator/extended_display.plist";
    NSUnbufferedIO = YES;
    "OBJC_DISABLE_GC" = YES;
    PATH = "/Applications/Xcode.app/Contents/Developer/Platforms/iPhoneSimulator.platform/Developer/SDKs/iPhoneSimulator.sdk/usr/bin:/Applications/Xcode.app/Contents/Developer/Platforms/iPhoneSimulator.platform/Developer/SDKs/iPhoneSimulator.sdk/bin:/Applications/Xcode.app/Contents/Developer/Platforms/iPhoneSimulator.platform/Developer/SDKs/iPhoneSimulator.sdk/usr/sbin:/Applications/Xcode.app/Contents/Developer/Platforms/iPhoneSimulator.platform/Developer/SDKs/iPhoneSimulator.sdk/sbin:/Applications/Xcode.app/Contents/Developer/Platforms/iPhoneSimulator.platform/Developer/SDKs/iPhoneSimulator.sdk/usr/local/bin";
    "SIMULATOR_CAPABILITIES" = "/Applications/Xcode.app/Contents/Developer/Platforms/iPhoneSimulator.platform/Developer/Library/CoreSimulator/Profiles/DeviceTypes/iPhone 6s Plus.simdevicetype/Contents/Resources/capabilities.plist";
    "SIMULATOR_DEVICE_NAME" = "iPhone 6s Plus";
    "SIMULATOR_EXTENDED_DISPLAY_PROPERTIES" = "/Users/matt/Library/Developer/CoreSimulator/Devices/686336CB-C74C-4486-83E7-6091A9A9CC11/data/Library/Application Support/iPhone Simulator/com.apple.iphonesimulator/extended_display.plist";
    "SIMULATOR_HOST_HOME" = "/Users/matt";
    "SIMULATOR_LEGACY_ASSET_SUFFIX" = iphone;
    "SIMULATOR_LOG_ROOT" = "/Users/matt/Library/Logs/CoreSimulator/686336CB-C74C-4486-83E7-6091A9A9CC11";
    "SIMULATOR_MAINSCREEN_HEIGHT" = 2208;
    "SIMULATOR_MAINSCREEN_PITCH" = "461.000000";
    "SIMULATOR_MAINSCREEN_SCALE" = "3.000000";
    "SIMULATOR_MAINSCREEN_WIDTH" = 1242;
    "SIMULATOR_MEMORY_WARNINGS" = "/Users/matt/Library/Developer/CoreSimulator/Devices/686336CB-C74C-4486-83E7-6091A9A9CC11/data/var/run/memory_warning_simulation";
    "SIMULATOR_MODEL_IDENTIFIER" = "iPhone8,2";
    "SIMULATOR_PLATFORM_RUNTIME_OVERLAY_ROOT" = "/Applications/Xcode.app/Contents/Developer/Platforms/iPhoneSimulator.platform/Developer/Library/CoreSimulator/RuntimeOverlay";
    "SIMULATOR_ROOT" = "/Applications/Xcode.app/Contents/Developer/Platforms/iPhoneSimulator.platform/Developer/SDKs/iPhoneSimulator.sdk";
    "SIMULATOR_RUNTIME_BUILD_VERSION" = 13E230;
    "SIMULATOR_RUNTIME_VERSION" = "9.3";
    "SIMULATOR_SHARED_RESOURCES_DIRECTORY" = "/Users/matt/Library/Developer/CoreSimulator/Devices/686336CB-C74C-4486-83E7-6091A9A9CC11/data";
    "SIMULATOR_UDID" = "686336CB-C74C-4486-83E7-6091A9A9CC11";
    "SIMULATOR_VERSION_INFO" = "CoreSimulator 209.19 - Device: iPhone 6s Plus - Runtime: iOS 9.3 (13E230) - DeviceType: iPhone 6s Plus";
    "TESTMANAGERD_SIM_SOCK" = "/private/tmp/com.apple.launchd.DOy9JvDCzK/com.apple.testmanagerd.unix-domain.socket";
    TMPDIR = "/Users/matt/Library/Developer/CoreSimulator/Devices/686336CB-C74C-4486-83E7-6091A9A9CC11/data/tmp";
    "XCODE_DBG_XPC_EXCLUSIONS" = "com.apple.dt.xctestSymbolicator";
    XCTestConfigurationFilePath = "/Users/matt/Projects/Personal/NetworkWrapper/DerivedData/NetworkWrapper/Build/Products/Debug-iphonesimulator/NetworkWrapperTests.xctest/NetworkWrapperTests-C5630E49-AFA3-403C-9C60-A08DCFBCCAF6.xctestconfiguration";
    "XPC_FLAGS" = 0x0;
    "XPC_SERVICE_NAME" = "com.apple.xpc.launchd.oneshot.0x1000000d.xctest";
    "XPC_SIMULATOR_LAUNCHD_NAME" = "com.apple.CoreSimulator.SimDevice.686336CB-C74C-4486-83E7-6091A9A9CC11.launchd_sim";
}
14:22:51.442 xctest[30998:2058682] Loading DTXConnectionServices from /Applications/Xcode.app/Contents/Developer/Platforms/iPhoneSimulator.platform/Developer/SDKs/iPhoneSimulator.sdk/Developer/Library/PrivateFrameworks/DTXConnectionServices.framework
14:22:51.481 xctest[30998:2058682] Session ID <__NSConcreteUUID 0x7fbdf1d01dd0> C5630E49-AFA3-403C-9C60-A08DCFBCCAF6
14:22:51.481 xctest[30998:2058682] Registering for testmanagerd availability notify post.
14:22:51.481 xctest[30998:2058682] testmanagerd availability confirmed via notify_get_state.
14:22:51.481 xctest[30998:2058682] Initiating connection to testmanagerd to request socket for IDE connection.
14:22:51.680 xctest[30998:2058743] Got socket 6 from daemon, making connection to IDE
14:22:51.681 xctest[30998:2058743] Creating connection with transport
14:22:51.682 xctest[30998:2058743] Resuming connection
14:22:51.683 xctest[30998:2058743] Messaging IDE proxy - _XCT_testBundleReadyWithProtocolVersion:16 minimumVersion:8
14:22:51.689 Xcode[73139:868194] Starting test plan, clearing initialization timeout timer.
14:22:51.689 xctest[30998:2058682] -[XCTestDriver _runSuite]
14:22:51.689 xctest[30998:2058682] Loading test suite...
14:22:51.789 xctest[30998:2058682] Finished loading test suite, took 0.100s
14:22:51.791 xctest[30998:2058682] -[_XCTestDriverTestObserver testBundleWillStart:]
14:22:51.791 xctest[30998:2058682] Running suite...
14:22:51.791 xctest[30998:2058682] -[_XCTestDriverTestObserver testSuiteWillStart:]
14:22:51.849 Xcode[73139:2058349] (LOG ARBITER) Dumping buffered message data; 0 messages.
14:22:51.792 Xcode[73139:868194] _XCT_testSuite:All tests didStartAt:2016-06-01 18:22:51 +0000
14:22:51.684 xctest[30998:2058748] _XCT_testBundleReadyWithProtocolVersion:minimumVersion: reply received
14:22:51.687 xctest[30998:2058748] _IDE_startExecutingTestPlanWithProtocolVersion:16
14:22:51.792 xctest[30998:2058682] -[_XCTestDriverTestObserver testSuiteWillStart:]
14:22:51.793 Xcode[73139:868194] _XCT_testSuite:NetworkWrapperTests.xctest didStartAt:2016-06-01 18:22:51 +0000
Test Suite 'All tests' started at 2016-06-01 14:22:51.791
14:22:51.793 xctest[30998:2058682] -[_XCTestDriverTestObserver testSuiteWillStart:]
14:22:51.794 Xcode[73139:868194] _XCT_testSuite:NetworkWrapperTests didStartAt:2016-06-01 18:22:51 +0000
Test Suite 'NetworkWrapperTests.xctest' started at 2016-06-01 14:22:51.792
14:22:51.794 xctest[30998:2058682] -[_XCTestDriverTestObserver testCaseWillStart:] NetworkWrapperTests testCreateNetworkWrapper
14:22:51.794 Xcode[73139:868194] _XCT_testCaseDidStartForTestClass:NetworkWrapperTests method:testCreateNetworkWrapper
Test Suite 'NetworkWrapperTests' started at 2016-06-01 14:22:51.793
Test Case '-[NetworkWrapperTests testCreateNetworkWrapper]' started.
14:22:51.845 xctest[30998:2058682] -[_XCTestDriverTestObserver testCaseDidFinish:]
14:22:51.848 Xcode[73139:868194] _XCT_testCaseDidFinishForTestClass:NetworkWrapperTests method:testCreateNetworkWrapper withStatus:passed duration:0.05100399255752563
14:22:51.845 xctest[30998:2058682] -[_XCTestDriverTestObserver testCaseWillStart:] NetworkWrapperTests testCreateRequestValidPath
Test Case '-[NetworkWrapperTests testCreateNetworkWrapper]' passed (0.051 seconds).
14:22:51.880 Xcode[73139:868194] _XCT_testCaseDidStartForTestClass:NetworkWrapperTests method:testCreateRequestValidPath
14:22:51.881 xctest[30998:2058682] -[_XCTestDriverTestObserver testCase:didFailWithDescription:inFile:atLine:]
14:22:51.882 Xcode[73139:868194] _XCT_testCaseDidFailForTestClass:NetworkWrapperTests method:testCreateRequestValidPath withMessage:((requestString) equal to (@"https://mattsbecker.com:80/testpath")) failed: ("<502301f3 bd7f0000>") is not equal to ("<20b30216 01000000>") file:/Users/matt/Projects/Personal/NetworkWrapper/NetworkWrapperTests/NetworkWrapperTests.m line:74
Test Case '-[NetworkWrapperTests testCreateRequestValidPath]' started.
2016-06-01 14:22:51.879 xctest[30998:2058682] Request URI: https://mattsbecker.com:80/testpath
14:22:51.882 xctest[30998:2058682] -[_XCTestDriverTestObserver testCaseDidFinish:]
14:22:52.096 Xcode[73139:2057228] (LOG ARBITER) Dumping buffered message data; 0 messages.
14:22:52.241 Xcode[73139:2057852] (LOG ARBITER) Dumping buffered message data; 0 messages.
14:22:52.265 Xcode[73139:2057854] (LOG ARBITER) Dumping buffered message data; 0 messages.
14:22:52.267 Xcode[73139:2058499] (LOG ARBITER) Dumping buffered message data; 0 messages.
14:22:52.270 Xcode[73139:2058499] (LOG ARBITER) Dumping buffered message data; 0 messages.
14:22:52.273 Xcode[73139:2058499] (LOG ARBITER) Dumping buffered message data; 0 messages.
14:22:52.275 Xcode[73139:2058499] (LOG ARBITER) Dumping buffered message data; 0 messages.
14:22:52.278 Xcode[73139:2058499] (LOG ARBITER) Dumping buffered message data; 0 messages.
14:22:52.282 Xcode[73139:2058499] (LOG ARBITER) Dumping buffered message data; 0 messages.
14:22:52.285 Xcode[73139:2057232] (LOG ARBITER) Dumping buffered message data; 0 messages.
14:22:51.883 Xcode[73139:868194] _XCT_testCaseDidFinishForTestClass:NetworkWrapperTests method:testCreateRequestValidPath withStatus:failed duration:0.0364609956741333
/Users/matt/Projects/Personal/NetworkWrapper/NetworkWrapperTests/NetworkWrapperTests.m:74: error: -[NetworkWrapperTests testCreateRequestValidPath] : ((requestString) equal to (@"https://mattsbecker.com:80/testpath")) failed: ("<502301f3 bd7f0000>") is not equal to ("<20b30216 01000000>")
Test Case '-[NetworkWrapperTests testCreateRequestValidPath]' failed (0.036 seconds).
Test Case '-[NetworkWrapperTests testExample]' started.
Test Case '-[NetworkWrapperTests testExample]' passed (0.000 seconds).
14:22:51.883 xctest[30998:2058682] -[_XCTestDriverTestObserver testCaseWillStart:] NetworkWrapperTests testExample
14:22:52.093 Xcode[73139:868194] _XCT_testCaseDidStartForTestClass:NetworkWrapperTests method:testExample
14:22:51.883 xctest[30998:2058682] -[_XCTestDriverTestObserver testCaseDidFinish:]
14:22:52.096 Xcode[73139:868194] _XCT_testCaseDidFinishForTestClass:NetworkWrapperTests method:testExample withStatus:passed duration:0.0003350377082824707
14:22:51.883 xctest[30998:2058682] -[_XCTestDriverTestObserver testCaseWillStart:] NetworkWrapperTests testPerformanceExample
14:22:52.097 Xcode[73139:868194] _XCT_testCaseDidStartForTestClass:NetworkWrapperTests method:testPerformanceExample
14:22:52.239 xctest[30998:2058682] -[_XCTestDriverTestObserver _testCase:didMeasureValues:forPerformanceMetricID:name:unitsOfMeasurement:baselineName:baselineAverage:maxPercentRegression:maxPercentRelativeStandardDeviation:maxRegression:maxStandardDeviation:file:line:]
14:22:52.240 Xcode[73139:868194] -[_IDETestManagerAPIMediator _XCT_testMethod:ofClass:didMeasureMetric:file:line:]
Test Case '-[NetworkWrapperTests testPerformanceExample]' started.
14:22:52.240 xctest[30998:2058682] -[_XCTestDriverTestObserver testCaseDidFinish:]
14:22:52.241 Xcode[73139:868194] _XCT_testCaseDidFinishForTestClass:NetworkWrapperTests method:testPerformanceExample withStatus:passed duration:0.356598973274231
/Users/matt/Projects/Personal/NetworkWrapper/NetworkWrapperTests/NetworkWrapperTests.m:90: Test Case '-[NetworkWrapperTests testPerformanceExample]' measured [Time, seconds] average: 0.000, relative standard deviation: 119.832%, values: [0.000003, 0.000001, 0.000000, 0.000000, 0.000000, 0.000000, 0.000000, 0.000000, 0.000000, 0.000000], performanceMetricID:com.apple.XCTPerformanceMetric_WallClockTime, baselineName: "", baselineAverage: , maxPercentRegression: 10.000%, maxPercentRelativeStandardDeviation: 10.000%, maxRegression: 0.100, maxStandardDeviation: 0.100
Test Case '-[NetworkWrapperTests testPerformanceExample]' passed (0.357 seconds).
Test Case '-[NetworkWrapperTests testSetInvalidHostLength]' started.
Test Case '-[NetworkWrapperTests testSetInvalidHostLength]' passed (0.000 seconds).
Test Case '-[NetworkWrapperTests testSetInvalidSchemeLength]' started.
Test Case '-[NetworkWrapperTests testSetInvalidSchemeLength]' passed (0.000 seconds).
Test Case '-[NetworkWrapperTests testSetNilHost]' started.
Test Case '-[NetworkWrapperTests testSetNilHost]' passed (0.000 seconds).
Test Case '-[NetworkWrapperTests testSetNilPort]' started.
Test Case '-[NetworkWrapperTests testSetNilPort]' passed (0.000 seconds).
Test Case '-[NetworkWrapperTests testSetNilScheme]' started.
Test Case '-[NetworkWrapperTests testSetNilScheme]' passed (0.000 seconds).
Test Case '-[NetworkWrapperTests testSetValidHost]' started.
Test Case '-[NetworkWrapperTests testSetValidHost]' passed (0.000 seconds).
Test Case '-[NetworkWrapperTests testSetValidPort]' started.
Test Case '-[NetworkWrapperTests testSetValidPort]' passed (0.000 seconds).
Test Case '-[NetworkWrapperTests testSetValidScheme]' started.
14:22:52.240 xctest[30998:2058682] -[_XCTestDriverTestObserver testCaseWillStart:] NetworkWrapperTests testSetInvalidHostLength
14:22:52.262 Xcode[73139:868194] _XCT_testCaseDidStartForTestClass:NetworkWrapperTests method:testSetInvalidHostLength
14:22:52.241 xctest[30998:2058682] -[_XCTestDriverTestObserver testCaseDidFinish:]
14:22:52.265 Xcode[73139:868194] _XCT_testCaseDidFinishForTestClass:NetworkWrapperTests method:testSetInvalidHostLength withStatus:passed duration:0.0003309845924377441
14:22:52.241 xctest[30998:2058682] -[_XCTestDriverTestObserver testCaseWillStart:] NetworkWrapperTests testSetInvalidSchemeLength
14:22:52.266 Xcode[73139:868194] _XCT_testCaseDidStartForTestClass:NetworkWrapperTests method:testSetInvalidSchemeLength
14:22:52.241 xctest[30998:2058682] -[_XCTestDriverTestObserver testCaseDidFinish:]
14:22:52.267 Xcode[73139:868194] _XCT_testCaseDidFinishForTestClass:NetworkWrapperTests method:testSetInvalidSchemeLength withStatus:passed duration:0.0002099871635437012
14:22:52.242 xctest[30998:2058682] -[_XCTestDriverTestObserver testCaseWillStart:] NetworkWrapperTests testSetNilHost
14:22:52.268 Xcode[73139:868194] _XCT_testCaseDidStartForTestClass:NetworkWrapperTests method:testSetNilHost
14:22:52.242 xctest[30998:2058682] -[_XCTestDriverTestObserver testCaseDidFinish:]
14:22:52.270 Xcode[73139:868194] _XCT_testCaseDidFinishForTestClass:NetworkWrapperTests method:testSetNilHost withStatus:passed duration:0.0002370476722717285
14:22:52.242 xctest[30998:2058682] -[_XCTestDriverTestObserver testCaseWillStart:] NetworkWrapperTests testSetNilPort
14:22:52.271 Xcode[73139:868194] _XCT_testCaseDidStartForTestClass:NetworkWrapperTests method:testSetNilPort
14:22:52.242 xctest[30998:2058682] -[_XCTestDriverTestObserver testCaseDidFinish:]
14:22:52.272 Xcode[73139:868194] _XCT_testCaseDidFinishForTestClass:NetworkWrapperTests method:testSetNilPort withStatus:passed duration:0.0002369880676269531
14:22:52.243 xctest[30998:2058682] -[_XCTestDriverTestObserver testCaseWillStart:] NetworkWrapperTests testSetNilScheme
14:22:52.273 Xcode[73139:868194] _XCT_testCaseDidStartForTestClass:NetworkWrapperTests method:testSetNilScheme
14:22:52.243 xctest[30998:2058682] -[_XCTestDriverTestObserver testCaseDidFinish:]
14:22:52.275 Xcode[73139:868194] _XCT_testCaseDidFinishForTestClass:NetworkWrapperTests method:testSetNilScheme withStatus:passed duration:0.0003260374069213867
14:22:52.243 xctest[30998:2058682] -[_XCTestDriverTestObserver testCaseWillStart:] NetworkWrapperTests testSetValidHost
14:22:52.276 Xcode[73139:868194] _XCT_testCaseDidStartForTestClass:NetworkWrapperTests method:testSetValidHost
14:22:52.244 xctest[30998:2058682] -[_XCTestDriverTestObserver testCaseDidFinish:]
14:22:52.278 Xcode[73139:868194] _XCT_testCaseDidFinishForTestClass:NetworkWrapperTests method:testSetValidHost withStatus:passed duration:0.000232994556427002
14:22:52.244 xctest[30998:2058682] -[_XCTestDriverTestObserver testCaseWillStart:] NetworkWrapperTests testSetValidPort
14:22:52.280 Xcode[73139:868194] _XCT_testCaseDidStartForTestClass:NetworkWrapperTests method:testSetValidPort
14:22:52.244 xctest[30998:2058682] -[_XCTestDriverTestObserver testCaseDidFinish:]
14:22:52.282 Xcode[73139:868194] _XCT_testCaseDidFinishForTestClass:NetworkWrapperTests method:testSetValidPort withStatus:passed duration:0.0003079771995544434
14:22:52.244 xctest[30998:2058682] -[_XCTestDriverTestObserver testCaseWillStart:] NetworkWrapperTests testSetValidScheme
14:22:52.283 Xcode[73139:868194] _XCT_testCaseDidStartForTestClass:NetworkWrapperTests method:testSetValidScheme
14:22:52.245 xctest[30998:2058682] -[_XCTestDriverTestObserver testCaseDidFinish:]
14:22:52.285 Xcode[73139:868194] _XCT_testCaseDidFinishForTestClass:NetworkWrapperTests method:testSetValidScheme withStatus:passed duration:0.0002840161323547363
14:22:52.245 xctest[30998:2058682] -[_XCTestDriverTestObserver testSuiteDidFinish:]
14:22:52.285 Xcode[73139:868194] _XCT_testSuite:NetworkWrapperTests didFinishAt:2016-06-01 18:22:52 +0000 runCount:12 withFailures:1 unexpected:0 testDuration:0.4465650320053101 totalDuration:0.4519889950752258
14:22:52.279 xctest[30998:2058682] -[_XCTestDriverTestObserver testSuiteDidFinish:]
14:22:52.286 Xcode[73139:868194] _XCT_testSuite:NetworkWrapperTests.xctest didFinishAt:2016-06-01 18:22:52 +0000 runCount:12 withFailures:1 unexpected:0 testDuration:0.4465650320053101 totalDuration:0.486793041229248
14:22:52.280 xctest[30998:2058682] -[_XCTestDriverTestObserver testSuiteDidFinish:]
14:22:52.286 Xcode[73139:868194] _XCT_testSuite:All tests didFinishAt:2016-06-01 18:22:52 +0000 runCount:12 withFailures:1 unexpected:0 testDuration:0.4465650320053101 totalDuration:0.4889709949493408
14:22:52.281 xctest[30998:2058682] Finished running suite.
14:22:52.281 xctest[30998:2058682] -[_XCTestDriverTestObserver testBundleDidFinish:], Flushing connection to IDE...
14:22:52.286 Xcode[73139:868194] -[_IDETestManagerAPIMediator _XCT_didFinishExecutingTestPlan]
14:22:52.286 Xcode[73139:868194] _finishWithError:(null) didCancel: 0
14:22:52.290 Xcode[73139:2057854] 686336CB-C74C-4486-83E7-6091A9A9CC11: Executable terminated at path: /Applications/Xcode.app/Contents/Developer/Platforms/iPhoneSimulator.platform/Developer/Library/Xcode/Agents/xctest (status = 256)
14:22:52.312 Xcode[73139:868194] Launch session expired.
Test Case '-[NetworkWrapperTests testSetValidScheme]' passed (0.000 seconds).
Test Suite 'NetworkWrapperTests' failed at 2016-06-01 14:22:52.245.
	 Executed 12 tests, with 1 failure (0 unexpected) in 0.447 (0.452) seconds
Test Suite 'NetworkWrapperTests.xctest' failed at 2016-06-01 14:22:52.279.
	 Executed 12 tests, with 1 failure (0 unexpected) in 0.447 (0.487) seconds
14:22:52.286 xctest[30998:2058682] Calling completion.
14:22:52.287 testmanagerd[30928:2058666] Test process connection invalidated or interrupted, closing test session <XCTestSession: 0x7fc083d1dcc0>.
14:22:52.287 testmanagerd[30928:2058639] Closed <XCTestSession: 0x7fc083d1dcc0>, removing from (
    "<XCTestSession: 0x7fc083d1dcc0>"
)
14:22:52.287 testmanagerd[30928:2058639] Tearing down test session <XCTestSession: 0x7fc083d1dcc0>.
14:22:52.288 testmanagerd[30928:2058639] Considering exiting, 0 test sessions, 2 sessions with identifiers, 0 unidentified sessions...
14:22:52.344 Xcode[73139:868194] Got death notice for pid 30998, removing from SimulatorSessionMap
14:22:51.880 xctest[30998] Request URI: https://mattsbecker.com:80/testpath
14:22:52.290 com.apple.CoreSimulator.SimDevice.686336CB-C74C-4486-83E7-6091A9A9CC11.launchd_sim[23559] Service exited with abnormal code: 1
14:22:52.308 com.apple.CoreSimulator.SimDevice.686336CB-C74C-4486-83E7-6091A9A9CC11.launchd_sim[23559] Could not resolve origin of domain. XPC services in this domain's bundle will not be bootstrapped: error = 3: No such process, taint = (untainted)
