13:18:13.410 Xcode[73139:868194] Beginning test session B131A620-2726-499B-8BE1-1C19BF27BCF3 with Xcode 7D1014 on target <DVTiPhoneSimulator: 0x7fd8c0e54890> {
		SimDevice: SimDevice : iPhone 6s Plus (686336CB-C74C-4486-83E7-6091A9A9CC11) : state={ Shutdown } deviceType={ SimDeviceType : com.apple.CoreSimulator.SimDeviceType.iPhone-6s-Plus } runtime={ SimRuntime : 9.3 (13E230) - com.apple.CoreSimulator.SimRuntime.iOS-9-3 }
} (9.3 (13E230))
13:18:13.410 Xcode[73139:868194] Launching with Xcode.DebuggerFoundation.Launcher.LLDB
13:18:13.410 Xcode[73139:868194] Initializing test infrastructure.
13:18:13.411 Xcode[73139:1982752] 686336CB-C74C-4486-83E7-6091A9A9CC11: Registered for sim device notification, got token 61
13:18:13.411 Xcode[73139:1982752] Sim iPhone 6s Plus is not booted, will wait up to 120 seconds.
13:18:13.542 Xcode[73139:868194] Launch session started, setting a disallow-finish-token on the run operation.
13:18:13.560 Xcode[73139:868194] Adding console adaptor <IDEConsoleAdaptor: 0x7fd8b35ae340 'target'> for test session B131A620-2726-499B-8BE1-1C19BF27BCF3.
13:18:13.563 Xcode[73139:1983424] 686336CB-C74C-4486-83E7-6091A9A9CC11: Registered for sim device notification, got token 62
13:18:13.592 Xcode[73139:868194] Received Ready from iPhoneSimulator
13:18:13.592 Xcode[73139:868194] Sending notification: NSConcreteNotification 0x7fd89e75b090 {name = com.apple.iphonesimulator.startSession; userInfo = {
    deviceUDID = "686336CB-C74C-4486-83E7-6091A9A9CC11";
}}
13:18:13.592 Xcode[73139:868194] Received Ready from iPhoneSimulator
13:18:13.592 Xcode[73139:868194] Sending notification: NSConcreteNotification 0x7fd8b35bfaa0 {name = com.apple.iphonesimulator.startSession; userInfo = {
    deviceUDID = "686336CB-C74C-4486-83E7-6091A9A9CC11";
}}
13:18:13.593 Xcode[73139:868194] Received Ready from iPhoneSimulator
13:18:13.593 Xcode[73139:868194] Sending notification: NSConcreteNotification 0x7fd8a64b3ba0 {name = com.apple.iphonesimulator.startSession; userInfo = {
    deviceUDID = "686336CB-C74C-4486-83E7-6091A9A9CC11";
}}
13:18:13.622 Xcode[73139:1982268] 686336CB-C74C-4486-83E7-6091A9A9CC11: Received sim device notification: {
    device = "SimDevice : iPhone 6s Plus (686336CB-C74C-4486-83E7-6091A9A9CC11) : state={ Booting } deviceType={ SimDeviceType : com.apple.CoreSimulator.SimDeviceType.iPhone-6s-Plus } runtime={ SimRuntime : 9.3 (13E230) - com.apple.CoreSimulator.SimRuntime.iOS-9-3 }";
    "new_state" = 2;
    notification = "device_state";
    "prev_state" = 1;
}
13:18:13.622 Xcode[73139:1983435] 686336CB-C74C-4486-83E7-6091A9A9CC11: Received sim device notification: {
    device = "SimDevice : iPhone 6s Plus (686336CB-C74C-4486-83E7-6091A9A9CC11) : state={ Booting } deviceType={ SimDeviceType : com.apple.CoreSimulator.SimDeviceType.iPhone-6s-Plus } runtime={ SimRuntime : 9.3 (13E230) - com.apple.CoreSimulator.SimRuntime.iOS-9-3 }";
    "new_state" = 2;
    notification = "device_state";
    "prev_state" = 1;
}
13:18:13.622 Xcode[73139:1983422] /Users/matt/Library/Developer/CoreSimulator/Devices: Received sim device set notification: {
    device = "SimDevice : iPhone 6s Plus (686336CB-C74C-4486-83E7-6091A9A9CC11) : state={ Booting } deviceType={ SimDeviceType : com.apple.CoreSimulator.SimDeviceType.iPhone-6s-Plus } runtime={ SimRuntime : 9.3 (13E230) - com.apple.CoreSimulator.SimRuntime.iOS-9-3 }";
    "new_state" = 2;
    notification = "device_state";
    "prev_state" = 1;
}
13:18:13.622 Xcode[73139:1983425] 686336CB-C74C-4486-83E7-6091A9A9CC11: Received sim device notification: {
    device = "SimDevice : iPhone 6s Plus (686336CB-C74C-4486-83E7-6091A9A9CC11) : state={ Booting } deviceType={ SimDeviceType : com.apple.CoreSimulator.SimDeviceType.iPhone-6s-Plus } runtime={ SimRuntime : 9.3 (13E230) - com.apple.CoreSimulator.SimRuntime.iOS-9-3 }";
    "new_state" = 2;
    notification = "device_state";
    "prev_state" = 1;
}
13:18:13.622 Xcode[73139:1982268] /Users/matt/Library/Developer/CoreSimulator/Devices: Received sim device set notification: {
    device = "SimDevice : iPhone 6s Plus (686336CB-C74C-4486-83E7-6091A9A9CC11) : state={ Booting } deviceType={ SimDeviceType : com.apple.CoreSimulator.SimDeviceType.iPhone-6s-Plus } runtime={ SimRuntime : 9.3 (13E230) - com.apple.CoreSimulator.SimRuntime.iOS-9-3 }";
    "new_state" = 2;
    notification = "device_state";
    "prev_state" = 1;
}
13:18:13.622 Xcode[73139:1983436] /Users/matt/Library/Developer/CoreSimulator/Devices: Received sim device set notification: {
    device = "SimDevice : iPhone 6s Plus (686336CB-C74C-4486-83E7-6091A9A9CC11) : state={ Booting } deviceType={ SimDeviceType : com.apple.CoreSimulator.SimDeviceType.iPhone-6s-Plus } runtime={ SimRuntime : 9.3 (13E230) - com.apple.CoreSimulator.SimRuntime.iOS-9-3 }";
    "new_state" = 2;
    notification = "device_state";
    "prev_state" = 1;
}
13:18:13.622 Xcode[73139:1983434] /Users/matt/Library/Developer/CoreSimulator/Devices: Received sim device set notification: {
    device = "SimDevice : iPhone 6s Plus (686336CB-C74C-4486-83E7-6091A9A9CC11) : state={ Booting } deviceType={ SimDeviceType : com.apple.CoreSimulator.SimDeviceType.iPhone-6s-Plus } runtime={ SimRuntime : 9.3 (13E230) - com.apple.CoreSimulator.SimRuntime.iOS-9-3 }";
    "new_state" = 2;
    notification = "device_state";
    "prev_state" = 1;
}
13:18:13.622 Xcode[73139:1983306] /Users/matt/Library/Developer/CoreSimulator/Devices: Received sim device set notification: {
    device = "SimDevice : iPhone 6s Plus (686336CB-C74C-4486-83E7-6091A9A9CC11) : state={ Booting } deviceType={ SimDeviceType : com.apple.CoreSimulator.SimDeviceType.iPhone-6s-Plus } runtime={ SimRuntime : 9.3 (13E230) - com.apple.CoreSimulator.SimRuntime.iOS-9-3 }";
    "new_state" = 2;
    notification = "device_state";
    "prev_state" = 1;
}
13:18:13.622 Xcode[73139:1983437] /Users/matt/Library/Developer/CoreSimulator/Devices: Received sim device set notification: {
    device = "SimDevice : iPhone 6s Plus (686336CB-C74C-4486-83E7-6091A9A9CC11) : state={ Booting } deviceType={ SimDeviceType : com.apple.CoreSimulator.SimDeviceType.iPhone-6s-Plus } runtime={ SimRuntime : 9.3 (13E230) - com.apple.CoreSimulator.SimRuntime.iOS-9-3 }";
    "new_state" = 2;
    notification = "device_state";
    "prev_state" = 1;
}
13:18:13.622 Xcode[73139:1983467] /Users/matt/Library/Developer/CoreSimulator/Devices: Received sim device set notification: {
    device = "SimDevice : iPhone 6s Plus (686336CB-C74C-4486-83E7-6091A9A9CC11) : state={ Booting } deviceType={ SimDeviceType : com.apple.CoreSimulator.SimDeviceType.iPhone-6s-Plus } runtime={ SimRuntime : 9.3 (13E230) - com.apple.CoreSimulator.SimRuntime.iOS-9-3 }";
    "new_state" = 2;
    notification = "device_state";
    "prev_state" = 1;
}
13:18:13.622 Xcode[73139:1983435] /Users/matt/Library/Developer/CoreSimulator/Devices: Received sim device set notification: {
    device = "SimDevice : iPhone 6s Plus (686336CB-C74C-4486-83E7-6091A9A9CC11) : state={ Booting } deviceType={ SimDeviceType : com.apple.CoreSimulator.SimDeviceType.iPhone-6s-Plus } runtime={ SimRuntime : 9.3 (13E230) - com.apple.CoreSimulator.SimRuntime.iOS-9-3 }";
    "new_state" = 2;
    notification = "device_state";
    "prev_state" = 1;
}
13:18:13.622 Xcode[73139:1982263] /Users/matt/Library/Developer/CoreSimulator/Devices: Received sim device set notification: {
    device = "SimDevice : iPhone 6s Plus (686336CB-C74C-4486-83E7-6091A9A9CC11) : state={ Booting } deviceType={ SimDeviceType : com.apple.CoreSimulator.SimDeviceType.iPhone-6s-Plus } runtime={ SimRuntime : 9.3 (13E230) - com.apple.CoreSimulator.SimRuntime.iOS-9-3 }";
    "new_state" = 2;
    notification = "device_state";
    "prev_state" = 1;
}
13:18:13.622 Xcode[73139:1983422] /Users/matt/Library/Developer/CoreSimulator/Devices: Received sim device set notification: {
    device = "SimDevice : iPhone 6s Plus (686336CB-C74C-4486-83E7-6091A9A9CC11) : state={ Booting } deviceType={ SimDeviceType : com.apple.CoreSimulator.SimDeviceType.iPhone-6s-Plus } runtime={ SimRuntime : 9.3 (13E230) - com.apple.CoreSimulator.SimRuntime.iOS-9-3 }";
    "new_state" = 2;
    notification = "device_state";
    "prev_state" = 1;
}
13:18:13.622 Xcode[73139:1982268] /Users/matt/Library/Developer/CoreSimulator/Devices: Received sim device set notification: {
    device = "SimDevice : iPhone 6s Plus (686336CB-C74C-4486-83E7-6091A9A9CC11) : state={ Booting } deviceType={ SimDeviceType : com.apple.CoreSimulator.SimDeviceType.iPhone-6s-Plus } runtime={ SimRuntime : 9.3 (13E230) - com.apple.CoreSimulator.SimRuntime.iOS-9-3 }";
    "new_state" = 2;
    notification = "device_state";
    "prev_state" = 1;
}
13:18:13.622 Xcode[73139:1983436] /Users/matt/Library/Developer/CoreSimulator/Devices: Received sim device set notification: {
    device = "SimDevice : iPhone 6s Plus (686336CB-C74C-4486-83E7-6091A9A9CC11) : state={ Booting } deviceType={ SimDeviceType : com.apple.CoreSimulator.SimDeviceType.iPhone-6s-Plus } runtime={ SimRuntime : 9.3 (13E230) - com.apple.CoreSimulator.SimRuntime.iOS-9-3 }";
    "new_state" = 2;
    notification = "device_state";
    "prev_state" = 1;
}
13:18:13.622 Xcode[73139:1983306] /Users/matt/Library/Developer/CoreSimulator/Devices: Received sim device set notification: {
    device = "SimDevice : iPhone 6s Plus (686336CB-C74C-4486-83E7-6091A9A9CC11) : state={ Booting } deviceType={ SimDeviceType : com.apple.CoreSimulator.SimDeviceType.iPhone-6s-Plus } runtime={ SimRuntime : 9.3 (13E230) - com.apple.CoreSimulator.SimRuntime.iOS-9-3 }";
    "new_state" = 2;
    notification = "device_state";
    "prev_state" = 1;
}
13:18:13.622 Xcode[73139:1983425] Got a sim device notification for iPhone 6s Plus: {
    device = "SimDevice : iPhone 6s Plus (686336CB-C74C-4486-83E7-6091A9A9CC11) : state={ Booting } deviceType={ SimDeviceType : com.apple.CoreSimulator.SimDeviceType.iPhone-6s-Plus } runtime={ SimRuntime : 9.3 (13E230) - com.apple.CoreSimulator.SimRuntime.iOS-9-3 }";
    "new_state" = 2;
    notification = "device_state";
    "prev_state" = 1;
}
13:18:13.622 Xcode[73139:1983437] /Users/matt/Library/Developer/CoreSimulator/Devices: Received sim device set notification: {
    device = "SimDevice : iPhone 6s Plus (686336CB-C74C-4486-83E7-6091A9A9CC11) : state={ Booting } deviceType={ SimDeviceType : com.apple.CoreSimulator.SimDeviceType.iPhone-6s-Plus } runtime={ SimRuntime : 9.3 (13E230) - com.apple.CoreSimulator.SimRuntime.iOS-9-3 }";
    "new_state" = 2;
    notification = "device_state";
    "prev_state" = 1;
}
13:18:13.622 Xcode[73139:1983467] /Users/matt/Library/Developer/CoreSimulator/Devices: Received sim device set notification: {
    device = "SimDevice : iPhone 6s Plus (686336CB-C74C-4486-83E7-6091A9A9CC11) : state={ Booting } deviceType={ SimDeviceType : com.apple.CoreSimulator.SimDeviceType.iPhone-6s-Plus } runtime={ SimRuntime : 9.3 (13E230) - com.apple.CoreSimulator.SimRuntime.iOS-9-3 }";
    "new_state" = 2;
    notification = "device_state";
    "prev_state" = 1;
}
13:18:13.622 Xcode[73139:1983425] Sim iPhone 6s Plus state changed to 2
13:18:13.622 Xcode[73139:1983435] /Users/matt/Library/Developer/CoreSimulator/Devices: Received sim device set notification: {
    device = "SimDevice : iPhone 6s Plus (686336CB-C74C-4486-83E7-6091A9A9CC11) : state={ Booting } deviceType={ SimDeviceType : com.apple.CoreSimulator.SimDeviceType.iPhone-6s-Plus } runtime={ SimRuntime : 9.3 (13E230) - com.apple.CoreSimulator.SimRuntime.iOS-9-3 }";
    "new_state" = 2;
    notification = "device_state";
    "prev_state" = 1;
}
13:18:13.670 Xcode[73139:1983467] 686336CB-C74C-4486-83E7-6091A9A9CC11: Received sim device notification: {
    device = "SimDevice : iPhone 6s Plus (686336CB-C74C-4486-83E7-6091A9A9CC11) : state={ Booted } deviceType={ SimDeviceType : com.apple.CoreSimulator.SimDeviceType.iPhone-6s-Plus } runtime={ SimRuntime : 9.3 (13E230) - com.apple.CoreSimulator.SimRuntime.iOS-9-3 }";
    "new_state" = 3;
    notification = "device_state";
    "prev_state" = 2;
}
13:18:13.670 Xcode[73139:1983435] 686336CB-C74C-4486-83E7-6091A9A9CC11: Received sim device notification: {
    device = "SimDevice : iPhone 6s Plus (686336CB-C74C-4486-83E7-6091A9A9CC11) : state={ Booted } deviceType={ SimDeviceType : com.apple.CoreSimulator.SimDeviceType.iPhone-6s-Plus } runtime={ SimRuntime : 9.3 (13E230) - com.apple.CoreSimulator.SimRuntime.iOS-9-3 }";
    "new_state" = 3;
    notification = "device_state";
    "prev_state" = 2;
}
13:18:13.670 Xcode[73139:1983436] /Users/matt/Library/Developer/CoreSimulator/Devices: Received sim device set notification: {
    device = "SimDevice : iPhone 6s Plus (686336CB-C74C-4486-83E7-6091A9A9CC11) : state={ Booted } deviceType={ SimDeviceType : com.apple.CoreSimulator.SimDeviceType.iPhone-6s-Plus } runtime={ SimRuntime : 9.3 (13E230) - com.apple.CoreSimulator.SimRuntime.iOS-9-3 }";
    "new_state" = 3;
    notification = "device_state";
    "prev_state" = 2;
}
13:18:13.670 Xcode[73139:1983435] /Users/matt/Library/Developer/CoreSimulator/Devices: Received sim device set notification: {
    device = "SimDevice : iPhone 6s Plus (686336CB-C74C-4486-83E7-6091A9A9CC11) : state={ Booted } deviceType={ SimDeviceType : com.apple.CoreSimulator.SimDeviceType.iPhone-6s-Plus } runtime={ SimRuntime : 9.3 (13E230) - com.apple.CoreSimulator.SimRuntime.iOS-9-3 }";
    "new_state" = 3;
    notification = "device_state";
    "prev_state" = 2;
}
13:18:13.670 Xcode[73139:1983437] /Users/matt/Library/Developer/CoreSimulator/Devices: Received sim device set notification: {
    device = "SimDevice : iPhone 6s Plus (686336CB-C74C-4486-83E7-6091A9A9CC11) : state={ Booted } deviceType={ SimDeviceType : com.apple.CoreSimulator.SimDeviceType.iPhone-6s-Plus } runtime={ SimRuntime : 9.3 (13E230) - com.apple.CoreSimulator.SimRuntime.iOS-9-3 }";
    "new_state" = 3;
    notification = "device_state";
    "prev_state" = 2;
}
13:18:13.670 Xcode[73139:1983437] 686336CB-C74C-4486-83E7-6091A9A9CC11: Unregistering for sim device notification with token 62
13:18:13.670 Xcode[73139:1983306] /Users/matt/Library/Developer/CoreSimulator/Devices: Received sim device set notification: {
    device = "SimDevice : iPhone 6s Plus (686336CB-C74C-4486-83E7-6091A9A9CC11) : state={ Booted } deviceType={ SimDeviceType : com.apple.CoreSimulator.SimDeviceType.iPhone-6s-Plus } runtime={ SimRuntime : 9.3 (13E230) - com.apple.CoreSimulator.SimRuntime.iOS-9-3 }";
    "new_state" = 3;
    notification = "device_state";
    "prev_state" = 2;
}
13:18:13.670 Xcode[73139:1983436] /Users/matt/Library/Developer/CoreSimulator/Devices: Received sim device set notification: {
    device = "SimDevice : iPhone 6s Plus (686336CB-C74C-4486-83E7-6091A9A9CC11) : state={ Booted } deviceType={ SimDeviceType : com.apple.CoreSimulator.SimDeviceType.iPhone-6s-Plus } runtime={ SimRuntime : 9.3 (13E230) - com.apple.CoreSimulator.SimRuntime.iOS-9-3 }";
    "new_state" = 3;
    notification = "device_state";
    "prev_state" = 2;
}
13:18:13.670 Xcode[73139:1982268] /Users/matt/Library/Developer/CoreSimulator/Devices: Received sim device set notification: {
    device = "SimDevice : iPhone 6s Plus (686336CB-C74C-4486-83E7-6091A9A9CC11) : state={ Booted } deviceType={ SimDeviceType : com.apple.CoreSimulator.SimDeviceType.iPhone-6s-Plus } runtime={ SimRuntime : 9.3 (13E230) - com.apple.CoreSimulator.SimRuntime.iOS-9-3 }";
    "new_state" = 3;
    notification = "device_state";
    "prev_state" = 2;
}
13:18:13.670 Xcode[73139:1983422] /Users/matt/Library/Developer/CoreSimulator/Devices: Received sim device set notification: {
    device = "SimDevice : iPhone 6s Plus (686336CB-C74C-4486-83E7-6091A9A9CC11) : state={ Booted } deviceType={ SimDeviceType : com.apple.CoreSimulator.SimDeviceType.iPhone-6s-Plus } runtime={ SimRuntime : 9.3 (13E230) - com.apple.CoreSimulator.SimRuntime.iOS-9-3 }";
    "new_state" = 3;
    notification = "device_state";
    "prev_state" = 2;
}
13:18:13.670 Xcode[73139:1983437] /Users/matt/Library/Developer/CoreSimulator/Devices: Received sim device set notification: {
    device = "SimDevice : iPhone 6s Plus (686336CB-C74C-4486-83E7-6091A9A9CC11) : state={ Booted } deviceType={ SimDeviceType : com.apple.CoreSimulator.SimDeviceType.iPhone-6s-Plus } runtime={ SimRuntime : 9.3 (13E230) - com.apple.CoreSimulator.SimRuntime.iOS-9-3 }";
    "new_state" = 3;
    notification = "device_state";
    "prev_state" = 2;
}
13:18:13.670 Xcode[73139:1983434] /Users/matt/Library/Developer/CoreSimulator/Devices: Received sim device set notification: {
    device = "SimDevice : iPhone 6s Plus (686336CB-C74C-4486-83E7-6091A9A9CC11) : state={ Booted } deviceType={ SimDeviceType : com.apple.CoreSimulator.SimDeviceType.iPhone-6s-Plus } runtime={ SimRuntime : 9.3 (13E230) - com.apple.CoreSimulator.SimRuntime.iOS-9-3 }";
    "new_state" = 3;
    notification = "device_state";
    "prev_state" = 2;
}
13:18:13.670 Xcode[73139:1982263] /Users/matt/Library/Developer/CoreSimulator/Devices: Received sim device set notification: {
    device = "SimDevice : iPhone 6s Plus (686336CB-C74C-4486-83E7-6091A9A9CC11) : state={ Booted } deviceType={ SimDeviceType : com.apple.CoreSimulator.SimDeviceType.iPhone-6s-Plus } runtime={ SimRuntime : 9.3 (13E230) - com.apple.CoreSimulator.SimRuntime.iOS-9-3 }";
    "new_state" = 3;
    notification = "device_state";
    "prev_state" = 2;
}
13:18:13.670 Xcode[73139:1983306] /Users/matt/Library/Developer/CoreSimulator/Devices: Received sim device set notification: {
    device = "SimDevice : iPhone 6s Plus (686336CB-C74C-4486-83E7-6091A9A9CC11) : state={ Booted } deviceType={ SimDeviceType : com.apple.CoreSimulator.SimDeviceType.iPhone-6s-Plus } runtime={ SimRuntime : 9.3 (13E230) - com.apple.CoreSimulator.SimRuntime.iOS-9-3 }";
    "new_state" = 3;
    notification = "device_state";
    "prev_state" = 2;
}
13:18:13.670 Xcode[73139:1983467] /Users/matt/Library/Developer/CoreSimulator/Devices: Received sim device set notification: {
    device = "SimDevice : iPhone 6s Plus (686336CB-C74C-4486-83E7-6091A9A9CC11) : state={ Booted } deviceType={ SimDeviceType : com.apple.CoreSimulator.SimDeviceType.iPhone-6s-Plus } runtime={ SimRuntime : 9.3 (13E230) - com.apple.CoreSimulator.SimRuntime.iOS-9-3 }";
    "new_state" = 3;
    notification = "device_state";
    "prev_state" = 2;
}
13:18:13.671 Xcode[73139:1983436] /Users/matt/Library/Developer/CoreSimulator/Devices: Received sim device set notification: {
    device = "SimDevice : iPhone 6s Plus (686336CB-C74C-4486-83E7-6091A9A9CC11) : state={ Booted } deviceType={ SimDeviceType : com.apple.CoreSimulator.SimDeviceType.iPhone-6s-Plus } runtime={ SimRuntime : 9.3 (13E230) - com.apple.CoreSimulator.SimRuntime.iOS-9-3 }";
    "new_state" = 3;
    notification = "device_state";
    "prev_state" = 2;
}
13:18:13.671 Xcode[73139:1982268] 686336CB-C74C-4486-83E7-6091A9A9CC11: Spawning executable at path: /Applications/Xcode.app/Contents/Developer/Platforms/iPhoneSimulator.platform/Developer/Library/Xcode/Agents/xctest and options: {
    arguments =     (
        "/Applications/Xcode.app/Contents/Developer/Platforms/iPhoneSimulator.platform/Developer/Library/Xcode/Agents/xctest",
        "-NSTreatUnknownArgumentsAsOpen",
        NO,
        "-ApplePersistenceIgnoreState",
        YES
    );
    binpref = "x86_64";
    environment =     {
        "DTX_CONNECTION_SERVICES_PATH" = "/Applications/Xcode.app/Contents/Developer/Platforms/iPhoneSimulator.platform/Developer/SDKs/iPhoneSimulator.sdk/Developer/Library/PrivateFrameworks/DTXConnectionServices.framework";
        "DYLD_FRAMEWORK_PATH" = "/Users/matt/Projects/Personal/NetworkWrapper/DerivedData/NetworkWrapper/Build/Products/Debug-iphonesimulator:/Applications/Xcode.app/Contents/Developer/Platforms/iPhoneSimulator.platform/Developer/Library/Frameworks";
        "DYLD_LIBRARY_PATH" = "/Users/matt/Projects/Personal/NetworkWrapper/DerivedData/NetworkWrapper/Build/Products/Debug-iphonesimulator:/Applications/Xcode.app/Contents/Developer/Platforms/iPhoneSimulator.platform/Developer/Library/Frameworks";
        NSUnbufferedIO = YES;
        "OBJC_DISABLE_GC" = YES;
        "XCODE_DBG_XPC_EXCLUSIONS" = "com.apple.dt.xctestSymbolicator";
        XCTestConfigurationFilePath = "/Users/matt/Projects/Personal/NetworkWrapper/DerivedData/NetworkWrapper/Build/Products/Debug-iphonesimulator/NetworkWrapperTests.xctest/NetworkWrapperTests-B131A620-2726-499B-8BE1-1C19BF27BCF3.xctestconfiguration";
    };
    stderr = 162;
    stdin = 160;
    stdout = 161;
    "wait_for_debugger" = 1;
}
13:18:13.671 Xcode[73139:1983468] /Users/matt/Library/Developer/CoreSimulator/Devices: Received sim device set notification: {
    device = "SimDevice : iPhone 6s Plus (686336CB-C74C-4486-83E7-6091A9A9CC11) : state={ Booted } deviceType={ SimDeviceType : com.apple.CoreSimulator.SimDeviceType.iPhone-6s-Plus } runtime={ SimRuntime : 9.3 (13E230) - com.apple.CoreSimulator.SimRuntime.iOS-9-3 }";
    "new_state" = 3;
    notification = "device_state";
    "prev_state" = 2;
}
13:18:13.671 Xcode[73139:1983466] 686336CB-C74C-4486-83E7-6091A9A9CC11: Received sim device notification: {
    device = "SimDevice : iPhone 6s Plus (686336CB-C74C-4486-83E7-6091A9A9CC11) : state={ Booted } deviceType={ SimDeviceType : com.apple.CoreSimulator.SimDeviceType.iPhone-6s-Plus } runtime={ SimRuntime : 9.3 (13E230) - com.apple.CoreSimulator.SimRuntime.iOS-9-3 }";
    "new_state" = 3;
    notification = "device_state";
    "prev_state" = 2;
}
13:18:13.671 Xcode[73139:1983435] /Users/matt/Library/Developer/CoreSimulator/Devices: Received sim device set notification: {
    device = "SimDevice : iPhone 6s Plus (686336CB-C74C-4486-83E7-6091A9A9CC11) : state={ Booted } deviceType={ SimDeviceType : com.apple.CoreSimulator.SimDeviceType.iPhone-6s-Plus } runtime={ SimRuntime : 9.3 (13E230) - com.apple.CoreSimulator.SimRuntime.iOS-9-3 }";
    "new_state" = 3;
    notification = "device_state";
    "prev_state" = 2;
}
13:18:13.671 Xcode[73139:1983496] /Users/matt/Library/Developer/CoreSimulator/Devices: Received sim device set notification: {
    device = "SimDevice : iPhone 6s Plus (686336CB-C74C-4486-83E7-6091A9A9CC11) : state={ Booted } deviceType={ SimDeviceType : com.apple.CoreSimulator.SimDeviceType.iPhone-6s-Plus } runtime={ SimRuntime : 9.3 (13E230) - com.apple.CoreSimulator.SimRuntime.iOS-9-3 }";
    "new_state" = 3;
    notification = "device_state";
    "prev_state" = 2;
}
13:18:13.671 Xcode[73139:1983466] Got a sim device notification for iPhone 6s Plus: {
    device = "SimDevice : iPhone 6s Plus (686336CB-C74C-4486-83E7-6091A9A9CC11) : state={ Booted } deviceType={ SimDeviceType : com.apple.CoreSimulator.SimDeviceType.iPhone-6s-Plus } runtime={ SimRuntime : 9.3 (13E230) - com.apple.CoreSimulator.SimRuntime.iOS-9-3 }";
    "new_state" = 3;
    notification = "device_state";
    "prev_state" = 2;
}
13:18:13.671 Xcode[73139:1983466] Sim iPhone 6s Plus state changed to 3
13:18:13.671 Xcode[73139:1982752] 686336CB-C74C-4486-83E7-6091A9A9CC11: Unregistering for sim device notification with token 61
13:18:13.671 Xcode[73139:1982752] Sim iPhone 6s Plus is booted (state = 3)
13:18:13.671 Xcode[73139:1982752] Calling -[SimDevice getenv:error:] for TESTMANAGERD_SIM_SOCK
13:18:13.707 Xcode[73139:1982752] Returning /private/tmp/com.apple.launchd.DOy9JvDCzK/com.apple.testmanagerd.unix-domain.socket for TESTMANAGERD_SIM_SOCK
13:18:13.708 Xcode[73139:1982752] Sim iPhone 6s Plus has testmanagerd socket at /private/tmp/com.apple.launchd.DOy9JvDCzK/com.apple.testmanagerd.unix-domain.socket
13:18:13.708 Xcode[73139:1982752] Connected to testmanagerd socket for Sim iPhone 6s Plus
13:18:13.708 Xcode[73139:1982752] Creating the connection.
13:18:13.708 Xcode[73139:1982752] Listening for proxy connection request from the test bundle (all platforms)
13:18:13.708 Xcode[73139:1982752] Resuming the connection.
13:18:13.708 Xcode[73139:1982752] Test connection requires daemon assistance.
13:18:13.708 Xcode[73139:868194] Checking test manager availability..., will wait up to 120s
13:18:13.708 Xcode[73139:868194] Starting test session with ID <__NSConcreteUUID 0x7fd8a467ad70> B131A620-2726-499B-8BE1-1C19BF27BCF3
13:18:13.728 Xcode[73139:1983433] 686336CB-C74C-4486-83E7-6091A9A9CC11: Spawned executable at path: /Applications/Xcode.app/Contents/Developer/Platforms/iPhoneSimulator.platform/Developer/Library/Xcode/Agents/xctest with options: {
    arguments =     (
        "/Applications/Xcode.app/Contents/Developer/Platforms/iPhoneSimulator.platform/Developer/Library/Xcode/Agents/xctest",
        "-NSTreatUnknownArgumentsAsOpen",
        NO,
        "-ApplePersistenceIgnoreState",
        YES
    );
    binpref = "x86_64";
    environment =     {
        "DTX_CONNECTION_SERVICES_PATH" = "/Applications/Xcode.app/Contents/Developer/Platforms/iPhoneSimulator.platform/Developer/SDKs/iPhoneSimulator.sdk/Developer/Library/PrivateFrameworks/DTXConnectionServices.framework";
        "DYLD_FRAMEWORK_PATH" = "/Users/matt/Projects/Personal/NetworkWrapper/DerivedData/NetworkWrapper/Build/Products/Debug-iphonesimulator:/Applications/Xcode.app/Contents/Developer/Platforms/iPhoneSimulator.platform/Developer/Library/Frameworks";
        "DYLD_LIBRARY_PATH" = "/Users/matt/Projects/Personal/NetworkWrapper/DerivedData/NetworkWrapper/Build/Products/Debug-iphonesimulator:/Applications/Xcode.app/Contents/Developer/Platforms/iPhoneSimulator.platform/Developer/Library/Frameworks";
        NSUnbufferedIO = YES;
        "OBJC_DISABLE_GC" = YES;
        "XCODE_DBG_XPC_EXCLUSIONS" = "com.apple.dt.xctestSymbolicator";
        XCTestConfigurationFilePath = "/Users/matt/Projects/Personal/NetworkWrapper/DerivedData/NetworkWrapper/Build/Products/Debug-iphonesimulator/NetworkWrapperTests.xctest/NetworkWrapperTests-B131A620-2726-499B-8BE1-1C19BF27BCF3.xctestconfiguration";
    };
    stderr = 162;
    stdin = 160;
    stdout = 161;
    "wait_for_debugger" = 1;
} (pid = 23561)
13:18:13.728 Xcode[73139:1983433] Tracking pid 23561 for simulator <DVTiPhoneSimulator: 0x7fd8c0e54890> {
		SimDevice: SimDevice : iPhone 6s Plus (686336CB-C74C-4486-83E7-6091A9A9CC11) : state={ Booted } deviceType={ SimDeviceType : com.apple.CoreSimulator.SimDeviceType.iPhone-6s-Plus } runtime={ SimRuntime : 9.3 (13E230) - com.apple.CoreSimulator.SimRuntime.iOS-9-3 }
}
13:18:13.728 Xcode[73139:1983433] Checking to see if pid 23561 is valid: kill(pid, 0) = 0 (YES, it's still running)
13:18:13.728 Xcode[73139:1983433] Setting up DVTNotifyOnProcDeath for pid 23561
13:18:13.730 Xcode[73139:1983433] Checking to see if pid 23561 is valid: kill(pid, 0) = 0 (YES, it's still running)
13:18:13.734 Xcode[73139:1983433] 686336CB-C74C-4486-83E7-6091A9A9CC11: Registered for sim device notification, got token 63
13:18:13.734 Xcode[73139:1983424] 686336CB-C74C-4486-83E7-6091A9A9CC11: Unregistering for sim device notification with token 63
13:18:14.641 Xcode[73139:868194] Received Ready from iPhoneSimulator
13:18:14.642 Xcode[73139:868194] Sending notification: NSConcreteNotification 0x7fd8c2a42130 {name = com.apple.iphonesimulator.startSession; userInfo = {
    deviceUDID = "686336CB-C74C-4486-83E7-6091A9A9CC11";
}}
13:18:15.374 Xcode[73139:1982752] testmanagerd handled session request.
13:18:15.374 Xcode[73139:868194] Waiting for test process to launch.
13:18:16.281 Xcode[73139:868194] Launch session finished initial intensive file IO.
13:18:16.281 Xcode[73139:868194] Waiting for test process to check in..., will wait up to 120s
13:18:16.771 Xcode[73139:1983435] Got proxy channel request from test bundle
13:18:16.771 Xcode[73139:1983435] Test bundle is ready, running protocol 16, requires at least version 8. IDE is running 16 and requires at least 8
13:18:16.771 Xcode[73139:1982752] Creating secondary transport and connection for whitelisting test process PID.
13:18:16.771 Xcode[73139:1982752] 686336CB-C74C-4486-83E7-6091A9A9CC11: Registered for sim device notification, got token 64
13:18:16.771 Xcode[73139:1982752] 686336CB-C74C-4486-83E7-6091A9A9CC11: Unregistering for sim device notification with token 64
13:18:16.771 Xcode[73139:1982752] Sim iPhone 6s Plus is booted (state = 3)
13:18:16.771 Xcode[73139:1982752] Calling -[SimDevice getenv:error:] for TESTMANAGERD_SIM_SOCK
13:18:16.772 Xcode[73139:1982752] Returning /private/tmp/com.apple.launchd.DOy9JvDCzK/com.apple.testmanagerd.unix-domain.socket for TESTMANAGERD_SIM_SOCK
13:18:16.772 Xcode[73139:1982752] Sim iPhone 6s Plus has testmanagerd socket at /private/tmp/com.apple.launchd.DOy9JvDCzK/com.apple.testmanagerd.unix-domain.socket
13:18:16.772 Xcode[73139:1982752] Connected to testmanagerd socket for Sim iPhone 6s Plus
13:18:16.772 Xcode[73139:1982752] Creating the connection.
13:18:16.772 Xcode[73139:1982752] Resuming the secondary connection.
13:18:16.773 Xcode[73139:1982752] Whitelisting test process ID 23561
13:18:15.367 testmanagerd[23585:1983529] Launched testmanagerd from /Applications/Xcode.app/Contents/Developer/Platforms/iPhoneSimulator.platform/Developer/SDKs/iPhoneSimulator.sdk/usr/libexec/testmanagerd, built at Friday, March 4, 2016 at 6:23:46 PM Eastern Standard Time
13:18:15.368 testmanagerd[23585:1983901] IDE connected over socket 6 (__47-[XCTestManagerIDEServer initWithListenSocket:]_block_invoke)
13:18:15.368 testmanagerd[23585:1983529] Setting availability state.
13:18:15.368 testmanagerd[23585:1983901] Created session with socket 6
13:18:15.369 testmanagerd[23585:1983529] Posting availability to test bundles...
13:18:15.373 testmanagerd[23585:1983901] Handled a proxy request from the IDE with session <XCIDESession: 0x7fd13b50f800> proxy <_DTXProxy: 0x7fd13b603c20>
13:18:15.373 testmanagerd[23585:1983529] __84-[XCIDESession _IDE_initiateSessionWithIdentifier:forClient:atPath:protocolVersion:]_block_invoke <__NSConcreteUUID 0x7fd13db01ef0> B131A620-2726-499B-8BE1-1C19BF27BCF3 1 6 from client C5EA0B47-C901-4B45-AA2B-56F27D18AD42-73139-0000405AF26AC35C (/Applications/Xcode.app)
13:18:15.373 testmanagerd[23585:1983901] __45-[XCTestManager setIDESession:forIdentifier:]_block_invoke <XCIDESession: 0x7fd13b50f800> -> <__NSConcreteUUID 0x7fd13db01ef0> B131A620-2726-499B-8BE1-1C19BF27BCF3
13:18:15.373 testmanagerd[23585:1983901] -[XCTestManager _handleRequestForSessionWithIdentifier:]
13:18:16.566 testmanagerd[23585:1983904] Received new test session connection (-[XCTestManager listener:shouldAcceptNewConnection:])
13:18:16.567 testmanagerd[23585:1983529] Initial orientation 0
13:18:16.568 testmanagerd[23585:1983901] Test session <__NSConcreteUUID 0x7fd13d814530> B131A620-2726-499B-8BE1-1C19BF27BCF3 requested socket (-[XCTestSession _XCT_requestSocketForSessionIdentifier:reply:])
13:18:16.568 testmanagerd[23585:1983904] Test session <__NSConcreteUUID 0x7fd13d814530> B131A620-2726-499B-8BE1-1C19BF27BCF3 requested socket (__57-[XCTestManager requestSocketForSessionIdentifier:reply:]_block_invoke)
13:18:16.568 testmanagerd[23585:1983904] -[XCTestManager _handleRequestForSessionWithIdentifier:]
13:18:16.568 testmanagerd[23585:1983904] Closing IDE connection before sending socket 8 to test host.
13:18:16.568 testmanagerd[23585:1983904] -[XCIDESession closeIDEConnection:] sending barrier
13:18:16.568 testmanagerd[23585:1983529] barrier flushed, closing DTXConnection to IDE, socket will not be closed
13:18:16.568 testmanagerd[23585:1983907] Socket disconnected
13:18:16.568 testmanagerd[23585:1983900] __33-[XCTestManager closeIDESession:]_block_invoke <XCIDESession: 0x7fd13b50f800>
13:18:16.569 testmanagerd[23585:1983900] Considering exiting, 1 test sessions, 0 sessions with identifiers, 0 unidentified sessions...
13:18:16.766 testmanagerd[23585:1983529] Sending socket 8 to test host
13:18:16.767 testmanagerd[23585:1983904] __33-[XCTestManager closeIDESession:]_block_invoke <XCIDESession: 0x7fd13b50f800>
13:18:16.767 testmanagerd[23585:1983904] Considering exiting, 1 test sessions, 0 sessions with identifiers, 0 unidentified sessions...
13:18:16.772 testmanagerd[23585:1983904] IDE connected over socket 7 (__47-[XCTestManagerIDEServer initWithListenSocket:]_block_invoke)
13:18:16.772 testmanagerd[23585:1983904] Created session with socket 7
13:18:16.774 testmanagerd[23585:1983991] Handled a proxy request from the IDE with session <XCIDESession: 0x7fd13b701c30> proxy <_DTXProxy: 0x7fd13b601b50>
13:18:16.775 testmanagerd[23585:1983991] -[XCIDESession _IDE_initiateControlSessionForTestProcessID:protocolVersion:] 23561 16
13:18:16.775 testmanagerd[23585:1983529] Set control session <XCIDESession: 0x7fd13b701c30> with proto 16 and proxy <_DTXProxy: 0x7fd13b601b50>
13:18:16.819 Xcode[73139:1983425] Got whitelisting response and daemon protocol version 16
13:18:16.525 xctest[23561:1983497] Linked XCTest.framework from /Applications/Xcode.app/Contents/Developer/Platforms/iPhoneSimulator.platform/Developer/Library/Frameworks/XCTest.framework/XCTest, built at Tuesday, March 15, 2016 at 8:32:00 PM Eastern Daylight Time
13:18:16.525 xctest[23561:1983497] Process arguments: (
    "/Applications/Xcode.app/Contents/Developer/Platforms/iPhoneSimulator.platform/Developer/Library/Xcode/Agents/xctest",
    "-NSTreatUnknownArgumentsAsOpen",
    NO,
    "-ApplePersistenceIgnoreState",
    YES
)
13:18:16.526 xctest[23561:1983497] Process environment: {
    "CFFIXED_USER_HOME" = "/Users/matt/Library/Developer/CoreSimulator/Devices/686336CB-C74C-4486-83E7-6091A9A9CC11/data";
    "CUPS_SERVER" = "/private/tmp/com.apple.launchd.yvcRlmBQx0/Listeners";
    "DTX_CONNECTION_SERVICES_PATH" = "/Applications/Xcode.app/Contents/Developer/Platforms/iPhoneSimulator.platform/Developer/SDKs/iPhoneSimulator.sdk/Developer/Library/PrivateFrameworks/DTXConnectionServices.framework";
    "DYLD_FALLBACK_FRAMEWORK_PATH" = "/Applications/Xcode.app/Contents/Developer/Platforms/iPhoneSimulator.platform/Developer/SDKs/iPhoneSimulator.sdk/System/Library/Frameworks";
    "DYLD_FALLBACK_LIBRARY_PATH" = "/Applications/Xcode.app/Contents/Developer/Platforms/iPhoneSimulator.platform/Developer/SDKs/iPhoneSimulator.sdk/usr/lib";
    "DYLD_FRAMEWORK_PATH" = "/Users/matt/Projects/Personal/NetworkWrapper/DerivedData/NetworkWrapper/Build/Products/Debug-iphonesimulator:/Applications/Xcode.app/Contents/Developer/Platforms/iPhoneSimulator.platform/Developer/Library/Frameworks";
    "DYLD_LIBRARY_PATH" = "/Users/matt/Projects/Personal/NetworkWrapper/DerivedData/NetworkWrapper/Build/Products/Debug-iphonesimulator:/Applications/Xcode.app/Contents/Developer/Platforms/iPhoneSimulator.platform/Developer/Library/Frameworks";
    "DYLD_ROOT_PATH" = "/Applications/Xcode.app/Contents/Developer/Platforms/iPhoneSimulator.platform/Developer/SDKs/iPhoneSimulator.sdk";
    "DYLD_SHARED_REGION" = avoid;
    HOME = "/Users/matt/Library/Developer/CoreSimulator/Devices/686336CB-C74C-4486-83E7-6091A9A9CC11/data";
    "IOS_SIMULATOR_SYSLOG_SOCKET" = "/private/tmp/com.apple.CoreSimulator.SimDevice.686336CB-C74C-4486-83E7-6091A9A9CC11.launchd_sim/syslogsock";
    "IPHONE_SHARED_RESOURCES_DIRECTORY" = "/Users/matt/Library/Developer/CoreSimulator/Devices/686336CB-C74C-4486-83E7-6091A9A9CC11/data";
    "IPHONE_SIMULATOR_CLASS" = N66;
    "IPHONE_SIMULATOR_DEVICE" = iPhone;
    "IPHONE_SIMULATOR_ROOT" = "/Applications/Xcode.app/Contents/Developer/Platforms/iPhoneSimulator.platform/Developer/SDKs/iPhoneSimulator.sdk";
    "IPHONE_TVOUT_EXTENDED_PROPERTIES" = "/Users/matt/Library/Developer/CoreSimulator/Devices/686336CB-C74C-4486-83E7-6091A9A9CC11/data/Library/Application Support/iPhone Simulator/com.apple.iphonesimulator/extended_display.plist";
    NSUnbufferedIO = YES;
    "OBJC_DISABLE_GC" = YES;
    PATH = "/Applications/Xcode.app/Contents/Developer/Platforms/iPhoneSimulator.platform/Developer/SDKs/iPhoneSimulator.sdk/usr/bin:/Applications/Xcode.app/Contents/Developer/Platforms/iPhoneSimulator.platform/Developer/SDKs/iPhoneSimulator.sdk/bin:/Applications/Xcode.app/Contents/Developer/Platforms/iPhoneSimulator.platform/Developer/SDKs/iPhoneSimulator.sdk/usr/sbin:/Applications/Xcode.app/Contents/Developer/Platforms/iPhoneSimulator.platform/Developer/SDKs/iPhoneSimulator.sdk/sbin:/Applications/Xcode.app/Contents/Developer/Platforms/iPhoneSimulator.platform/Developer/SDKs/iPhoneSimulator.sdk/usr/local/bin";
    "SIMULATOR_CAPABILITIES" = "/Applications/Xcode.app/Contents/Developer/Platforms/iPhoneSimulator.platform/Developer/Library/CoreSimulator/Profiles/DeviceTypes/iPhone 6s Plus.simdevicetype/Contents/Resources/capabilities.plist";
    "SIMULATOR_DEVICE_NAME" = "iPhone 6s Plus";
    "SIMULATOR_EXTENDED_DISPLAY_PROPERTIES" = "/Users/matt/Library/Developer/CoreSimulator/Devices/686336CB-C74C-4486-83E7-6091A9A9CC11/data/Library/Application Support/iPhone Simulator/com.apple.iphonesimulator/extended_display.plist";
    "SIMULATOR_HOST_HOME" = "/Users/matt";
    "SIMULATOR_LEGACY_ASSET_SUFFIX" = iphone;
    "SIMULATOR_LOG_ROOT" = "/Users/matt/Library/Logs/CoreSimulator/686336CB-C74C-4486-83E7-6091A9A9CC11";
    "SIMULATOR_MAINSCREEN_HEIGHT" = 2208;
    "SIMULATOR_MAINSCREEN_PITCH" = "461.000000";
    "SIMULATOR_MAINSCREEN_SCALE" = "3.000000";
    "SIMULATOR_MAINSCREEN_WIDTH" = 1242;
    "SIMULATOR_MEMORY_WARNINGS" = "/Users/matt/Library/Developer/CoreSimulator/Devices/686336CB-C74C-4486-83E7-6091A9A9CC11/data/var/run/memory_warning_simulation";
    "SIMULATOR_MODEL_IDENTIFIER" = "iPhone8,2";
    "SIMULATOR_PLATFORM_RUNTIME_OVERLAY_ROOT" = "/Applications/Xcode.app/Contents/Developer/Platforms/iPhoneSimulator.platform/Developer/Library/CoreSimulator/RuntimeOverlay";
    "SIMULATOR_ROOT" = "/Applications/Xcode.app/Contents/Developer/Platforms/iPhoneSimulator.platform/Developer/SDKs/iPhoneSimulator.sdk";
    "SIMULATOR_RUNTIME_BUILD_VERSION" = 13E230;
    "SIMULATOR_RUNTIME_VERSION" = "9.3";
    "SIMULATOR_SHARED_RESOURCES_DIRECTORY" = "/Users/matt/Library/Developer/CoreSimulator/Devices/686336CB-C74C-4486-83E7-6091A9A9CC11/data";
    "SIMULATOR_UDID" = "686336CB-C74C-4486-83E7-6091A9A9CC11";
    "SIMULATOR_VERSION_INFO" = "CoreSimulator 209.19 - Device: iPhone 6s Plus - Runtime: iOS 9.3 (13E230) - DeviceType: iPhone 6s Plus";
    "TESTMANAGERD_SIM_SOCK" = "/private/tmp/com.apple.launchd.DOy9JvDCzK/com.apple.testmanagerd.unix-domain.socket";
    TMPDIR = "/Users/matt/Library/Developer/CoreSimulator/Devices/686336CB-C74C-4486-83E7-6091A9A9CC11/data/tmp";
    "XCODE_DBG_XPC_EXCLUSIONS" = "com.apple.dt.xctestSymbolicator";
    XCTestConfigurationFilePath = "/Users/matt/Projects/Personal/NetworkWrapper/DerivedData/NetworkWrapper/Build/Products/Debug-iphonesimulator/NetworkWrapperTests.xctest/NetworkWrapperTests-B131A620-2726-499B-8BE1-1C19BF27BCF3.xctestconfiguration";
    "XPC_FLAGS" = 0x0;
    "XPC_SERVICE_NAME" = "com.apple.xpc.launchd.oneshot.0x10000000.xctest";
    "XPC_SIMULATOR_LAUNCHD_NAME" = "com.apple.CoreSimulator.SimDevice.686336CB-C74C-4486-83E7-6091A9A9CC11.launchd_sim";
}
13:18:16.526 xctest[23561:1983497] Loading DTXConnectionServices from /Applications/Xcode.app/Contents/Developer/Platforms/iPhoneSimulator.platform/Developer/SDKs/iPhoneSimulator.sdk/Developer/Library/PrivateFrameworks/DTXConnectionServices.framework
13:18:16.564 xctest[23561:1983497] Session ID <__NSConcreteUUID 0x7f87e0c020b0> B131A620-2726-499B-8BE1-1C19BF27BCF3
13:18:16.564 xctest[23561:1983497] Registering for testmanagerd availability notify post.
13:18:16.565 xctest[23561:1983497] testmanagerd availability confirmed via notify_get_state.
13:18:16.565 xctest[23561:1983497] Initiating connection to testmanagerd to request socket for IDE connection.
13:18:16.767 xctest[23561:1983990] Got socket 6 from daemon, making connection to IDE
13:18:16.768 xctest[23561:1983990] Creating connection with transport
13:18:16.769 xctest[23561:1983990] Resuming connection
13:18:16.770 xctest[23561:1983990] Messaging IDE proxy - _XCT_testBundleReadyWithProtocolVersion:16 minimumVersion:8
13:18:16.822 Xcode[73139:868194] Starting test plan, clearing initialization timeout timer.
13:18:16.822 xctest[23561:1983497] -[XCTestDriver _runSuite]
13:18:16.822 xctest[23561:1983497] Loading test suite...
13:18:13.000 syslogd[23562] --- syslogd restarted ---
13:18:13.000 syslogd[23562] Configuration Notice:
ASL Module "com.apple.appinstallation" claims selected messages.
Those messages may not appear in standard system log files or in the ASL database.
13:18:13.000 syslogd[23562] Configuration Notice:
ASL Module "com.apple.authkit.asl" claims selected messages.
Those messages may not appear in standard system log files or in the ASL database.
13:18:13.000 syslogd[23562] Configuration Notice:
ASL Module "com.apple.authkit.asl" claims selected messages.
Those messages may not appear in standard system log files or in the ASL database.
13:18:13.000 syslogd[23562] Configuration Notice:
ASL Module "com.apple.cloudd" claims selected messages.
Those messages may not appear in standard system log files or in the ASL database.
13:18:13.000 syslogd[23562] Configuration Notice:
ASL Module "com.apple.clouddocs" claims selected messages.
Those messages may not appear in standard system log files or in the ASL database.
13:18:13.000 syslogd[23562] Configuration Notice:
ASL Module "com.apple.contacts.ContactsAutocomplete" claims selected messages.
Those messages may not appear in standard system log files or in the ASL database.
13:18:13.000 syslogd[23562] Configuration Notice:
ASL Module "com.apple.corecdp.asl" sharing output destination "/Users/matt/Library/Logs/CoreSimulator/686336CB-C74C-4486-83E7-6091A9A9CC11/CrashReporter/DiagnosticLogs/Accounts" with ASL Module "com.apple.authkit.asl".
Output parameters from ASL Module "com.apple.authkit.asl" override any specified in ASL Module "com.apple.corecdp.asl".
13:18:13.000 syslogd[23562] Configuration Notice:
ASL Module "com.apple.corecdp.asl" claims selected messages.
Those messages may not appear in standard system log files or in the ASL database.
13:18:13.000 syslogd[23562] Configuration Notice:
ASL Module "com.apple.corespotlight" claims selected messages.
Those messages may not appear in standard system log files or in the ASL database.
13:18:13.000 syslogd[23562] Configuration Notice:
ASL Module "com.apple.HealthKit" claims selected messages.
Those messages may not appear in standard system log files or in the ASL database.
13:18:13.000 syslogd[23562] Configuration Notice:
ASL Module "com.apple.HomeKit" claims selected messages.
Those messages may not appear in standard system log files or in the ASL database.
13:18:13.000 syslogd[23562] Configuration Notice:
ASL Module "com.apple.iad.logging" claims selected messages.
Those messages may not appear in standard system log files or in the ASL database.
13:18:13.000 syslogd[23562] Configuration Notice:
ASL Module "com.apple.iad.logging" claims selected messages.
Those messages may not appear in standard system log files or in the ASL database.
13:18:13.000 syslogd[23562] Configuration Notice:
ASL Module "com.apple.icloud.fmfd" claims selected messages.
Those messages may not appear in standard system log files or in the ASL database.
13:18:13.000 syslogd[23562] Configuration Notice:
ASL Module "com.apple.icloud.fmfd" claims selected messages.
Those messages may not appear in standard system log files or in the ASL database.
13:18:13.000 syslogd[23562] Configuration Notice:
ASL Module "com.apple.icloud.fmfd" claims selected messages.
Those messages may not appear in standard system log files or in the ASL database.
13:18:13.000 syslogd[23562] Configuration Notice:
ASL Module "com.apple.iclouddriveapp" claims selected messages.
Those messages may not appear in standard system log files or in the ASL database.
13:18:13.000 syslogd[23562] Configuration Notice:
ASL Module "com.apple.iCloudQuota.asl" sharing output destination "/Users/matt/Library/Logs/CoreSimulator/686336CB-C74C-4486-83E7-6091A9A9CC11/CrashReporter/DiagnosticLogs/Accounts" with ASL Module "com.apple.authkit.asl".
Output parameters from ASL Module "com.apple.authkit.asl" override any specified in ASL Module "com.apple.iCloudQuota.asl".
13:18:13.000 syslogd[23562] Configuration Notice:
ASL Module "com.apple.iCloudQuota.asl" claims selected messages.
Those messages may not appear in standard system log files or in the ASL database.
13:18:13.000 syslogd[23562] Configuration Notice:
ASL Module "com.apple.iCloudQuota.asl" claims selected messages.
Those messages may not appear in standard system log files or in the ASL database.
13:18:13.000 syslogd[23562] Configuration Notice:
ASL Module "com.apple.mobileme.fmf1" claims selected messages.
Those messages may not appear in standard system log files or in the ASL database.
13:18:13.000 syslogd[23562] Configuration Notice:
ASL Module "com.apple.mobileme.fmip1" claims selected messages.
Those messages may not appear in standard system log files or in the ASL database.
13:18:13.000 syslogd[23562] Configuration Notice:
ASL Module "com.apple.PassKit" claims selected messages.
Those messages may not appear in standard system log files or in the ASL database.
13:18:13.000 syslogd[23562] Configuration Notice:
ASL Module "com.apple.persistentphotos" claims selected messages.
Those messages may not appear in standard system log files or in the ASL database.
13:18:13.000 syslogd[23562] Configuration Notice:
ASL Module "com.apple.photobackend" claims selected messages.
Those messages may not appear in standard system log files or in the ASL database.
13:18:13.000 syslogd[23562] Configuration Notice:
ASL Module "com.apple.photoprivate" claims selected messages.
Those messages may not appear in standard system log files or in the ASL database.
13:18:13.000 syslogd[23562] Configuration Notice:
ASL Module "com.apple.photos" claims selected messages.
Those messages may not appear in standard system log files or in the ASL database.
13:18:13.000 syslogd[23562] Configuration Notice:
ASL Module "com.apple.securityd" claims selected messages.
Those messages may not appear in standard system log files or in the ASL database.
13:18:13.000 syslogd[23562] Configuration Notice:
ASL Module "com.apple.securityd" claims selected messages.
Those messages may not appear in standard system log files or in the ASL database.
13:18:13.000 syslogd[23562] Configuration Notice:
ASL Module "com.apple.securityd" claims selected messages.
Those messages may not appear in standard system log files or in the ASL database.
13:18:13.000 syslogd[23562] Configuration Notice:
ASL Module "com.apple.securityd" claims selected messages.
Those messages may not appear in standard system log files or in the ASL database.
13:18:13.000 syslogd[23562] Configuration Notice:
ASL Module "com.apple.securityd" claims selected messages.
Those messages may not appear in standard system log files or in the ASL database.
13:18:13.000 syslogd[23562] Configuration Notice:
ASL Module "com.apple.securityd" claims selected messages.
Those messages may not appear in standard system log files or in the ASL database.
13:18:13.000 syslogd[23562] Configuration Notice:
ASL Module "com.apple.securityd" claims selected messages.
Those messages may not appear in standard system log files or in the ASL database.
13:18:13.000 syslogd[23562] Configuration Notice:
ASL Module "com.apple.securityd" claims selected messages.
Those messages may not appear in standard system log files or in the ASL database.
13:18:13.000 syslogd[23562] Configuration Notice:
ASL Module "com.apple.serverdocs" claims selected messages.
Those messages may not appear in standard system log files or in the ASL database.
13:18:13.000 syslogd[23562] Configuration Notice:
ASL Module "com.apple.softwareupdateservices" claims selected messages.
Those messages may not appear in standard system log files or in the ASL database.
13:18:13.000 syslogd[23562] Configuration Notice:
ASL Module "com.apple.wcd" claims selected messages.
Those messages may not appear in standard system log files or in the ASL database.
13:18:13.654 com.apple.CoreSimulator.SimDevice.686336CB-C74C-4486-83E7-6091A9A9CC11.launchd_sim[23559] assertion failed: 15F34: launchd_sim + 166555 [352A7406-58FE-3360-877D-8CA877CE7D98]: 0x2
13:18:13.659 com.apple.CoreSimulator.SimDevice.686336CB-C74C-4486-83E7-6091A9A9CC11.launchd_sim[23559] This service is defined to be constantly running and is inherently inefficient.
13:18:13.659 com.apple.CoreSimulator.SimDevice.686336CB-C74C-4486-83E7-6091A9A9CC11.launchd_sim[23559] The HideUntilCheckIn property is an architectural performance issue. Please transition away from it.
13:18:13.660 com.apple.CoreSimulator.SimDevice.686336CB-C74C-4486-83E7-6091A9A9CC11.launchd_sim[23559] Unknown key for Boolean: HighPriorityIO
13:18:13.885 UserEventAgent[23563] Normal message received by listener connection. Ignoring.
13:18:13.660 com.apple.CoreSimulator.SimDevice.686336CB-C74C-4486-83E7-6091A9A9CC11.launchd_sim[23559] This service is defined to be constantly running and is inherently inefficient.
13:18:13.904 UserEventAgent[23563] Failed to copy info dictionary for bundle /Applications/Xcode.app/Contents/Developer/Platforms/iPhoneSimulator.platform/Developer/SDKs/iPhoneSimulator.sdk/System/Library/UserEventPlugins/locationd.events.plugin
13:18:13.905 UserEventAgent[23563] /Applications/Xcode.app/Contents/Developer/Platforms/iPhoneSimulator.platform/Developer/SDKs/iPhoneSimulator.sdk/System/Library/UserEventPlugins/routined.events.plugin: dlsym(initRoutinedEventAgent) failed
13:18:13.937 UserEventAgent[23563] nsurlsessiond_events plugin: adding token 2 for client com.apple.passd
13:18:13.661 com.apple.CoreSimulator.SimDevice.686336CB-C74C-4486-83E7-6091A9A9CC11.launchd_sim[23559] The HideUntilCheckIn property is an architectural performance issue. Please transition away from it.
13:18:13.662 com.apple.CoreSimulator.SimDevice.686336CB-C74C-4486-83E7-6091A9A9CC11.launchd_sim[23559] ThrottleInterval set to zero. You're not that important. Ignoring.
13:18:13.662 com.apple.CoreSimulator.SimDevice.686336CB-C74C-4486-83E7-6091A9A9CC11.launchd_sim[23559] This service is defined to be constantly running and is inherently inefficient.
13:18:13.663 com.apple.CoreSimulator.SimDevice.686336CB-C74C-4486-83E7-6091A9A9CC11.launchd_sim[23559] Unknown key for Boolean: DrainMessagesAfterFailedInit
13:18:13.663 com.apple.CoreSimulator.SimDevice.686336CB-C74C-4486-83E7-6091A9A9CC11.launchd_sim[23559] Unknown key for Boolean: DrainMessagesAfterFailedInit
13:18:13.664 com.apple.CoreSimulator.SimDevice.686336CB-C74C-4486-83E7-6091A9A9CC11.launchd_sim[23559] Unknown key for string: seatbelt-profiles
13:18:13.665 com.apple.CoreSimulator.SimDevice.686336CB-C74C-4486-83E7-6091A9A9CC11.launchd_sim[23559] ThrottleInterval set to zero. You're not that important. Ignoring.
13:18:13.937 UserEventAgent[23563] nsurlsessiond_events plugin: adding token 1 for client com.apple.itunesstored
13:18:13.948 com.apple.cts[23563] Badly specified XPC Activity: com.apple.searchd.expirations: permissible values for priority are Utility or Maintenance
13:18:13.000 syslogd[23562] ASL Sender Statistics
13:18:13.986 configd_sim[23583] network changed: v4(en4+:10.121.138.38) DNS+ Proxy+
13:18:14.036 distnoted[23591] # distnote server daemon  absolute time: 81332.947846119   civil time: Wed Jun  1 13:18:14 2016   pid: 23591 uid: 503  root: yes
13:18:14.070 securityd[23594] unable to access hwaes key
13:18:14.130 containermanagerd[23596] 0x1087aa000 main: containermanagerd performing first boot initialization
13:18:14.140 containermanagerd[23596] 0x1087aa000 -[MCMClientConnection(Internal) _moveItemAtURLToDeathRow:isDir:startDeletionThread:error:]: 171: Failed to move item at: /Users/matt/Library/Developer/CoreSimulator/Devices/686336CB-C74C-4486-83E7-6091A9A9CC11/data/Library/Caches/com.apple.containermanagerd to: /Users/matt/Library/Developer/CoreSimulator/Devices/686336CB-C74C-4486-83E7-6091A9A9CC11/data/Library/Caches/com.apple.containermanagerd/Dead/temp.XeqYxB/com.apple.containermanagerd (Error Domain=NSPOSIXErrorDomain Code=22 "Invalid argument" UserInfo={SourceFileLine=276, NSLocalizedDescription=rename of /Users/matt/Library/Developer/CoreSimulator/Devices/686336CB-C74C-4486-83E7-6091A9A9CC11/data/Library/Caches/com.apple.containermanagerd to /Users/matt/Library/Developer/CoreSimulator/Devices/686336CB-C74C-4486-83E7-6091A9A9CC11/data/Library/Caches/com.apple.containermanagerd/Dead/temp.XeqYxB/com.apple.containermanagerd failed: Invalid argument, FunctionName=-[MCMFileManager _moveItemAtURL:toURL:failIfSrcMissing:error:]})
13:18:14.140 containermanagerd[23596] 0x1087aa000 -[MCMClientConnection rebootContainerManagerCleanup]: Failed to delete shared transient bundle URL file:///Users/matt/Library/Developer/CoreSimulator/Devices/686336CB-C74C-4486-83E7-6091A9A9CC11/data/Library/Caches/com.apple.containermanagerd/ : Error Domain=MCMErrorDomain Code=41 "Failed to move item at: /Users/matt/Library/Developer/CoreSimulator/Devices/686336CB-C74C-4486-83E7-6091A9A9CC11/data/Library/Caches/com.apple.containermanagerd to: /Users/matt/Library/Developer/CoreSimulator/Devices/686336CB-C74C-4486-83E7-6091A9A9CC11/data/Library/Caches/com.apple.containermanagerd/Dead/temp.XeqYxB/com.apple.containermanagerd" UserInfo={NSLocalizedDescription=Failed to move item at: /Users/matt/Library/Developer/CoreSimulator/Devices/686336CB-C74C-4486-83E7-6091A9A9CC11/data/Library/Caches/com.apple.containermanagerd to: /Users/matt/Library/Developer/CoreSimulator/Devices/686336CB-C74C-4486-83E7-6091A9A9CC11/data/Library/Caches/com.apple.containermanagerd/Dead/temp.XeqYxB/com.apple.containermanagerd, FunctionName=-[MCMClientConnection(Internal) _moveItemAtURLToDeathRow:isDir:startDeletionThread:error:], SourceFileLine=171, NSUnderlyingError=0x7ff3ba804260 {Error Domain=NSPOSIXErrorDomain Code=22 "Invalid argument" UserInfo={SourceFileLine=276, NSLocalizedDescription=rename of /Users/matt/Library/Developer/CoreSimulator/Devices/686336CB-C74C-4486-83E7-6091A9A9CC11/data/Library/Caches/com.apple.containermanagerd to /Users/matt/Library/Developer/CoreSimulator/Devices/686336CB-C74C-4486-83E7-6091A9A9CC11/data/Library/Caches/com.apple.containermanagerd/Dead/temp.XeqYxB/com.apple.containermanagerd failed: Invalid argument, FunctionName=-[MCMFileManager _moveItemAtURL:toURL:failIfSrcMissing:error:]}}}
13:18:14.156 containermanagerd[23596] 0x1087aa000 main: containermanagerd first boot cleanup complete
13:18:14.159 backboardd[23577] PUIProgressWindow initWithOptions: 4 contextLevel: 2999 appearance: 0
13:18:14.162 containermanagerd[23596] 0x700000094000 systemGroupContainerPath: com.apple.containermanagerd.internal is not entitled for system group identifier: systemgroup.com.apple.sharedpclogging
13:18:14.163 backboardd[23577] main display width 1242 height 2208 framebuffer width 1242 height 2208 scale 3 orientation 0
13:18:14.164 backboardd[23577] PUIProgressWindow not using PreBoard appearance
13:18:14.164 backboardd[23577] _sideways 0
13:18:14.166 backboardd[23577] layer position 621 1104 bounds 0 0 1242 2208
13:18:14.167 backboardd[23577] PUIProgressWindow trying to load image source for /Applications/Xcode.app/Contents/Developer/Platforms/iPhoneSimulator.platform/Developer/SDKs/iPhoneSimulator.sdk/System/Library/PrivateFrameworks/ProgressUI.framework/apple-logo@3x~iphone.png
13:18:14.175 networkd[23598] main networkd-583.41.1 pid 23598
13:18:14.176 networkd[23598] -[NETPowerManager setupPowerPolicyTable] created power policy table from defaults with 5 timeslots
13:18:14.182 backboardd[23577] void __IOHIDPlugInLoadBundles(): Loaded 0 HID plugins
13:18:14.183 networkd[23598] nw_nat64_post_new_ifstate successfully changed NAT64 ifstate from 0x0 to 0x8000000000000000
13:18:14.183 backboardd[23577] ____IOHIDSessionScheduleAsync_block_invoke: thread_id=0x7000002a0000
13:18:14.183 backboardd[23577] HID Session async scheduling initiated.
13:18:14.183 backboardd[23577] HID Session async root queue running at priority 63 and schedule 2.
13:18:14.183 backboardd[23577] HID Session async scheduling complete.
13:18:14.183 backboardd[23577] Successfully opened the IOHIDSession
13:18:14.194 backboardd[23577] adding observer to <NSUserDefaults: 0x7f83db603bc0> for key: BKEnableALS
13:18:14.215 locationd[23579] Logging binary sensor data to /Users/matt/Library/Developer/CoreSimulator/Devices/686336CB-C74C-4486-83E7-6091A9A9CC11/data/Library/Caches/locationd/locationdSensors.bin
13:18:14.215 identityservicesd[23571] [Warning] NULL accountGUIDs passed to void IDSOutgoingMessageRecordUpdateLocalDestinationDeviceOnAccountsWithUUIDs(NSArray *__strong, NSString *__strong, IDSDataProtectionClass)
13:18:14.216 identityservicesd[23571] [Warning] NULL accountGUIDs passed to CFArrayRef IDSOutgoingMessageRecordCopyUnsentMessagesForAccountsAndPriority(NSArray *__strong, int64_t, CFStringRef, int64_t, IDSDataProtectionClass, BOOL)
13:18:14.218 locationd[23579] NBB-Could not get UDID for stable refill timing, falling back on random
13:18:14.220 locationd[23579] BLP: bundle path does not exist, /System/Library/LocationBundles/Traffic.bundle
13:18:14.220 locationd[23579] BLP: Need a bundle path or a bundle identifier.
13:18:14.235 locationd[23579] BLP: Need a bundle path or a bundle identifier.
13:18:14.235 locationd[23579] BLP: Need a bundle path or a bundle identifier.
13:18:14.251 locationd[23579] (Error) MC: MobileContainerManager gave us a path we weren't expecting; file a radar against them
Expected: /private/var/containers/Shared/SystemGroup/systemgroup.com.apple.configurationprofiles
Actual: /Users/matt/Library/Developer/CoreSimulator/Devices/686336CB-C74C-4486-83E7-6091A9A9CC11/data/Containers/Shared/SystemGroup/systemgroup.com.apple.configurationprofiles
Overriding MCM with the one true path
13:18:14.276 containermanagerd[23596] 0x700000323000 systemGroupContainerPath: com.apple.containermanagerd.internal is not entitled for system group identifier: systemgroup.com.apple.sharedpclogging
13:18:14.455 tccd[23602] PairedSync, Debugging at level 0 for console and level 0 for log files
13:18:14.456 nanoregistryd[23601] 13:18:14.453: nanoregistryd restarted. "NanoRegistry_Sim-241.8" "4" internalInstall=NO
13:18:14.456 tccd[23602] Error: Could not create service from plist at path: file:///Applications/Xcode.app/Contents/Developer/Platforms/iPhoneSimulator.platform/Developer/SDKs/iPhoneSimulator.sdk/System/Library/PairedSyncServices/com.apple.pairedsync.tccd.plist. Returning nil PSYSyncCoordinator for service name com.apple.pairedsync.tccd.  Please check that your plist exists and is in the correct format.
13:18:14.575 profiled[23604] (Note ) profiled: Service starting...
13:18:14.579 profiled[23604] (Error) MC: MobileContainerManager gave us a path we weren't expecting; file a radar against them
Expected: /private/var/containers/Shared/SystemGroup/systemgroup.com.apple.configurationprofiles
Actual: /Users/matt/Library/Developer/CoreSimulator/Devices/686336CB-C74C-4486-83E7-6091A9A9CC11/data/Containers/Shared/SystemGroup/systemgroup.com.apple.configurationprofiles
Overriding MCM with the one true path
13:18:14.579 profiled[23604] (Note ) MC: Managed Configuration migrating...
13:18:14.580 profiled[23604] (Note ) MC: Migrating to system group container...
13:18:14.585 profiled[23604] (Error) MC: Failed to create directory with error Error Domain=NSCocoaErrorDomain Code=513 "You dont have permission to save the file ConfigurationProfiles in the folder Library." UserInfo={NSFilePath=/private/var/containers/Shared/SystemGroup/systemgroup.com.apple.configurationprofiles/Library/ConfigurationProfiles, NSUnderlyingError=0x7f846ea02370 {Error Domain=NSPOSIXErrorDomain Code=13 "Permission denied"}}
13:18:14.585 profiled[23604] (Error) MC: Failed to create directory with error Error Domain=NSCocoaErrorDomain Code=513 "You dont have permission to save the file PublicInfo in the folder ConfigurationProfiles." UserInfo={NSFilePath=/private/var/containers/Shared/SystemGroup/systemgroup.com.apple.configurationprofiles/Library/ConfigurationProfiles/PublicInfo, NSUnderlyingError=0x7f846ea02760 {Error Domain=NSPOSIXErrorDomain Code=13 "Permission denied"}}
13:18:14.585 profiled[23604] (Error) MC: Path /private/var/containers/Shared/SystemGroup/systemgroup.com.apple.configurationprofiles/Library does not refer to a directory.
13:18:14.587 profiled[23604] (Error) MC: Failed to change ownership of directory and contents at /private/var/containers/Shared/SystemGroup/systemgroup.com.apple.configurationprofiles/Library. Errors: (
    "Error Domain=MCInternalErrorDomain Code=1 \"\U201c/private/var/containers/Shared/SystemGroup/systemgroup.com.apple.configurationprofiles/Library\U201d is not a directory.\" UserInfo={NSLocalizedDescription=\U201c/private/var/containers/Shared/SystemGroup/systemgroup.com.apple.configurationprofiles/Library\U201d is not a directory.}"
)
13:18:14.587 profiled[23604] (Error) MC: Failed to fix permissions of device profile library with errors (
    "Error Domain=MCInternalErrorDomain Code=1 \"\U201c/private/var/containers/Shared/SystemGroup/systemgroup.com.apple.configurationprofiles/Library\U201d is not a directory.\" UserInfo={NSLocalizedDescription=\U201c/private/var/containers/Shared/SystemGroup/systemgroup.com.apple.configurationprofiles/Library\U201d is not a directory.}"
)
13:18:14.588 profiled[23604] (Error) MC: Path /private/var/containers/Shared/SystemGroup/systemgroup.com.apple.configurationprofiles/Library/ConfigurationProfiles does not refer to a directory.
13:18:14.588 profiled[23604] (Error) MC: Failed to change ownership of directory and contents at /private/var/containers/Shared/SystemGroup/systemgroup.com.apple.configurationprofiles/Library/ConfigurationProfiles. Errors: (
    "Error Domain=MCInternalErrorDomain Code=1 \"\U201c/private/var/containers/Shared/SystemGroup/systemgroup.com.apple.configurationprofiles/Library/ConfigurationProfiles\U201d is not a directory.\" UserInfo={NSLocalizedDescription=\U201c/private/var/containers/Shared/SystemGroup/systemgroup.com.apple.configurationprofiles/Library/ConfigurationProfiles\U201d is not a directory.}"
)
13:18:14.588 profiled[23604] (Error) MC: Failed to fix permissions of device profile storage with errors (
    "Error Domain=MCInternalErrorDomain Code=1 \"\U201c/private/var/containers/Shared/SystemGroup/systemgroup.com.apple.configurationprofiles/Library/ConfigurationProfiles\U201d is not a directory.\" UserInfo={NSLocalizedDescription=\U201c/private/var/containers/Shared/SystemGroup/systemgroup.com.apple.configurationprofiles/Library/ConfigurationProfiles\U201d is not a directory.}"
)
13:18:14.588 profiled[23604] (Error) MC: Path /private/var/containers/Shared/SystemGroup/systemgroup.com.apple.configurationprofiles/Library/ConfigurationProfiles/PublicInfo does not refer to a directory.
13:18:14.588 profiled[23604] (Error) MC: Failed to change ownership of directory and contents at /private/var/containers/Shared/SystemGroup/systemgroup.com.apple.configurationprofiles/Library/ConfigurationProfiles/PublicInfo. Errors: (
    "Error Domain=MCInternalErrorDomain Code=1 \"\U201c/private/var/containers/Shared/SystemGroup/systemgroup.com.apple.configurationprofiles/Library/ConfigurationProfiles/PublicInfo\U201d is not a directory.\" UserInfo={NSLocalizedDescription=\U201c/private/var/containers/Shared/SystemGroup/systemgroup.com.apple.configurationprofiles/Library/ConfigurationProfiles/PublicInfo\U201d is not a directory.}"
)
13:18:14.588 profiled[23604] (Error) MC: Failed to fix permissions of device public info directory with errors (
    "Error Domain=MCInternalErrorDomain Code=1 \"\U201c/private/var/containers/Shared/SystemGroup/systemgroup.com.apple.configurationprofiles/Library/ConfigurationProfiles/PublicInfo\U201d is not a directory.\" UserInfo={NSLocalizedDescription=\U201c/private/var/containers/Shared/SystemGroup/systemgroup.com.apple.configurationprofiles/Library/ConfigurationProfiles/PublicInfo\U201d is not a directory.}"
)
13:18:14.588 profiled[23604] (Note ) MC: Completed system group container migration.
13:18:14.590 profiled[23604] (Note ) MC: Beginning manifest migration...
13:18:14.591 profiled[23604] (Note ) MC: Removing duplicated hidden profile identifiers...
13:18:14.591 profiled[23604] (Note ) MC: Completed removing duplicated hidden profile identifiers.
13:18:14.591 profiled[23604] (Note ) MC: Creating stubs...
13:18:14.591 profiled[23604] (Note ) MC: Removing orphaned profiles...
13:18:14.592 profiled[23604] (Note ) MC: Completed removing orphaned profiles...
13:18:14.592 profiled[23604] (Note ) MC: Transferring profile signer certificates...
13:18:14.592 profiled[23604] (Note ) MC: Migrating removal passwords...
13:18:14.592 profiled[23604] (Error) MC: open failed for /private/var/containers/Shared/SystemGroup/systemgroup.com.apple.configurationprofiles/Library/ConfigurationProfiles/PayloadManifest.plist.PYj4nw : No such file or directory
13:18:14.592 profiled[23604] (Error) MC: Failed to write /private/var/containers/Shared/SystemGroup/systemgroup.com.apple.configurationprofiles/Library/ConfigurationProfiles/PayloadManifest.plist with error Error Domain=NSPOSIXErrorDomain Code=2 "No such file or directory"
13:18:14.593 profiled[23604] (Note ) MC: Completed migrating removal passwords.
13:18:14.593 installd[23570] 0x108d3c000 main: Reboot detected
13:18:14.593 profiled[23604] (Note ) MC: Migrating defaults to managed preferences area...
13:18:14.593 profiled[23604] (Note ) MC: Migrating OTA profiles...
13:18:14.593 profiled[23604] (Note ) MC: Completed migrating OTA profiles.
13:18:14.593 profiled[23604] (Note ) MC: Transferring installation dates...
13:18:14.593 profiled[23604] (Note ) MC: Completed transferring installation dates.
13:18:14.593 profiled[23604] (Note ) MC: Transferring tags to profiles...
13:18:14.593 profiled[23604] (Note ) MC: Completed transferring tags.
13:18:14.594 profiled[23604] (Note ) MC: Removing old profile copies...
13:18:14.594 profiled[23604] (Note ) MC: Completed removing old profile copies.
13:18:14.594 profiled[23604] (Note ) MC: Applying default user settings...
13:18:14.595 profiled[23604] (Note ) MC: Applying iPhone defaults
13:18:14.595 installd[23570] 0x108d3c000 is_build_upgrade: Current build version (13E230 / (null)) equal to last version recorded (13E230 / (null)); skipping upgrade
13:18:14.596 installd[23570] 0x108d3c000 __47-[MIDeveloperDiskImageTracker checkMountPoint:]_block_invoke: /Applications/Xcode.app/Contents/Developer/Platforms/iPhoneSimulator.platform/Developer/SDKs/iPhoneSimulator.sdk/Developer/Applications is not present now or before
13:18:14.597 installd[23570] 0x700000094000 -[MIClientConnection fetchInstalledAppsWithOptions:completion:]: Fetch installed apps requested by lsd (pid 23597) with options (null)
13:18:14.597 profiled[23604] (Error) MC: open failed for /private/var/containers/Shared/SystemGroup/systemgroup.com.apple.configurationprofiles/Library/ConfigurationProfiles/UserSettings.plist.pjljwT : No such file or directory
13:18:14.597 profiled[23604] (Error) MC: Failed to write /private/var/containers/Shared/SystemGroup/systemgroup.com.apple.configurationprofiles/Library/ConfigurationProfiles/UserSettings.plist with error Error Domain=NSPOSIXErrorDomain Code=2 "No such file or directory"
13:18:14.606 profiled[23604] (Note ) MC: Completed applying default user settings.
13:18:14.606 profiled[23604] (Note ) MC: Migrating settings...
13:18:14.609 profiled[23604] (Error) MC: open failed for /private/var/containers/Shared/SystemGroup/systemgroup.com.apple.configurationprofiles/Library/ConfigurationProfiles/UserSettings.plist.q53bCm : No such file or directory
13:18:14.609 profiled[23604] (Error) MC: Failed to write /private/var/containers/Shared/SystemGroup/systemgroup.com.apple.configurationprofiles/Library/ConfigurationProfiles/UserSettings.plist with error Error Domain=NSPOSIXErrorDomain Code=2 "No such file or directory"
13:18:14.614 profiled[23604] (Error) MC: open failed for /private/var/containers/Shared/SystemGroup/systemgroup.com.apple.configurationprofiles/Library/ConfigurationProfiles/UserSettings.plist.KYUZBk : No such file or directory
13:18:14.614 profiled[23604] (Error) MC: Failed to write /private/var/containers/Shared/SystemGroup/systemgroup.com.apple.configurationprofiles/Library/ConfigurationProfiles/UserSettings.plist with error Error Domain=NSPOSIXErrorDomain Code=2 "No such file or directory"
13:18:14.622 profiled[23604] (Note ) MC: Completed migrating settings.
13:18:14.622 profiled[23604] (Note ) MC: Updating client restrictions...
13:18:14.625 profiled[23604] (Error) MC: open failed for /private/var/containers/Shared/SystemGroup/systemgroup.com.apple.configurationprofiles/Library/ConfigurationProfiles/ClientTruth.plist.CZ85Wl : No such file or directory
13:18:14.625 profiled[23604] (Error) MC: Failed to write /private/var/containers/Shared/SystemGroup/systemgroup.com.apple.configurationprofiles/Library/ConfigurationProfiles/ClientTruth.plist with error Error Domain=NSPOSIXErrorDomain Code=2 "No such file or directory"
13:18:14.632 profiled[23604] (Note ) MC: Done updating. 0 client restrictions processed.
13:18:14.632 profiled[23604] (Note ) MC: Updating profile restrictions...
13:18:14.633 profiled[23604] (Error) MC: open failed for /private/var/containers/Shared/SystemGroup/systemgroup.com.apple.configurationprofiles/Library/ConfigurationProfiles/ProfileTruth.plist.JunkpM : No such file or directory
13:18:14.633 profiled[23604] (Error) MC: Failed to write /private/var/containers/Shared/SystemGroup/systemgroup.com.apple.configurationprofiles/Library/ConfigurationProfiles/ProfileTruth.plist with error Error Domain=NSPOSIXErrorDomain Code=2 "No such file or directory"
13:18:14.638 profiled[23604] (Error) MC: open failed for /private/var/containers/Shared/SystemGroup/systemgroup.com.apple.configurationprofiles/Library/ConfigurationProfiles/AppAccessibilityParameters.plist.kuszKS : No such file or directory
13:18:14.638 profiled[23604] (Error) MC: Failed to write /private/var/containers/Shared/SystemGroup/systemgroup.com.apple.configurationprofiles/Library/ConfigurationProfiles/AppAccessibilityParameters.plist with error Error Domain=NSPOSIXErrorDomain Code=2 "No such file or directory"
13:18:14.638 profiled[23604] (Error) MC: open failed for /private/var/containers/Shared/SystemGroup/systemgroup.com.apple.configurationprofiles/Library/ConfigurationProfiles/ProfileTruth.plist.fEUlgh : No such file or directory
13:18:14.638 profiled[23604] (Error) MC: Failed to write /private/var/containers/Shared/SystemGroup/systemgroup.com.apple.configurationprofiles/Library/ConfigurationProfiles/ProfileTruth.plist with error Error Domain=NSPOSIXErrorDomain Code=2 "No such file or directory"
13:18:14.646 profiled[23604] (Note ) MC: Done updating. 0 system profile and 0 user profile restrictions processed.
13:18:14.646 profiled[23604] (Note ) MC: Updating implied settings...
13:18:14.647 profiled[23604] (Error) MC: open failed for /private/var/containers/Shared/SystemGroup/systemgroup.com.apple.configurationprofiles/Library/ConfigurationProfiles/UserSettings.plist.UyP4r1 : No such file or directory
13:18:14.647 profiled[23604] (Error) MC: Failed to write /private/var/containers/Shared/SystemGroup/systemgroup.com.apple.configurationprofiles/Library/ConfigurationProfiles/UserSettings.plist with error Error Domain=NSPOSIXErrorDomain Code=2 "No such file or directory"
13:18:14.649 nanoregistrylaunchd[23605] Failed to enable path: code = 113: Could not find specified service, /Applications/Xcode.app/Contents/Developer/Platforms/iPhoneSimulator.platform/Developer/SDKs/iPhoneSimulator.sdk/System/Library/NanoLaunchDaemons/com.apple.nanomapscd.plist
13:18:16.927 xctest[23561:1983497] Finished loading test suite, took 0.105s
13:18:14.649 nanoregistrylaunchd[23605] Failed to enable path: code = 113: Could not find specified service, /Applications/Xcode.app/Contents/Developer/Platforms/iPhoneSimulator.platform/Developer/SDKs/iPhoneSimulator.sdk/System/Library/NanoLaunchDaemons/com.apple.nanoappregistryd.plist
13:18:14.649 nanoregistrylaunchd[23605] Failed to enable path: code = 113: Could not find specified service, /Applications/Xcode.app/Contents/Developer/Platforms/iPhoneSimulator.platform/Developer/SDKs/iPhoneSimulator.sdk/System/Library/NanoLaunchDaemons/com.apple.eventkitsyncd.plist
13:18:14.650 nanoregistrylaunchd[23605] Failed to enable path: code = 113: Could not find specified service, /Applications/Xcode.app/Contents/Developer/Platforms/iPhoneSimulator.platform/Developer/SDKs/iPhoneSimulator.sdk/System/Library/NanoLaunchDaemons/com.apple.companionappd.plist
13:18:14.650 nanoregistrylaunchd[23605] Failed to enable path: code = 113: Could not find specified service, /Applications/Xcode.app/Contents/Developer/Platforms/iPhoneSimulator.platform/Developer/SDKs/iPhoneSimulator.sdk/System/Library/NanoLaunchDaemons/com.apple.nanoweatherprefsd.plist
13:18:14.650 nanoregistrylaunchd[23605] Failed to enable path: code = 113: Could not find specified service, /Applications/Xcode.app/Contents/Developer/Platforms/iPhoneSimulator.platform/Developer/SDKs/iPhoneSimulator.sdk/System/Library/NanoLaunchDaemons/com.apple.companionproximityd.plist
13:18:14.650 nanoregistrylaunchd[23605] Failed to enable path: code = 113: Could not find specified service, /Applications/Xcode.app/Contents/Developer/Platforms/iPhoneSimulator.platform/Developer/SDKs/iPhoneSimulator.sdk/System/Library/NanoLaunchDaemons/com.apple.nanoprefsyncd.plist
13:18:14.650 nanoregistrylaunchd[23605] Failed to enable path: code = 113: Could not find specified service, /Applications/Xcode.app/Contents/Developer/Platforms/iPhoneSimulator.platform/Developer/SDKs/iPhoneSimulator.sdk/System/Library/NanoLaunchDaemons/com.apple.pairedsyncd.plist
13:18:14.650 nanoregistrylaunchd[23605] Failed to enable path: code = 113: Could not find specified service, /Applications/Xcode.app/Contents/Developer/Platforms/iPhoneSimulator.platform/Developer/SDKs/iPhoneSimulator.sdk/System/Library/NanoLaunchDaemons/com.apple.companionfindlocallyd.plist
13:18:16.963 xctest[23561:1983497] -[_XCTestDriverTestObserver testBundleWillStart:]
13:18:14.650 nanoregistrylaunchd[23605] Failed to enable path: code = 113: Could not find specified service, /Applications/Xcode.app/Contents/Developer/Platforms/iPhoneSimulator.platform/Developer/SDKs/iPhoneSimulator.sdk/System/Library/NanoLaunchDaemons/com.apple.nanomailbootstrapd.plist
13:18:16.963 xctest[23561:1983497] Running suite...
13:18:14.650 nanoregistrylaunchd[23605] Failed to enable path: code = 113: Could not find specified service, /Applications/Xcode.app/Contents/Developer/Platforms/iPhoneSimulator.platform/Developer/SDKs/iPhoneSimulator.sdk/System/Library/NanoLaunchDaemons/com.apple.nanosystemsettingsd.plist
13:18:14.650 nanoregistrylaunchd[23605] Failed to enable path: code = 113: Could not find specified service, /Applications/Xcode.app/Contents/Developer/Platforms/iPhoneSimulator.platform/Developer/SDKs/iPhoneSimulator.sdk/System/Library/NanoLaunchDaemons/com.apple.resourcegrabberd.companion.plist
13:18:14.650 nanoregistrylaunchd[23605] Failed to enable path: code = 113: Could not find specified service, /Applications/Xcode.app/Contents/Developer/Platforms/iPhoneSimulator.platform/Developer/SDKs/iPhoneSimulator.sdk/System/Library/NanoLaunchDaemons/com.apple.bulletindistributord.plist
13:18:16.964 xctest[23561:1983497] -[_XCTestDriverTestObserver testSuiteWillStart:]
13:18:14.650 nanoregistrylaunchd[23605] Failed to enable path: code = 113: Could not find specified service, /Applications/Xcode.app/Contents/Developer/Platforms/iPhoneSimulator.platform/Developer/SDKs/iPhoneSimulator.sdk/System/Library/NanoLaunchDaemons/com.apple.companionETD.plist
13:18:14.650 nanoregistrylaunchd[23605] Failed to enable path: code = 113: Could not find specified service, /Applications/Xcode.app/Contents/Developer/Platforms/iPhoneSimulator.platform/Developer/SDKs/iPhoneSimulator.sdk/System/Library/NanoLaunchDaemons/com.apple.companionmessagesd.plist
13:18:14.650 nanoregistrylaunchd[23605] Failed to enable path: code = 113: Could not find specified service, /Applications/Xcode.app/Contents/Developer/Platforms/iPhoneSimulator.platform/Developer/SDKs/iPhoneSimulator.sdk/System/Library/NanoLaunchDaemons/com.apple.NPKCompanionAgent.plist
13:18:16.771 xctest[23561:1983990] _XCT_testBundleReadyWithProtocolVersion:minimumVersion: reply received
13:18:16.819 xctest[23561:1983990] _IDE_startExecutingTestPlanWithProtocolVersion:16
Test Suite 'All tests' started at 2016-06-01 13:18:16.963
13:18:17.077 Xcode[73139:1983496] (LOG ARBITER) Dumping buffered message data; 0 messages.
13:18:17.078 Xcode[73139:1983496] (LOG ARBITER) Dumping buffered message data; 0 messages.
13:18:17.764 Xcode[73139:1983435] (LOG ARBITER) Dumping buffered message data; 0 messages.
13:18:17.766 Xcode[73139:1982752] (LOG ARBITER) Dumping buffered message data; 0 messages.
13:18:16.965 Xcode[73139:868194] _XCT_testSuite:All tests didStartAt:2016-06-01 17:18:16 +0000
13:18:16.965 xctest[23561:1983497] -[_XCTestDriverTestObserver testSuiteWillStart:]
13:18:14.650 nanoregistrylaunchd[23605] Failed to enable path: code = 113: Could not find specified service, /Applications/Xcode.app/Contents/Developer/Platforms/iPhoneSimulator.platform/Developer/SDKs/iPhoneSimulator.sdk/System/Library/NanoLaunchDaemons/com.apple.pairedunlockd-phone.plist
13:18:14.650 nanoregistrylaunchd[23605] Failed to enable path: code = 113: Could not find specified service, /Applications/Xcode.app/Contents/Developer/Platforms/iPhoneSimulator.platform/Developer/SDKs/iPhoneSimulator.sdk/System/Library/NanoLaunchDaemons/com.apple.addressbooksyncd.plist
13:18:14.650 nanoregistrylaunchd[23605] Failed to enable path: code = 113: Could not find specified service, /Applications/Xcode.app/Contents/Developer/Platforms/iPhoneSimulator.platform/Developer/SDKs/iPhoneSimulator.sdk/System/Library/NanoLaunchDaemons/com.apple.appconduitd.plist
13:18:16.966 Xcode[73139:868194] _XCT_testSuite:NetworkWrapperTests.xctest didStartAt:2016-06-01 17:18:16 +0000
13:18:14.658 profiled[23604] (Note ) MC: Done updating.
13:18:14.658 profiled[23604] (Error) MC: open failed for /private/var/containers/Shared/SystemGroup/systemgroup.com.apple.configurationprofiles/Library/ConfigurationProfiles/PayloadManifest.plist.OHol4b : No such file or directory
Test Suite 'NetworkWrapperTests.xctest' started at 2016-06-01 13:18:16.965
13:18:16.966 xctest[23561:1983497] -[_XCTestDriverTestObserver testSuiteWillStart:]
13:18:16.967 Xcode[73139:868194] _XCT_testSuite:NetworkWrapperTests didStartAt:2016-06-01 17:18:16 +0000
13:18:14.659 profiled[23604] (Error) MC: Failed to write /private/var/containers/Shared/SystemGroup/systemgroup.com.apple.configurationprofiles/Library/ConfigurationProfiles/PayloadManifest.plist with error Error Domain=NSPOSIXErrorDomain Code=2 "No such file or directory"
13:18:14.659 profiled[23604] (Note ) MC: Cleaning up app configuration.
Test Suite 'NetworkWrapperTests' started at 2016-06-01 13:18:16.966
13:18:16.966 xctest[23561:1983497] -[_XCTestDriverTestObserver testCaseWillStart:] NetworkWrapperTests testCreateNetworkWrapper
13:18:16.967 Xcode[73139:868194] _XCT_testCaseDidStartForTestClass:NetworkWrapperTests method:testCreateNetworkWrapper
13:18:14.659 profiled[23604] (Note ) MC: Finished cleaning up app configuration.
13:18:14.659 profiled[23604] (Error) MC: open failed for /private/var/containers/Shared/SystemGroup/systemgroup.com.apple.configurationprofiles/Library/ConfigurationProfiles/AppAccessibilityParameters.plist.fX28ps : No such file or directory
13:18:14.659 profiled[23604] (Error) MC: Failed to write /private/var/containers/Shared/SystemGroup/systemgroup.com.apple.configurationprofiles/Library/ConfigurationProfiles/AppAccessibilityParameters.plist with error Error Domain=NSPOSIXErrorDomain Code=2 "No such file or directory"
13:18:14.660 installd[23570] 0x700000094000 __69-[MIFileManager urlsForItemsInDirectoryAtURL:ignoringSymlinks:error:]_block_invoke: Ignoring symlink at /Applications/Xcode.app/Contents/Developer/Platforms/iPhoneSimulator.platform/Developer/SDKs/iPhoneSimulator.sdk/System/Library/CoreServices/CFNetworkAgent
13:18:14.660 profiled[23604] (Error) MC: open failed for /private/var/containers/Shared/SystemGroup/systemgroup.com.apple.configurationprofiles/Library/ConfigurationProfiles/ProfileTruth.plist.8o5wm0 : No such file or directory
13:18:14.660 profiled[23604] (Error) MC: Failed to write /private/var/containers/Shared/SystemGroup/systemgroup.com.apple.configurationprofiles/Library/ConfigurationProfiles/ProfileTruth.plist with error Error Domain=NSPOSIXErrorDomain Code=2 "No such file or directory"
13:18:14.664 CoreSimulatorBridge[23584] Request received to remove pairs that are no longer paired by the host.
    hostPairedArray = (
    "<__NSConcreteUUID 0x7fa583c08790> B34351E1-BEAF-4FAD-A600-27EF770870EA"
)
    simPairedArray=(
)
    unpairArray=(
)
13:18:14.665 CoreSimulatorBridge[23584] Switching to keyboard: en
13:18:14.673 locationd[23579] PairedSync, Debugging at level 0 for console and level 0 for log files
13:18:14.674 profiled[23604] (Error) MC: open failed for /private/var/containers/Shared/SystemGroup/systemgroup.com.apple.configurationprofiles/Library/ConfigurationProfiles/UserSettings.plist.VcUfHO : No such file or directory
13:18:14.674 profiled[23604] (Error) MC: Failed to write /private/var/containers/Shared/SystemGroup/systemgroup.com.apple.configurationprofiles/Library/ConfigurationProfiles/UserSettings.plist with error Error Domain=NSPOSIXErrorDomain Code=2 "No such file or directory"
13:18:14.677 locationd[23579] Error: Could not create service from plist at path: file:///Applications/Xcode.app/Contents/Developer/Platforms/iPhoneSimulator.platform/Developer/SDKs/iPhoneSimulator.sdk/System/Library/PairedSyncServices/com.apple.pairedsync.locationd.plist. Returning nil PSYSyncCoordinator for service name com.apple.pairedsync.locationd.  Please check that your plist exists and is in the correct format.
13:18:14.678 profiled[23604] (Note ) MC: Correcting stubs with incorrect install options...
13:18:14.679 profiled[23604] (Note ) MC: Completed install options corrections.
13:18:14.679 profiled[23604] (Note ) MC: Tagging managed accounts...
13:18:14.705 geod[23603] 2016-06-01 13:18:14.704, 23603, 82509370, [GEOPersistenceManager]: Mapping directory does not exist. Will create it at path: /Users/matt/Library/Developer/CoreSimulator/Devices/686336CB-C74C-4486-83E7-6091A9A9CC11/data/Library/GeoServices/PhoneNumberMapping.plist
13:18:14.707 geod[23603] 2016-06-01 13:18:14.707, 23603, 82509370, [LogMessageLogging]: adaptorOptionsArray is nil or empty, there no adaptors available to create
13:18:14.718 com.apple.MobileInstallationHelperService[23606] 0x70000019a000 __69-[MIFileManager urlsForItemsInDirectoryAtURL:ignoringSymlinks:error:]_block_invoke: Ignoring symlink at /Applications/Xcode.app/Contents/Developer/Platforms/iPhoneSimulator.platform/Developer/SDKs/iPhoneSimulator.sdk/System/Library/CoreServices/CFNetworkAgent
13:18:14.731 backboardd[23577] Migration complete (if performed). (Elapsed time: 0.53 seconds)
13:18:14.785 profiled[23604] (Note ) MC: Completed tagging 0 accounts as managed.
13:18:14.785 profiled[23604] (Note ) MC: Adding missing tags to IMAP accounts...
13:18:14.786 installd[23570] 0x700000094000 -[MIBundle _validateWithError:]: 30: Failed to load Info.plist from bundle at path /Applications/Xcode.app/Contents/Developer/Platforms/iPhoneSimulator.platform/Developer/SDKs/iPhoneSimulator.sdk/Applications/Fitness.app
13:18:14.794 profiled[23604] (Note ) MC: Done adding missing tags to 0 IMAP accounts.
13:18:14.794 profiled[23604] (Error) MC: open failed for /private/var/containers/Shared/SystemGroup/systemgroup.com.apple.configurationprofiles/Library/ConfigurationProfiles/PublicInfo/MCMeta.plist.Pvw4FA : No such file or directory
13:18:14.794 profiled[23604] (Error) MC: Failed to write /private/var/containers/Shared/SystemGroup/systemgroup.com.apple.configurationprofiles/Library/ConfigurationProfiles/PublicInfo/MCMeta.plist with error Error Domain=NSPOSIXErrorDomain Code=2 "No such file or directory"
13:18:14.795 profiled[23604] (Note ) MC: Managed Configuration completed migration.
13:18:14.797 profiled[23604] (Note ) MC: Battery Saver Mode is currently disabled
13:18:14.797 profiled[23604] (Note ) MC: Removing battery saver mode restrictions
13:18:14.800 profiled[23604] (Error) MC: open failed for /private/var/containers/Shared/SystemGroup/systemgroup.com.apple.configurationprofiles/Library/ConfigurationProfiles/ClientTruth.plist.OdlV0A : No such file or directory
13:18:14.800 profiled[23604] (Error) MC: Failed to write /private/var/containers/Shared/SystemGroup/systemgroup.com.apple.configurationprofiles/Library/ConfigurationProfiles/ClientTruth.plist with error Error Domain=NSPOSIXErrorDomain Code=2 "No such file or directory"
13:18:14.802 locationd[23579] (Error) MC: open failed for /private/var/containers/Shared/SystemGroup/systemgroup.com.apple.configurationprofiles/Library/ConfigurationProfiles/PayloadManifest.plist.3fMSse : No such file or directory
13:18:14.802 locationd[23579] (Error) MC: Failed to write /private/var/containers/Shared/SystemGroup/systemgroup.com.apple.configurationprofiles/Library/ConfigurationProfiles/PayloadManifest.plist with error Error Domain=NSPOSIXErrorDomain Code=2 "No such file or directory"
13:18:14.833 installd[23570] 0x700000094000 -[MIBundle _validateWithError:]: 30: Failed to load Info.plist from bundle at path /Applications/Xcode.app/Contents/Developer/Platforms/iPhoneSimulator.platform/Developer/SDKs/iPhoneSimulator.sdk/Applications/Maps.app/PlugIns/MapsDiagnostic.appex
13:18:14.833 installd[23570] 0x700000094000 +[MILaunchServicesDatabaseGatherer dictOfPluginKitPluginsInBundle:updatingPluginParentID:withError:]: Failed to get plugin bundles for bundle com.apple.Maps : Error Domain=MIInstallerErrorDomain Code=35 "Failed to load Info.plist from bundle at path /Applications/Xcode.app/Contents/Developer/Platforms/iPhoneSimulator.platform/Developer/SDKs/iPhoneSimulator.sdk/Applications/Maps.app/PlugIns/MapsDiagnostic.appex" UserInfo={LegacyErrorString=PackageInspectionFailed, FunctionName=-[MIBundle _validateWithError:], SourceFileLine=30, NSLocalizedDescription=Failed to load Info.plist from bundle at path /Applications/Xcode.app/Contents/Developer/Platforms/iPhoneSimulator.platform/Developer/SDKs/iPhoneSimulator.sdk/Applications/Maps.app/PlugIns/MapsDiagnostic.appex}
13:18:14.844 SpringBoard[23576] objc[23576]: Class AVTimeFormatter is implemented in both /Applications/Xcode.app/Contents/Developer/Platforms/iPhoneSimulator.platform/Developer/SDKs/iPhoneSimulator.sdk/System/Library/PrivateFrameworks/MediaPlayerUI.framework/MediaPlayerUI and /Applications/Xcode.app/Contents/Developer/Platforms/iPhoneSimulator.platform/Developer/SDKs/iPhoneSimulator.sdk/System/Library/Frameworks/AVKit.framework/AVKit. One of the two will be used. Which one is undefined.
13:18:14.886 installd[23570] 0x700000094000 -[MIBundle _validateWithError:]: 30: Failed to load Info.plist from bundle at path /Applications/Xcode.app/Contents/Developer/Platforms/iPhoneSimulator.platform/Developer/SDKs/iPhoneSimulator.sdk/Applications/Photo Booth.app
13:18:14.938 backboardd[23577] Now monitoring "com.apple.springboard"
13:18:14.971 fileproviderd[23564] (Note ) FileProvider: /Applications/Xcode.app/Contents/Developer/Platforms/iPhoneSimulator.platform/Developer/SDKs/iPhoneSimulator.sdk/System/Library/PrivateFrameworks/FileProvider.framework/Support/fileproviderd starting.
13:18:14.995 installd[23570] 0x700000094000 __69-[MIFileManager urlsForItemsInDirectoryAtURL:ignoringSymlinks:error:]_block_invoke: Ignoring symlink at /Applications/Xcode.app/Contents/Developer/Platforms/iPhoneSimulator.platform/Developer/SDKs/iPhoneSimulator.sdk/System/Library/CoreServices/CFNetworkAgent
13:18:15.070 installd[23570] 0x700000094000 -[MIBundle _validateWithError:]: 30: Failed to load Info.plist from bundle at path /Applications/Xcode.app/Contents/Developer/Platforms/iPhoneSimulator.platform/Developer/SDKs/iPhoneSimulator.sdk/System/Library/Frameworks/IOKit.framework
13:18:15.141 installd[23570] 0x700000094000 -[MIFileManager realPathForURL:ifChildOfURL:]: Rejecting /Applications/Xcode.app/Contents/Developer/Platforms/iPhoneSimulator.platform/Developer/SDKs/iPhoneSimulator.sdk/System/Library/Frameworks/System.framework/System -> /../../../../usr/lib/libSystem.dylib, as it is points outside or to the base /Applications/Xcode.app/Contents/Developer/Platforms/iPhoneSimulator.platform/Developer/SDKs/iPhoneSimulator.sdk/System/Library/Frameworks/System.framework
13:18:15.141 installd[23570] 0x700000094000 -[MIExecutableBundle _validateWithError:]: 70: Bundle at path /Applications/Xcode.app/Contents/Developer/Platforms/iPhoneSimulator.platform/Developer/SDKs/iPhoneSimulator.sdk/System/Library/Frameworks/System.framework has missing or invalid CFBundleExecutable in its Info.plist
13:18:15.164 installd[23570] 0x700000094000 __69-[MIFileManager urlsForItemsInDirectoryAtURL:ignoringSymlinks:error:]_block_invoke: Ignoring symlink at /Applications/Xcode.app/Contents/Developer/Platforms/iPhoneSimulator.platform/Developer/SDKs/iPhoneSimulator.sdk/System/Library/PrivateFrameworks/HealthKitUI.framework
13:18:15.166 installd[23570] 0x700000094000 -[MIBundle _validateWithError:]: 30: Failed to load Info.plist from bundle at path /Applications/Xcode.app/Contents/Developer/Platforms/iPhoneSimulator.platform/Developer/SDKs/iPhoneSimulator.sdk/System/Library/PrivateFrameworks/ABLE.framework
13:18:15.166 installd[23570] 0x700000094000 -[MIBundle _validateWithError:]: 30: Failed to load Info.plist from bundle at path /Applications/Xcode.app/Contents/Developer/Platforms/iPhoneSimulator.platform/Developer/SDKs/iPhoneSimulator.sdk/System/Library/PrivateFrameworks/ABLEModel.framework
13:18:15.196 installd[23570] 0x700000094000 -[MIBundle _validateWithError:]: 30: Failed to load Info.plist from bundle at path /Applications/Xcode.app/Contents/Developer/Platforms/iPhoneSimulator.platform/Developer/SDKs/iPhoneSimulator.sdk/System/Library/PrivateFrameworks/AppLaunchStats.framework
13:18:15.207 installd[23570] 0x700000094000 -[MIBundle _validateWithError:]: 30: Failed to load Info.plist from bundle at path /Applications/Xcode.app/Contents/Developer/Platforms/iPhoneSimulator.platform/Developer/SDKs/iPhoneSimulator.sdk/System/Library/PrivateFrameworks/AppleSauce.framework
13:18:15.220 mstreamd[23566] (Note ) mstreamd: mstreamd starting up.
13:18:15.225 mstreamd[23566] (Note ) PS: The subscription plugin class does not support push notification refreshing.
13:18:15.225 mstreamd[23566] (Note ) PS: Media stream daemon starting...
13:18:15.243 installd[23570] 0x700000094000 -[MIBundle _validateWithError:]: 30: Failed to load Info.plist from bundle at path /Applications/Xcode.app/Contents/Developer/Platforms/iPhoneSimulator.platform/Developer/SDKs/iPhoneSimulator.sdk/System/Library/PrivateFrameworks/BiometricKitUI.framework
13:18:15.332 installd[23570] 0x700000094000 -[MIBundle _validateWithError:]: 30: Failed to load Info.plist from bundle at path /Applications/Xcode.app/Contents/Developer/Platforms/iPhoneSimulator.platform/Developer/SDKs/iPhoneSimulator.sdk/System/Library/PrivateFrameworks/CoreFollowUp.framework
13:18:15.389 installd[23570] 0x700000094000 -[MIBundle _validateWithError:]: 30: Failed to load Info.plist from bundle at path /Applications/Xcode.app/Contents/Developer/Platforms/iPhoneSimulator.platform/Developer/SDKs/iPhoneSimulator.sdk/System/Library/PrivateFrameworks/DeviceToDeviceManager.framework
13:18:15.423 wcd[23575] libMobileGestalt MobileGestalt.c:2584: Failed to get battery level
13:18:15.424 wcd[23575] libMobileGestalt MobileGestalt.c:2584: Failed to get battery level
13:18:15.458 installd[23570] 0x700000094000 -[MIBundle _validateWithError:]: 30: Failed to load Info.plist from bundle at path /Applications/Xcode.app/Contents/Developer/Platforms/iPhoneSimulator.platform/Developer/SDKs/iPhoneSimulator.sdk/System/Library/PrivateFrameworks/Duet.framework
13:18:15.458 installd[23570] 0x700000094000 -[MIBundle _validateWithError:]: 30: Failed to load Info.plist from bundle at path /Applications/Xcode.app/Contents/Developer/Platforms/iPhoneSimulator.platform/Developer/SDKs/iPhoneSimulator.sdk/System/Library/PrivateFrameworks/DuetHeuristics.framework
13:18:15.458 installd[23570] 0x700000094000 -[MIBundle _validateWithError:]: 30: Failed to load Info.plist from bundle at path /Applications/Xcode.app/Contents/Developer/Platforms/iPhoneSimulator.platform/Developer/SDKs/iPhoneSimulator.sdk/System/Library/PrivateFrameworks/DuetPLLConfigLogger.framework
13:18:15.525 callservicesd[23595] Normal message received by listener connection. Ignoring.
13:18:15.563 callservicesd[23595] Normal message received by listener connection. Ignoring.
13:18:15.577 callservicesd[23595] CallHistory: Directory creation failed at location file:///var/mobile///Library/Logs/CallHistory error: Error Domain=NSCocoaErrorDomain Code=513 "You dont have permission to save the file CallHistory in the folder Logs." UserInfo={NSFilePath=/var/mobile///Library/Logs/CallHistory, NSUnderlyingError=0x7fed99205980 {Error Domain=NSPOSIXErrorDomain Code=13 "Permission denied"}}
13:18:15.602 nsurlsessiond[23590] (Error) MC: MobileContainerManager gave us a path we weren't expecting; file a radar against them
Expected: /private/var/containers/Shared/SystemGroup/systemgroup.com.apple.configurationprofiles
Actual: /Users/matt/Library/Developer/CoreSimulator/Devices/686336CB-C74C-4486-83E7-6091A9A9CC11/data/Containers/Shared/SystemGroup/systemgroup.com.apple.configurationprofiles
Overriding MCM with the one true path
13:18:15.682 installd[23570] 0x700000094000 -[MIBundle _validateWithError:]: 30: Failed to load Info.plist from bundle at path /Applications/Xcode.app/Contents/Developer/Platforms/iPhoneSimulator.platform/Developer/SDKs/iPhoneSimulator.sdk/System/Library/PrivateFrameworks/NanoAudioControl.framework
13:18:15.692 installd[23570] 0x700000094000 -[MIBundle _validateWithError:]: 30: Failed to load Info.plist from bundle at path /Applications/Xcode.app/Contents/Developer/Platforms/iPhoneSimulator.platform/Developer/SDKs/iPhoneSimulator.sdk/System/Library/PrivateFrameworks/NanoMediaRemote.framework
13:18:15.692 installd[23570] 0x700000094000 -[MIBundle _validateWithError:]: 30: Failed to load Info.plist from bundle at path /Applications/Xcode.app/Contents/Developer/Platforms/iPhoneSimulator.platform/Developer/SDKs/iPhoneSimulator.sdk/System/Library/PrivateFrameworks/NanoMusicSync.framework
13:18:15.705 installd[23570] 0x700000094000 -[MIBundle _validateWithError:]: 30: Failed to load Info.plist from bundle at path /Applications/Xcode.app/Contents/Developer/Platforms/iPhoneSimulator.platform/Developer/SDKs/iPhoneSimulator.sdk/System/Library/PrivateFrameworks/NCLaunchStats.framework
13:18:15.771 sharingd[23578] 13:18:15.770 : Starting Up...
13:18:15.806 installd[23570] 0x700000094000 -[MIBundle _validateWithError:]: 30: Failed to load Info.plist from bundle at path /Applications/Xcode.app/Contents/Developer/Platforms/iPhoneSimulator.platform/Developer/SDKs/iPhoneSimulator.sdk/System/Library/PrivateFrameworks/SoftwareUpdateBridge.framework
13:18:15.840 installd[23570] 0x700000094000 -[MIBundle _validateWithError:]: 30: Failed to load Info.plist from bundle at path /Applications/Xcode.app/Contents/Developer/Platforms/iPhoneSimulator.platform/Developer/SDKs/iPhoneSimulator.sdk/System/Library/PrivateFrameworks/TelephonyRPC.framework
13:18:15.849 nsurlsessiond[23590] Task 1 for client <CFString 0x7f8124205060 [0x10a9c2a40]>{contents = "com.apple.mobileassetd"} completed with error - code: -999
13:18:15.865 sharingd[23578] 13:18:15.865 : Device Capabilities (Handoff:YES, Instant Hotspot:YES, AirDrop:YES, Legacy AirDrop:NO, Remote Disc:NO)
13:18:15.926 mediaremoted[23567] Normal message received by listener connection. Ignoring.
13:18:16.249 locationd[23579] BLP: bundle path does not exist, /System/Library/LocationBundles/MotionCalibration.bundle
13:18:16.249 locationd[23579] BLP: Need a bundle path or a bundle identifier.
13:18:16.251 profiled[23604] (Error) MC: open failed for /private/var/containers/Shared/SystemGroup/systemgroup.com.apple.configurationprofiles/Library/ConfigurationProfiles/ClientTruth.plist.vQYPFk : No such file or directory
13:18:16.251 profiled[23604] (Error) MC: Failed to write /private/var/containers/Shared/SystemGroup/systemgroup.com.apple.configurationprofiles/Library/ConfigurationProfiles/ClientTruth.plist with error Error Domain=NSPOSIXErrorDomain Code=2 "No such file or directory"
13:18:16.264 profiled[23604] (Note ) MC: Waking daemons post migration
13:18:16.266 profiled[23604] (Error) MC: open failed for /private/var/containers/Shared/SystemGroup/systemgroup.com.apple.configurationprofiles/Library/ConfigurationProfiles/UserSettings.plist.7TTHnh : No such file or directory
13:18:16.266 profiled[23604] (Error) MC: Failed to write /private/var/containers/Shared/SystemGroup/systemgroup.com.apple.configurationprofiles/Library/ConfigurationProfiles/UserSettings.plist with error Error Domain=NSPOSIXErrorDomain Code=2 "No such file or directory"
13:18:16.269 sharingd[23578] (Error) MC: MobileContainerManager gave us a path we weren't expecting; file a radar against them
Expected: /private/var/containers/Shared/SystemGroup/systemgroup.com.apple.configurationprofiles
Actual: /Users/matt/Library/Developer/CoreSimulator/Devices/686336CB-C74C-4486-83E7-6091A9A9CC11/data/Containers/Shared/SystemGroup/systemgroup.com.apple.configurationprofiles
Overriding MCM with the one true path
13:18:16.275 webbookmarksd[23608] (Error) MC: MobileContainerManager gave us a path we weren't expecting; file a radar against them
Expected: /private/var/containers/Shared/SystemGroup/systemgroup.com.apple.configurationprofiles
Actual: /Users/matt/Library/Developer/CoreSimulator/Devices/686336CB-C74C-4486-83E7-6091A9A9CC11/data/Containers/Shared/SystemGroup/systemgroup.com.apple.configurationprofiles
Overriding MCM with the one true path
13:18:16.276 locationd[23579] Location icon should now be in state 'Inactive'
13:18:16.289 CoreSimulatorBridge[23584] KEYMAP: Chose mode=en_US@hw=US;sw=QWERTY from match=en_US@hw=US;sw=QWERTY from language=en
13:18:16.308 routined[23565] BTM: attaching to BTServer
13:18:16.310 routined[23565] BTM: failed to attach with error 9
13:18:16.322 routined[23565] CoreLocation: Error occurred while trying to retrieve motion state update: CMErrorDomain Code:104
13:18:16.325 pkd[23610] assigning plug-in com.apple.ServerDocuments.ServerFileProvider(1.0) to plugin sandbox
13:18:16.326 pkd[23610] enabling pid=23564 for plug-in com.apple.ServerDocuments.ServerFileProvider(1.0) 2993811A-FCC7-4AC5-9AA9-37707C167685 /Applications/Xcode.app/Contents/Developer/Platforms/iPhoneSimulator.platform/Developer/SDKs/iPhoneSimulator.sdk/Applications/ServerDocuments.app/PlugIns/ServerFileProvider.appex
13:18:16.392 SpringBoard[23576] (Error) MC: MobileContainerManager gave us a path we weren't expecting; file a radar against them
Expected: /private/var/containers/Shared/SystemGroup/systemgroup.com.apple.configurationprofiles
Actual: /Users/matt/Library/Developer/CoreSimulator/Devices/686336CB-C74C-4486-83E7-6091A9A9CC11/data/Containers/Shared/SystemGroup/systemgroup.com.apple.configurationprofiles
Overriding MCM with the one true path
13:18:16.424 carkitd[23616] BTM: attaching to BTServer
13:18:16.425 carkitd[23616] BTM: failed to attach with error 9
13:18:16.465 sharingd[23578] 13:18:16.464 : Failed to send SDURLSessionProxy startup message, error Error Domain=com.apple.identityservices.error Code=200 "(null)" UserInfo={NSUnderlyingError=0x7fe3fad260f0 {Error Domain=com.apple.idssimualtorsupport.errors Code=3 "No pair is active." UserInfo={NSLocalizedDescription=No pair is active.}}}
13:18:16.674 healthd[23569] (Error) MC: MobileContainerManager gave us a path we weren't expecting; file a radar against them
Expected: /private/var/containers/Shared/SystemGroup/systemgroup.com.apple.configurationprofiles
Actual: /Users/matt/Library/Developer/CoreSimulator/Devices/686336CB-C74C-4486-83E7-6091A9A9CC11/data/Containers/Shared/SystemGroup/systemgroup.com.apple.configurationprofiles
Overriding MCM with the one true path
13:18:16.718 healthd[23569] PairedSync, Debugging at level 0 for console and level 0 for log files
13:18:16.718 callservicesd[23595] --- Received com.apple.coreservices.useractivity.reconnection notification, and we had an active user activity, so reconnecting to server. (UAUserActivityManager.m #153)
13:18:16.720 healthd[23569] Error: Could not create service from plist at path: file:///Applications/Xcode.app/Contents/Developer/Platforms/iPhoneSimulator.platform/Developer/SDKs/iPhoneSimulator.sdk/System/Library/PairedSyncServices/com.apple.pairedsync.healthd.plist. Returning nil PSYSyncCoordinator for service name com.apple.pairedsync.healthd.  Please check that your plist exists and is in the correct format.
13:18:16.769 healthd[23569] Error: failed to load bundle "/Applications/Xcode.app/Contents/Developer/Platforms/iPhoneSimulator.platform/Developer/SDKs/iPhoneSimulator.sdk/System/Library/Health/Plugins/CompanionHealth.bundle": Error Domain=NSCocoaErrorDomain Code=4 "The bundle CompanionHealth.bundle couldnt be loaded because its executable couldnt be located." UserInfo={NSLocalizedFailureReason=The bundles executable couldnt be located., NSLocalizedRecoverySuggestion=Try reinstalling the bundle., NSBundlePath=/Applications/Xcode.app/Contents/Developer/Platforms/iPhoneSimulator.platform/Developer/SDKs/iPhoneSimulator.sdk/System/Library/Health/Plugins/CompanionHealth.bundle, NSLocalizedDescription=The bundle CompanionHealth.bundle couldnt be loaded because its executable couldnt be located.}
Test Case '-[NetworkWrapperTests testCreateNetworkWrapper]' started.
13:18:17.076 xctest[23561:1983497] -[_XCTestDriverTestObserver testCaseDidFinish:]
13:18:17.077 Xcode[73139:868194] _XCT_testCaseDidFinishForTestClass:NetworkWrapperTests method:testCreateNetworkWrapper withStatus:passed duration:0.1092290282249451
13:18:17.076 xctest[23561:1983497] -[_XCTestDriverTestObserver testCaseWillStart:] NetworkWrapperTests testExample
13:18:17.078 Xcode[73139:868194] _XCT_testCaseDidStartForTestClass:NetworkWrapperTests method:testExample
13:18:17.077 xctest[23561:1983497] -[_XCTestDriverTestObserver testCaseDidFinish:]
13:18:17.078 Xcode[73139:868194] _XCT_testCaseDidFinishForTestClass:NetworkWrapperTests method:testExample withStatus:passed duration:0.0004959702491760254
13:18:17.078 xctest[23561:1983497] -[_XCTestDriverTestObserver testCaseWillStart:] NetworkWrapperTests testPerformanceExample
Test Case '-[NetworkWrapperTests testCreateNetworkWrapper]' passed (0.109 seconds).
Test Case '-[NetworkWrapperTests testExample]' started.
Test Case '-[NetworkWrapperTests testExample]' passed (0.000 seconds).
13:18:17.190 Xcode[73139:868194] _XCT_testCaseDidStartForTestClass:NetworkWrapperTests method:testPerformanceExample
13:18:17.263 testmanagerd[23585:1983529] BKSAccelerometer reported orientation update: 0
Test Case '-[NetworkWrapperTests testPerformanceExample]' started.
13:18:17.728 xctest[23561:1983497] -[_XCTestDriverTestObserver _testCase:didMeasureValues:forPerformanceMetricID:name:unitsOfMeasurement:baselineName:baselineAverage:maxPercentRegression:maxPercentRelativeStandardDeviation:maxRegression:maxStandardDeviation:file:line:]
13:18:17.731 Xcode[73139:868194] -[_IDETestManagerAPIMediator _XCT_testMethod:ofClass:didMeasureMetric:file:line:]
/Users/matt/Projects/Personal/NetworkWrapper/NetworkWrapperTests/NetworkWrapperTests.m:82: Test Case '-[NetworkWrapperTests testPerformanceExample]' measured [Time, seconds] average: 0.000, relative standard deviation: 138.562%, values: [0.000003, 0.000001, 0.000000, 0.000000, 0.000000, 0.000000, 0.000000, 0.000000, 0.000000, 0.000000], performanceMetricID:com.apple.XCTPerformanceMetric_WallClockTime, baselineName: "", baselineAverage: , maxPercentRegression: 10.000%, maxPercentRelativeStandardDeviation: 10.000%, maxRegression: 0.100, maxStandardDeviation: 0.100
13:18:17.762 xctest[23561:1983497] -[_XCTestDriverTestObserver testCaseDidFinish:]
Test Case '-[NetworkWrapperTests testPerformanceExample]' passed (0.685 seconds).
13:18:17.764 Xcode[73139:868194] _XCT_testCaseDidFinishForTestClass:NetworkWrapperTests method:testPerformanceExample withStatus:passed duration:0.684785008430481
13:18:17.763 xctest[23561:1983497] -[_XCTestDriverTestObserver testCaseWillStart:] NetworkWrapperTests testSetInvalidHostLength
13:18:17.765 Xcode[73139:868194] _XCT_testCaseDidStartForTestClass:NetworkWrapperTests method:testSetInvalidHostLength
13:18:17.764 xctest[23561:1983497] -[_XCTestDriverTestObserver testCaseDidFinish:]
13:18:17.766 Xcode[73139:868194] _XCT_testCaseDidFinishForTestClass:NetworkWrapperTests method:testSetInvalidHostLength withStatus:passed duration:0.0005139708518981934
13:18:17.764 xctest[23561:1983497] -[_XCTestDriverTestObserver testCaseWillStart:] NetworkWrapperTests testSetInvalidSchemeLength
13:18:17.766 Xcode[73139:868194] _XCT_testCaseDidStartForTestClass:NetworkWrapperTests method:testSetInvalidSchemeLength
13:18:17.765 xctest[23561:1983497] -[_XCTestDriverTestObserver testCase:didFailWithDescription:inFile:atLine:]
13:18:17.766 Xcode[73139:868194] _XCT_testCaseDidFailForTestClass:NetworkWrapperTests method:testSetInvalidSchemeLength withMessage:((self.networkWrapper.scheme) equal to (@"")) failed: ("<e012ff18 01000000>") is not equal to ("<6011ff18 01000000>") file:/Users/matt/Projects/Personal/NetworkWrapper/NetworkWrapperTests/NetworkWrapperTests.m line:56
Test Case '-[NetworkWrapperTests testSetInvalidHostLength]' started.
Test Case '-[NetworkWrapperTests testSetInvalidHostLength]' passed (0.001 seconds).
Test Case '-[NetworkWrapperTests testSetInvalidSchemeLength]' started.
/Users/matt/Projects/Personal/NetworkWrapper/NetworkWrapperTests/NetworkWrapperTests.m:56: error: -[NetworkWrapperTests testSetInvalidSchemeLength] : ((self.networkWrapper.scheme) equal to (@"")) failed: ("<e012ff18 01000000>") is not equal to ("<6011ff18 01000000>")
Test Case '-[NetworkWrapperTests testSetInvalidSchemeLength]' failed (0.001 seconds).
Test Case '-[NetworkWrapperTests testSetNilHost]' started.
Test Case '-[NetworkWrapperTests testSetNilHost]' passed (0.000 seconds).
Test Case '-[NetworkWrapperTests testSetNilPort]' started.
Test Case '-[NetworkWrapperTests testSetNilPort]' passed (0.001 seconds).
Test Case '-[NetworkWrapperTests testSetNilScheme]' started.
/Users/matt/Projects/Personal/NetworkWrapper/NetworkWrapperTests/NetworkWrapperTests.m:61: error: -[NetworkWrapperTests testSetNilScheme] : ((self.networkWrapper.scheme) == nil) failed: "HTTP"
Test Case '-[NetworkWrapperTests testSetNilScheme]' failed (0.008 seconds).
Test Case '-[NetworkWrapperTests testSetValidHost]' started.
Test Case '-[NetworkWrapperTests testSetValidHost]' passed (0.001 seconds).
Test Case '-[NetworkWrapperTests testSetValidPort]' started.
Test Case '-[NetworkWrapperTests testSetValidPort]' passed (0.000 seconds).
Test Case '-[NetworkWrapperTests testSetValidScheme]' started.
Test Case '-[NetworkWrapperTests testSetValidScheme]' passed (0.001 seconds).
Test Suite 'NetworkWrapperTests' failed at 2016-06-01 13:18:17.815.
	 Executed 11 tests, with 2 failures (0 unexpected) in 0.808 (0.850) seconds
Test Suite 'NetworkWrapperTests.xctest' failed at 2016-06-01 13:18:17.817.
	 Executed 11 tests, with 2 failures (0 unexpected) in 0.808 (0.852) seconds
13:18:17.766 xctest[23561:1983497] -[_XCTestDriverTestObserver testCaseDidFinish:]
13:18:17.895 Xcode[73139:1982752] (LOG ARBITER) Dumping buffered message data; 0 messages.
13:18:17.899 Xcode[73139:1983436] (LOG ARBITER) Dumping buffered message data; 0 messages.
13:18:17.843 Xcode[73139:868194] _XCT_testCaseDidFinishForTestClass:NetworkWrapperTests method:testSetInvalidSchemeLength withStatus:failed duration:0.001471042633056641
13:18:17.766 xctest[23561:1983497] -[_XCTestDriverTestObserver testCaseWillStart:] NetworkWrapperTests testSetNilHost
13:18:17.888 Xcode[73139:868194] _XCT_testCaseDidStartForTestClass:NetworkWrapperTests method:testSetNilHost
13:18:17.767 xctest[23561:1983497] -[_XCTestDriverTestObserver testCaseDidFinish:]
13:18:17.894 Xcode[73139:868194] _XCT_testCaseDidFinishForTestClass:NetworkWrapperTests method:testSetNilHost withStatus:passed duration:0.0003730058670043945
13:18:17.767 xctest[23561:1983497] -[_XCTestDriverTestObserver testCaseWillStart:] NetworkWrapperTests testSetNilPort
13:18:17.896 Xcode[73139:868194] _XCT_testCaseDidStartForTestClass:NetworkWrapperTests method:testSetNilPort
13:18:17.768 xctest[23561:1983497] -[_XCTestDriverTestObserver testCaseDidFinish:]
13:18:17.899 Xcode[73139:868194] _XCT_testCaseDidFinishForTestClass:NetworkWrapperTests method:testSetNilPort withStatus:passed duration:0.0005620121955871582
13:18:17.768 xctest[23561:1983497] -[_XCTestDriverTestObserver testCaseWillStart:] NetworkWrapperTests testSetNilScheme
13:18:17.900 Xcode[73139:868194] _XCT_testCaseDidStartForTestClass:NetworkWrapperTests method:testSetNilScheme
13:18:17.776 xctest[23561:1983497] -[_XCTestDriverTestObserver testCase:didFailWithDescription:inFile:atLine:]
13:18:17.902 Xcode[73139:868194] _XCT_testCaseDidFailForTestClass:NetworkWrapperTests method:testSetNilScheme withMessage:((self.networkWrapper.scheme) == nil) failed: "HTTP" file:/Users/matt/Projects/Personal/NetworkWrapper/NetworkWrapperTests/NetworkWrapperTests.m line:61
13:18:17.776 xctest[23561:1983497] -[_XCTestDriverTestObserver testCaseDidFinish:]
13:18:17.910 Xcode[73139:1983436] (LOG ARBITER) Dumping buffered message data; 0 messages.
13:18:17.914 Xcode[73139:1983436] (LOG ARBITER) Dumping buffered message data; 0 messages.
13:18:17.916 Xcode[73139:1983425] (LOG ARBITER) Dumping buffered message data; 0 messages.
13:18:17.902 Xcode[73139:868194] _XCT_testCaseDidFinishForTestClass:NetworkWrapperTests method:testSetNilScheme withStatus:failed duration:0.008197963237762451
13:18:17.777 xctest[23561:1983497] -[_XCTestDriverTestObserver testCaseWillStart:] NetworkWrapperTests testSetValidHost
13:18:17.907 Xcode[73139:868194] _XCT_testCaseDidStartForTestClass:NetworkWrapperTests method:testSetValidHost
13:18:17.777 xctest[23561:1983497] -[_XCTestDriverTestObserver testCaseDidFinish:]
13:18:17.909 Xcode[73139:868194] _XCT_testCaseDidFinishForTestClass:NetworkWrapperTests method:testSetValidHost withStatus:passed duration:0.0005219578742980957
13:18:17.778 xctest[23561:1983497] -[_XCTestDriverTestObserver testCaseWillStart:] NetworkWrapperTests testSetValidPort
13:18:17.911 Xcode[73139:868194] _XCT_testCaseDidStartForTestClass:NetworkWrapperTests method:testSetValidPort
13:18:17.778 xctest[23561:1983497] -[_XCTestDriverTestObserver testCaseDidFinish:]
13:18:17.913 Xcode[73139:868194] _XCT_testCaseDidFinishForTestClass:NetworkWrapperTests method:testSetValidPort withStatus:passed duration:0.0003629922866821289
13:18:17.813 xctest[23561:1983497] -[_XCTestDriverTestObserver testCaseWillStart:] NetworkWrapperTests testSetValidScheme
13:18:17.914 Xcode[73139:868194] _XCT_testCaseDidStartForTestClass:NetworkWrapperTests method:testSetValidScheme
13:18:17.814 xctest[23561:1983497] -[_XCTestDriverTestObserver testCaseDidFinish:]
13:18:17.916 Xcode[73139:868194] _XCT_testCaseDidFinishForTestClass:NetworkWrapperTests method:testSetValidScheme withStatus:passed duration:0.001249015331268311
13:18:17.815 xctest[23561:1983497] -[_XCTestDriverTestObserver testSuiteDidFinish:]
13:18:17.917 Xcode[73139:868194] _XCT_testSuite:NetworkWrapperTests didFinishAt:2016-06-01 17:18:17 +0000 runCount:11 withFailures:2 unexpected:0 testDuration:0.8077619671821594 totalDuration:0.8496059775352478
13:18:17.817 xctest[23561:1983497] -[_XCTestDriverTestObserver testSuiteDidFinish:]
13:18:17.917 Xcode[73139:868194] _XCT_testSuite:NetworkWrapperTests.xctest didFinishAt:2016-06-01 17:18:17 +0000 runCount:11 withFailures:2 unexpected:0 testDuration:0.8077619671821594 totalDuration:0.8522499799728394
13:18:17.818 xctest[23561:1983497] -[_XCTestDriverTestObserver testSuiteDidFinish:]
13:18:17.918 Xcode[73139:868194] _XCT_testSuite:All tests didFinishAt:2016-06-01 17:18:17 +0000 runCount:11 withFailures:2 unexpected:0 testDuration:0.8077619671821594 totalDuration:0.8547670245170593
13:18:17.819 xctest[23561:1983497] Finished running suite.
13:18:17.820 xctest[23561:1983497] -[_XCTestDriverTestObserver testBundleDidFinish:], Flushing connection to IDE...
13:18:17.918 Xcode[73139:868194] -[_IDETestManagerAPIMediator _XCT_didFinishExecutingTestPlan]
13:18:17.918 Xcode[73139:868194] _finishWithError:(null) didCancel: 0
13:18:17.976 Xcode[73139:1983467] 686336CB-C74C-4486-83E7-6091A9A9CC11: Executable terminated at path: /Applications/Xcode.app/Contents/Developer/Platforms/iPhoneSimulator.platform/Developer/Library/Xcode/Agents/xctest (status = 256)
13:18:18.009 Xcode[73139:868194] Launch session expired.
13:18:17.970 xctest[23561:1983497] Calling completion.
13:18:18.130 Xcode[73139:868194] Got death notice for pid 23561, removing from SimulatorSessionMap
13:18:17.972 testmanagerd[23585:1983907] Test process connection invalidated or interrupted, closing test session <XCTestSession: 0x7fd13d80dc30>.
13:18:17.973 testmanagerd[23585:1983991] Closed <XCTestSession: 0x7fd13d80dc30>, removing from (
    "<XCTestSession: 0x7fd13d80dc30>"
)
13:18:17.974 testmanagerd[23585:1983991] Tearing down test session <XCTestSession: 0x7fd13d80dc30>.
13:18:17.975 testmanagerd[23585:1983991] Considering exiting, 0 test sessions, 0 sessions with identifiers, 0 unidentified sessions...
13:18:17.975 testmanagerd[23585:1983991] testmanagerd exiting, idle with no test activity.
13:18:17.230 assertiond[23580] assertion failed: 15F34 13E230: assertiond + 15801 [3C808658-78EC-3950-A264-79A64E0E463B]: 0x1
13:18:17.230 assertiond[23580] assertion failed: 15F34 13E230: assertiond + 15801 [3C808658-78EC-3950-A264-79A64E0E463B]: 0x1
13:18:17.253 backboardd[23577] CoreLocation: Device orientation blocking: timeout exceeded!
13:18:17.256 SpringBoard[23576] Loaded logger: FBDefaultLog; isEnabled: 0
13:18:17.259 SpringBoard[23576] Loaded logger: FBAppLibraryLog; isEnabled: 0
13:18:17.259 SpringBoard[23576] Loaded logger: FBWorkspaceLog; isEnabled: 0
13:18:17.260 SpringBoard[23576] assertion failed: 15F34 13E230: libxpc.dylib + 57882 [66C28065-C9DB-3C8E-926F-5A40210A6D1B]: 0x7d
13:18:17.260 SpringBoard[23576] Loaded logger: FBSystemGestureLog; isEnabled: 0
13:18:17.260 SpringBoard[23576] Loaded logger: FBAppDataStoreLog; isEnabled: 0
13:18:17.261 SpringBoard[23576] Loaded logger: SBIconLog; isEnabled: 0
13:18:17.261 SpringBoard[23576] Loaded logger: SBStatusBarishLog; isEnabled: 0
13:18:17.262 SpringBoard[23576] Loaded logger: SBAlarmLog; isEnabled: 0
13:18:17.262 SpringBoard[23576] Loaded logger: SBBannerLog; isEnabled: 0
13:18:17.262 SpringBoard[23576] Loaded logger: SBSoundLog; isEnabled: 0
13:18:17.263 SpringBoard[23576] Loaded logger: SBSystemGestureLog; isEnabled: 0
13:18:17.263 SpringBoard[23576] Loaded logger: SBSoftwareUpdateLog; isEnabled: 0
13:18:17.264 SpringBoard[23576] Loaded logger: SBUserSessionLog; isEnabled: 0
13:18:17.266 fileproviderd[23564] plugin com.apple.ServerDocuments.ServerFileProvider invalidated
13:18:17.266 assertiond[23580] assertion failed: 15F34 13E230: assertiond + 15801 [3C808658-78EC-3950-A264-79A64E0E463B]: 0x1
13:18:17.266 assertiond[23580] assertion failed: 15F34 13E230: assertiond + 15801 [3C808658-78EC-3950-A264-79A64E0E463B]: 0x1
13:18:17.267 ServerFileProvider[23617] host connection <NSXPCConnection: 0x7f8e2ad017b0> connection from pid 23564 invalidated
13:18:17.382 SpringBoard[23576] libMobileGestalt MobileGestalt.c:849: watch-companion is static and will never generate a notification
13:18:17.382 SpringBoard[23576] libMobileGestalt MobileGestalt.c:849: stand-alone-contacts is static and will never generate a notification
13:18:17.382 SpringBoard[23576] libMobileGestalt MobileGestalt.c:849: still-camera is static and will never generate a notification
13:18:17.384 SpringBoard[23576] Installed apps did change.
Added: {(
    "com.apple.PassbookUIService",
    "com.apple.SharedWebCredentialViewService",
    "com.apple.FacebookAccountMigrationDialog",
    "com.apple.mobilesafari",
    "com.apple.AdSheetPhone",
    "com.apple.share",
    "com.apple.SafariViewService",
    "com.apple.appleaccount.AACredentialRecoveryDialog",
    "com.apple.CloudKit.ShareBear",
    "com.apple.Preferences",
    "com.apple.WebContentFilter.remoteUI.WebContentAnalysisUI",
    "com.apple.Passbook",
    "com.apple.iCloudDriveApp",
    "com.Squirrels.ReflectorDirector",
    "com.apple.WatchKitSettings",
    "com.apple.TrustMe",
    "com.apple.mobilesms.compose",
    "com.apple.mobileslideshow",
    "com.apple.AccountAuthenticationDialog",
    "com.apple.TencentWeiboAccountMigrationDialog",
    "com.apple.WebViewService",
    "com.apple.MusicUIService",
    "com.apple.iad.iAdOptOut",
    "com.apple.CoreAuthUI",
    "com.apple.social.SLYahooAuth",
    "com.apple.Maps",
    "com.apple.MailCompositionService",
    "com.apple.PhotosViewService",
    "com.apple.quicklook.quicklookd",
    "com.apple.managedconfiguration.MDMRemoteAlertService",
    "com.apple.LoginUI",
    "com.apple.Health",
    "com.apple.datadetectors.DDActionsService",
    "com.apple.MobileAddressBook",
    "com.apple.social.SLGoogleAuth",
    "com.apple.DataActivation",
    "com.apple.Home.HomeUIService",
    "com.apple.ServerDocuments",
    "com.apple.HealthPrivacyService",
    "com.apple.WebSheet",
    "com.apple.camera",
    "com.apple.mobilecal",
    "com.apple.news",
    "com.apple.ios.StoreKitUIService",
    "com.apple.gamecenter.GameCenterUIService",
    "com.apple.PrintKit.Print-Center",
    "com.apple.webapp",
    "com.apple.reminders",
    "com.apple.webapp1",
    "com.apple.gamecenter"
)}
Removed: {(
)}
Modified: {(
)}
13:18:17.390 containermanagerd[23596] 0x70000021d000 systemGroupContainerPath: com.apple.containermanagerd.internal is not entitled for system group identifier: systemgroup.com.apple.sharedpclogging
13:18:17.397 SpringBoard[23576] adding observer to <NSUserDefaults: 0x7fc232005530> for key: SBMedusaEnabled
13:18:17.402 SpringBoard[23576] adding observer to <NSUserDefaults: 0x7fc232005530> for key: SBShowBatteryPercentage
13:18:17.402 SpringBoard[23576] adding observer to <NSUserDefaults: 0x7fc232005530> for key: SBShowBatteryLevel
13:18:17.403 SpringBoard[23576] *** error reading settings archive file: <SBRootSettings: /Users/matt/Library/Developer/CoreSimulator/Devices/686336CB-C74C-4486-83E7-6091A9A9CC11/data/Documents/com.apple.springboard.settings/RootSettings.plist> 
13:18:17.436 SpringBoard[23576] *** error reading settings archive file: <SBRootSettings: /Users/matt/Library/Developer/CoreSimulator/Devices/686336CB-C74C-4486-83E7-6091A9A9CC11/data/Documents/com.apple.springboard.settings/RootSettings.previous.plist> 
13:18:17.445 com.apple.accessibility.AccessibilityUIServer[23620] |AXIPC|warning| Could not find server for service: com.apple.accessibility.AXSpringBoardServer
13:18:17.447 com.apple.accessibility.AccessibilityUIServer[23620] |AXSBServer|error| AX SpringBoardServer: Error: Domain:AXIPC Code:0 Reason:The operation couldnt be completed. Could not find server for service: com.apple.accessibility.AXSpringBoardServer
13:18:17.447 com.apple.accessibility.AccessibilityUIServer[23620] |AXIPC|warning| Could not verify connection. server port was nil
13:18:17.453 com.apple.accessibility.AccessibilityUIServer[23620] assertion failed: 15F34 13E230: libxpc.dylib + 57882 [66C28065-C9DB-3C8E-926F-5A40210A6D1B]: 0x7d
13:18:17.497 SpringBoard[23576] Cannot get managed lost mode file on watch or simulator: -[FMDFMIPManager(Private) getManagedLostModeFileURL]
13:18:17.503 SpringBoard[23576] Normal message received by listener connection. Ignoring.
13:18:17.504 SpringBoard[23576] Normal message received by listener connection. Ignoring.
13:18:17.504 SpringBoard[23576] Normal message received by listener connection. Ignoring.
13:18:17.519 SpringBoard[23576] could not find icon for representation -> com.apple.MobileSMS
13:18:17.519 SpringBoard[23576] throwing out icon because it isn't visible in the model : node=<SBApplicationIcon: 0x7fc231fc0340; nodeID: "com.apple.camera"> com.apple.camera
13:18:17.519 SpringBoard[23576] could not find icon for representation -> com.apple.weather
13:18:17.520 SpringBoard[23576] could not find icon for representation -> com.apple.mobiletimer
13:18:17.520 SpringBoard[23576] could not find icon for representation -> com.apple.videos
13:18:17.520 SpringBoard[23576] could not find icon for representation -> com.apple.mobilenotes
13:18:17.520 SpringBoard[23576] could not find icon for representation -> com.apple.stocks
13:18:17.520 SpringBoard[23576] could not find icon for representation -> com.apple.MobileStore
13:18:17.520 SpringBoard[23576] could not find icon for representation -> com.apple.AppStore
13:18:17.520 SpringBoard[23576] could not find icon for representation -> com.apple.iBooks
13:18:17.521 SpringBoard[23576] could not find icon for representation -> com.apple.facetime
13:18:17.521 SpringBoard[23576] could not find icon for representation -> com.apple.calculator
13:18:17.521 SpringBoard[23576] could not find icon for representation -> com.apple.podcasts
13:18:17.521 SpringBoard[23576] could not find icon for representation -> com.apple.Bridge
13:18:17.522 SpringBoard[23576] could not find icon for representation -> com.apple.compass
13:18:17.522 SpringBoard[23576] could not find icon for representation -> com.apple.tips
13:18:17.522 SpringBoard[23576] could not find icon for representation -> com.apple.VoiceMemos
13:18:17.522 SpringBoard[23576] could not find icon for representation -> com.apple.mobileme.fmf1
13:18:17.522 SpringBoard[23576] could not find icon for representation -> com.apple.mobileme.fmip1
13:18:17.522 SpringBoard[23576] could not find icon for representation -> com.apple.mobilephone
13:18:17.523 SpringBoard[23576] could not find icon for representation -> com.apple.mobilemail
13:18:17.523 SpringBoard[23576] could not find icon for representation -> com.apple.Music
13:18:17.555 SpringBoard[23576]  [SBFImageColorSpaceUtilities] failed to create copy with colorSpace=<CGColorSpace 0x7fc231f34cb0> (kCGColorSpaceICCBased; kCGColorSpaceModelMonochrome; Generic Gray Gamma 2.2 Profile) of original CGImage=<CGImage 0x7fc231c7bf50> with colorSpace=<CGColorSpace 0x7fc231d46790> (kCGColorSpaceICCBased; kCGColorSpaceModelRGB; sRGB IEC61966-2.1)
13:18:17.650 medialibraryd[23623] (Error) MC: MobileContainerManager gave us a path we weren't expecting; file a radar against them
Expected: /private/var/containers/Shared/SystemGroup/systemgroup.com.apple.configurationprofiles
Actual: /Users/matt/Library/Developer/CoreSimulator/Devices/686336CB-C74C-4486-83E7-6091A9A9CC11/data/Containers/Shared/SystemGroup/systemgroup.com.apple.configurationprofiles
Overriding MCM with the one true path
13:18:17.707 SpringBoard[23576] Unable to simultaneously satisfy constraints.
	Probably at least one of the constraints in the following list is one you don't want. 
	Try this: 
		(1) look at each constraint and try to figure out which you don't expect; 
		(2) find the code that added the unwanted constraint or constraints and fix it. 
(
    "<NSLayoutConstraint:0x7fc231c9a190 UILabel:0x7fc2324806e0' '.leading == SPUISearchTableHeaderView:0x7fc23247c1e0.leadingMargin>",
    "<NSLayoutConstraint:0x7fc231c9ae10 H:[UILabel:0x7fc2324806e0' ']-(NSSpace(8))-[UIButton:0x7fc2324839f0'Show More']>",
    "<NSLayoutConstraint:0x7fc231c9ae60 SPUISearchTableHeaderView:0x7fc23247c1e0.trailingMargin == UIButton:0x7fc2324839f0'Show More'.trailing>",
    "<NSLayoutConstraint:0x7fc231c9a3c0 'UIView-Encapsulated-Layout-Width' H:[SPUISearchTableHeaderView:0x7fc23247c1e0(0)]>"
)

Will attempt to recover by breaking constraint 
<NSLayoutConstraint:0x7fc231c9ae10 H:[UILabel:0x7fc2324806e0' ']-(NSSpace(8))-[UIButton:0x7fc2324839f0'Show More']>

Make a symbolic breakpoint at UIViewAlertForUnsatisfiableConstraints to catch this in the debugger.
The methods in the UIConstraintBasedLayoutDebugging category on UIView listed in <UIKit/UIView.h> may also be helpful.
13:18:17.707 SpringBoard[23576] Unable to simultaneously satisfy constraints.
	Probably at least one of the constraints in the following list is one you don't want. 
	Try this: 
		(1) look at each constraint and try to figure out which you don't expect; 
		(2) find the code that added the unwanted constraint or constraints and fix it. 
(
    "<NSLayoutConstraint:0x7fc232484ee0 SPUISearchTableHeaderView:0x7fc23247c1e0.bottom == UILabel:0x7fc2324806e0' '.lastBaseline + 8>",
    "<NSLayoutConstraint:0x7fc231c98b80 UILabel:0x7fc2324806e0' '.firstBaseline == SPUISearchTableHeaderView:0x7fc23247c1e0.top + 36>",
    "<NSLayoutConstraint:0x7fc231c9a520 'UIView-Encapsulated-Layout-Height' V:[SPUISearchTableHeaderView:0x7fc23247c1e0(0)]>"
)

Will attempt to recover by breaking constraint 
<NSLayoutConstraint:0x7fc231c98b80 UILabel:0x7fc2324806e0' '.firstBaseline == SPUISearchTableHeaderView:0x7fc23247c1e0.top + 36>

Make a symbolic breakpoint at UIViewAlertForUnsatisfiableConstraints to catch this in the debugger.
The methods in the UIConstraintBasedLayoutDebugging category on UIView listed in <UIKit/UIView.h> may also be helpful.
13:18:17.707 SpringBoard[23576] Unable to simultaneously satisfy constraints.
	Probably at least one of the constraints in the following list is one you don't want. 
	Try this: 
		(1) look at each constraint and try to figure out which you don't expect; 
		(2) find the code that added the unwanted constraint or constraints and fix it. 
(
    "<NSLayoutConstraint:0x7fc232484ee0 SPUISearchTableHeaderView:0x7fc23247c1e0.bottom == UILabel:0x7fc2324806e0' '.lastBaseline + 8>",
    "<NSLayoutConstraint:0x7fc231c98ec0 V:|-(0)-[UIButton:0x7fc2324839f0'Show More']   (Names: '|':SPUISearchTableHeaderView:0x7fc23247c1e0 )>",
    "<NSLayoutConstraint:0x7fc231c99480 UIButton:0x7fc2324839f0'Show More'.firstBaseline == UILabel:0x7fc2324806e0' '.firstBaseline>",
    "<NSLayoutConstraint:0x7fc231c99cc0 UIButton:0x7fc2324839f0'Show More'.lastBaseline == UILabel:0x7fc2324806e0' '.lastBaseline>",
    "<NSLayoutConstraint:0x7fc231c9c880 UIButtonLabel:0x7fc232483f00.centerY == UIButton:0x7fc2324839f0'Show More'.centerY>",
    "<NSLayoutConstraint:0x7fc231c9a520 'UIView-Encapsulated-Layout-Height' V:[SPUISearchTableHeaderView:0x7fc23247c1e0(0)]>"
)

Will attempt to recover by breaking constraint 
<NSLayoutConstraint:0x7fc231c9c880 UIButtonLabel:0x7fc232483f00.centerY == UIButton:0x7fc2324839f0'Show More'.centerY>

Make a symbolic breakpoint at UIViewAlertForUnsatisfiableConstraints to catch this in the debugger.
The methods in the UIConstraintBasedLayoutDebugging category on UIView listed in <UIKit/UIView.h> may also be helpful.
13:18:17.708 SpringBoard[23576] Unable to simultaneously satisfy constraints.
	Probably at least one of the constraints in the following list is one you don't want. 
	Try this: 
		(1) look at each constraint and try to figure out which you don't expect; 
		(2) find the code that added the unwanted constraint or constraints and fix it. 
(
    "<NSLayoutConstraint:0x7fc232484ee0 SPUISearchTableHeaderView:0x7fc23247c1e0.bottom == UILabel:0x7fc2324806e0' '.lastBaseline + 8>",
    "<NSLayoutConstraint:0x7fc231c98ec0 V:|-(0)-[UIButton:0x7fc2324839f0'Show More']   (Names: '|':SPUISearchTableHeaderView:0x7fc23247c1e0 )>",
    "<NSLayoutConstraint:0x7fc231c99480 UIButton:0x7fc2324839f0'Show More'.firstBaseline == UILabel:0x7fc2324806e0' '.firstBaseline>",
    "<NSLayoutConstraint:0x7fc231c99cc0 UIButton:0x7fc2324839f0'Show More'.lastBaseline == UILabel:0x7fc2324806e0' '.lastBaseline>",
    "<NSLayoutConstraint:0x7fc231c9bdb0 UIButtonLabel:0x7fc232483f00'Show More'.centerY == UIButton:0x7fc2324839f0'Show More'.centerY>",
    "<NSLayoutConstraint:0x7fc231c9a520 'UIView-Encapsulated-Layout-Height' V:[SPUISearchTableHeaderView:0x7fc23247c1e0(0)]>"
)

Will attempt to recover by breaking constraint 
<NSLayoutConstraint:0x7fc231c9bdb0 UIButtonLabel:0x7fc232483f00'Show More'.centerY == UIButton:0x7fc2324839f0'Show More'.centerY>

Make a symbolic breakpoint at UIViewAlertForUnsatisfiableConstraints to catch this in the debugger.
The methods in the UIConstraintBasedLayoutDebugging category on UIView listed in <UIKit/UIView.h> may also be helpful.
13:18:17.783 SpringBoard[23576] Cannot get managed lost mode file on watch or simulator: -[FMDFMIPManager(Private) getManagedLostModeFileURL]
13:18:17.801 SpringBoard[23576] +[UNNotificationStore migratePushStore] Migrating push store: /Users/matt/Library/Developer/CoreSimulator/Devices/686336CB-C74C-4486-83E7-6091A9A9CC11/data/Library/SpringBoard/PushStore
13:18:17.801 SpringBoard[23576] +[UNNotificationStore migratePushStore] Push store does not exist; no migration needed.
13:18:17.804 SpringBoard[23576] -[BBObserver setDelegate:] Delegate implements addBulletin but does not implement noteInvalidatedBulletinIDs: <SBBulletinLocalObserverGateway: 0x7fc232113a00>
13:18:17.806 SpringBoard[23576] -[SBAssistantController _loadPlugin] Assistant failed to load!
13:18:17.814 backboardd[23577] Couldn't find the digitizer HID service, this is probably bad
13:18:17.819 SpringBoard[23576] ADDING LOCAL com.apple.mobilecal, <BBLocalDataProvider 0x7fc232474d10; com.apple.mobilecal>
13:18:17.820 SpringBoard[23576] ADDING LOCAL com.apple.reminders, <BBLocalDataProvider 0x7fc232321000; com.apple.reminders>
13:18:17.826 SpringBoard[23576] BTM: attaching to BTServer
13:18:17.826 SpringBoard[23576] BTM: failed to attach with error 9
13:18:17.826 SpringBoard[23576] BTM: attaching to BTServer
13:18:17.826 SpringBoard[23576] BTM: failed to attach with error 9
13:18:17.826 SpringBoard[23576] BTM: attaching to BTServer
13:18:17.827 SpringBoard[23576] BTM: failed to attach with error 9
13:18:17.829 SpringBoard[23576] ADDING LOCAL com.apple.mobilecal.today, <BBLocalDataProvider 0x7fc231cdb560; com.apple.mobilecal.today>
13:18:17.831 SpringBoard[23576] ADDING LOCAL com.apple.cmas, <BBLocalDataProvider 0x7fc232218770; com.apple.cmas>
13:18:17.835 SpringBoard[23576] ADDING LOCAL com.apple.mobileslideshow, <BBLocalDataProvider 0x7fc232129a30; com.apple.mobileslideshow>
13:18:17.838 SpringBoard[23576] ADDING LOCAL com.apple.MobileSMS, <BBLocalDataProvider 0x7fc23232ff80; com.apple.MobileSMS>
13:18:17.841 SpringBoard[23576] ADDING LOCAL com.apple.SocialBulletinBoardProvider, <BBLocalDataProvider 0x7fc232332070; com.apple.SocialBulletinBoardProvider>
13:18:17.850 SpringBoard[23576] ADDING REMOTE com.apple.Preferences, <BBRemoteDataProvider 0x7fc23255ddf0; com.apple.Preferences>
13:18:17.852 SpringBoard[23576] ADDING REMOTE com.apple.CoreRoutine, <BBRemoteDataProvider 0x7fc232222530; com.apple.CoreRoutine>
13:18:17.852 SpringBoard[23576] ADDING REMOTE com.apple.CarPlay, <BBRemoteDataProvider 0x7fc2322225f0; com.apple.CarPlay>
13:18:17.852 SpringBoard[23576] ADDING REMOTE com.apple.AirDrop, <BBRemoteDataProvider 0x7fc232697350; com.apple.AirDrop>
13:18:17.852 SpringBoard[23576] ADDING REMOTE com.apple.passbook.general, <BBRemoteDataProvider 0x7fc232222590; com.apple.passbook.general>
13:18:17.863 sharingd[23578] 13:18:17.862 : SDAirDropAlertBBManager dataProviderDidLoad
13:18:17.877 SpringBoard[23576] [MPUSystemMediaControls] Updating supported commands for now playing application.
13:18:17.899 searchd[23624] (Error) MC: MobileContainerManager gave us a path we weren't expecting; file a radar against them
Expected: /private/var/containers/Shared/SystemGroup/systemgroup.com.apple.configurationprofiles
Actual: /Users/matt/Library/Developer/CoreSimulator/Devices/686336CB-C74C-4486-83E7-6091A9A9CC11/data/Containers/Shared/SystemGroup/systemgroup.com.apple.configurationprofiles
Overriding MCM with the one true path
13:18:17.906 SpringBoard[23576] adding observer to <NSUserDefaults: 0x7fc232005530> for key: SBUseSystemGestures
13:18:17.906 SpringBoard[23576] adding observer to <NSUserDefaults: 0x7fc232005530> for key: SBUseHardwareSwitchAsOrientationLock
13:18:17.909 searchd[23624] (Error) IndexGeneral in si_playBackMobileRecords:2343: played back 0 records
13:18:17.915 SpringBoard[23576] Application windows are expected to have a root view controller at the end of application launch
13:18:17.915 SpringBoard[23576] Application windows are expected to have a root view controller at the end of application launch
13:18:17.915 searchd[23624] (Error) IndexGeneral in si_playBackMobileRecords:2343: played back 0 records
13:18:17.920 searchd[23624] (Error) IndexGeneral in si_playBackMobileRecords:2343: played back 0 records
13:18:17.937 SpringBoard[23576] |GAXGeneral|info| whitelistedApps and appSelfLockIDs both nil.  No need to enable GAX (Single App Mode)
13:18:17.975 com.apple.CoreSimulator.SimDevice.686336CB-C74C-4486-83E7-6091A9A9CC11.launchd_sim[23559] Service exited with abnormal code: 1
13:18:17.981 calaccessd[23627] (Error) MC: MobileContainerManager gave us a path we weren't expecting; file a radar against them
Expected: /private/var/containers/Shared/SystemGroup/systemgroup.com.apple.configurationprofiles
Actual: /Users/matt/Library/Developer/CoreSimulator/Devices/686336CB-C74C-4486-83E7-6091A9A9CC11/data/Containers/Shared/SystemGroup/systemgroup.com.apple.configurationprofiles
Overriding MCM with the one true path
13:18:17.996 SpringBoard[23576] Cannot get managed lost mode file on watch or simulator: -[FMDFMIPManager(Private) getManagedLostModeFileURL]
13:18:18.004 launchd_sim[23559] BUG in libdispatch: 15F34 - 3189 - 0x4
13:18:18.004 launchd_sim[23559] BUG in libdispatch client: kevent[EVFILT_PROC] delete: "No such file or directory" - 0x2
13:18:18.005 com.apple.CoreSimulator.SimDevice.686336CB-C74C-4486-83E7-6091A9A9CC11.launchd_sim[23559] Could not resolve origin of domain. XPC services in this domain's bundle will not be bootstrapped: error = 3: No such process, taint = (untainted)
