14:18:17.106 Xcode[73139:868194] Beginning test session C754179E-7635-458E-938B-1A9F85FDF575 with Xcode 7D1014 on target <DVTiPhoneSimulator: 0x7fd8c0e54890> {
		SimDevice: SimDevice : iPhone 6s Plus (686336CB-C74C-4486-83E7-6091A9A9CC11) : state={ Booted } deviceType={ SimDeviceType : com.apple.CoreSimulator.SimDeviceType.iPhone-6s-Plus } runtime={ SimRuntime : 9.3 (13E230) - com.apple.CoreSimulator.SimRuntime.iOS-9-3 }
} (9.3 (13E230))
14:18:17.107 Xcode[73139:868194] Launching with Xcode.DebuggerFoundation.Launcher.LLDB
14:18:17.107 Xcode[73139:868194] Initializing test infrastructure.
14:18:17.107 Xcode[73139:2053658] 686336CB-C74C-4486-83E7-6091A9A9CC11: Registered for sim device notification, got token 74
14:18:17.107 Xcode[73139:2053658] 686336CB-C74C-4486-83E7-6091A9A9CC11: Unregistering for sim device notification with token 74
14:18:17.107 Xcode[73139:2053658] Sim iPhone 6s Plus is booted (state = 3)
14:18:17.107 Xcode[73139:2053658] Calling -[SimDevice getenv:error:] for TESTMANAGERD_SIM_SOCK
14:18:17.108 Xcode[73139:2053658] Returning /private/tmp/com.apple.launchd.DOy9JvDCzK/com.apple.testmanagerd.unix-domain.socket for TESTMANAGERD_SIM_SOCK
14:18:17.108 Xcode[73139:2053658] Sim iPhone 6s Plus has testmanagerd socket at /private/tmp/com.apple.launchd.DOy9JvDCzK/com.apple.testmanagerd.unix-domain.socket
14:18:17.108 Xcode[73139:2053658] Connected to testmanagerd socket for Sim iPhone 6s Plus
14:18:17.108 Xcode[73139:2053658] Creating the connection.
14:18:17.108 Xcode[73139:2053658] Listening for proxy connection request from the test bundle (all platforms)
14:18:17.108 Xcode[73139:2053658] Resuming the connection.
14:18:17.108 Xcode[73139:2053658] Test connection requires daemon assistance.
14:18:17.190 Xcode[73139:868194] Received Ready from iPhoneSimulator
14:18:17.190 Xcode[73139:868194] Sending notification: NSConcreteNotification 0x7fd8a42c8140 {name = com.apple.iphonesimulator.startSession; userInfo = {
    deviceUDID = "686336CB-C74C-4486-83E7-6091A9A9CC11";
}}
14:18:17.212 Xcode[73139:868194] Checking test manager availability..., will wait up to 120s
14:18:17.213 Xcode[73139:868194] Starting test session with ID <__NSConcreteUUID 0x7fd8a64ab0c0> C754179E-7635-458E-938B-1A9F85FDF575
14:18:17.591 Xcode[73139:868194] Launch session started, setting a disallow-finish-token on the run operation.
14:18:17.603 Xcode[73139:868194] Received Ready from iPhoneSimulator
14:18:17.604 Xcode[73139:868194] Sending notification: NSConcreteNotification 0x7fd8b33203d0 {name = com.apple.iphonesimulator.startSession; userInfo = {
    deviceUDID = "686336CB-C74C-4486-83E7-6091A9A9CC11";
}}
14:18:17.607 Xcode[73139:2053651] 686336CB-C74C-4486-83E7-6091A9A9CC11: Registered for sim device notification, got token 75
14:18:17.607 Xcode[73139:2054639] 686336CB-C74C-4486-83E7-6091A9A9CC11: Unregistering for sim device notification with token 75
14:18:17.607 Xcode[73139:2054639] 686336CB-C74C-4486-83E7-6091A9A9CC11: Spawning executable at path: /Applications/Xcode.app/Contents/Developer/Platforms/iPhoneSimulator.platform/Developer/Library/Xcode/Agents/xctest and options: {
    arguments =     (
        "/Applications/Xcode.app/Contents/Developer/Platforms/iPhoneSimulator.platform/Developer/Library/Xcode/Agents/xctest",
        "-NSTreatUnknownArgumentsAsOpen",
        NO,
        "-ApplePersistenceIgnoreState",
        YES
    );
    binpref = "x86_64";
    environment =     {
        "DTX_CONNECTION_SERVICES_PATH" = "/Applications/Xcode.app/Contents/Developer/Platforms/iPhoneSimulator.platform/Developer/SDKs/iPhoneSimulator.sdk/Developer/Library/PrivateFrameworks/DTXConnectionServices.framework";
        "DYLD_FRAMEWORK_PATH" = "/Users/matt/Projects/Personal/NetworkWrapper/DerivedData/NetworkWrapper/Build/Products/Debug-iphonesimulator:/Applications/Xcode.app/Contents/Developer/Platforms/iPhoneSimulator.platform/Developer/Library/Frameworks";
        "DYLD_LIBRARY_PATH" = "/Users/matt/Projects/Personal/NetworkWrapper/DerivedData/NetworkWrapper/Build/Products/Debug-iphonesimulator:/Applications/Xcode.app/Contents/Developer/Platforms/iPhoneSimulator.platform/Developer/Library/Frameworks";
        NSUnbufferedIO = YES;
        "OBJC_DISABLE_GC" = YES;
        "XCODE_DBG_XPC_EXCLUSIONS" = "com.apple.dt.xctestSymbolicator";
        XCTestConfigurationFilePath = "/Users/matt/Projects/Personal/NetworkWrapper/DerivedData/NetworkWrapper/Build/Products/Debug-iphonesimulator/NetworkWrapperTests.xctest/NetworkWrapperTests-C754179E-7635-458E-938B-1A9F85FDF575.xctestconfiguration";
    };
    stderr = 73;
    stdin = 62;
    stdout = 72;
    "wait_for_debugger" = 1;
}
14:18:17.614 Xcode[73139:868194] Adding console adaptor <IDEConsoleAdaptor: 0x7fd8c4905e00 'target'> for test session C754179E-7635-458E-938B-1A9F85FDF575.
14:18:17.614 Xcode[73139:868194] Received Ready from iPhoneSimulator
14:18:17.614 Xcode[73139:868194] Sending notification: NSConcreteNotification 0x7fd8c2145250 {name = com.apple.iphonesimulator.startSession; userInfo = {
    deviceUDID = "686336CB-C74C-4486-83E7-6091A9A9CC11";
}}
14:18:17.649 Xcode[73139:2054639] 686336CB-C74C-4486-83E7-6091A9A9CC11: Spawned executable at path: /Applications/Xcode.app/Contents/Developer/Platforms/iPhoneSimulator.platform/Developer/Library/Xcode/Agents/xctest with options: {
    arguments =     (
        "/Applications/Xcode.app/Contents/Developer/Platforms/iPhoneSimulator.platform/Developer/Library/Xcode/Agents/xctest",
        "-NSTreatUnknownArgumentsAsOpen",
        NO,
        "-ApplePersistenceIgnoreState",
        YES
    );
    binpref = "x86_64";
    environment =     {
        "DTX_CONNECTION_SERVICES_PATH" = "/Applications/Xcode.app/Contents/Developer/Platforms/iPhoneSimulator.platform/Developer/SDKs/iPhoneSimulator.sdk/Developer/Library/PrivateFrameworks/DTXConnectionServices.framework";
        "DYLD_FRAMEWORK_PATH" = "/Users/matt/Projects/Personal/NetworkWrapper/DerivedData/NetworkWrapper/Build/Products/Debug-iphonesimulator:/Applications/Xcode.app/Contents/Developer/Platforms/iPhoneSimulator.platform/Developer/Library/Frameworks";
        "DYLD_LIBRARY_PATH" = "/Users/matt/Projects/Personal/NetworkWrapper/DerivedData/NetworkWrapper/Build/Products/Debug-iphonesimulator:/Applications/Xcode.app/Contents/Developer/Platforms/iPhoneSimulator.platform/Developer/Library/Frameworks";
        NSUnbufferedIO = YES;
        "OBJC_DISABLE_GC" = YES;
        "XCODE_DBG_XPC_EXCLUSIONS" = "com.apple.dt.xctestSymbolicator";
        XCTestConfigurationFilePath = "/Users/matt/Projects/Personal/NetworkWrapper/DerivedData/NetworkWrapper/Build/Products/Debug-iphonesimulator/NetworkWrapperTests.xctest/NetworkWrapperTests-C754179E-7635-458E-938B-1A9F85FDF575.xctestconfiguration";
    };
    stderr = 73;
    stdin = 62;
    stdout = 72;
    "wait_for_debugger" = 1;
} (pid = 30892)
14:18:17.649 Xcode[73139:2054639] Tracking pid 30892 for simulator <DVTiPhoneSimulator: 0x7fd8c0e54890> {
		SimDevice: SimDevice : iPhone 6s Plus (686336CB-C74C-4486-83E7-6091A9A9CC11) : state={ Booted } deviceType={ SimDeviceType : com.apple.CoreSimulator.SimDeviceType.iPhone-6s-Plus } runtime={ SimRuntime : 9.3 (13E230) - com.apple.CoreSimulator.SimRuntime.iOS-9-3 }
}
14:18:17.649 Xcode[73139:2054639] Checking to see if pid 30892 is valid: kill(pid, 0) = 0 (YES, it's still running)
14:18:17.649 Xcode[73139:2054639] Setting up DVTNotifyOnProcDeath for pid 30892
14:18:18.135 Xcode[73139:2054641] testmanagerd handled session request.
14:18:18.135 Xcode[73139:868194] Waiting for test process to launch.
14:18:20.350 Xcode[73139:868194] Launch session finished initial intensive file IO.
14:18:20.350 Xcode[73139:868194] Waiting for test process to check in..., will wait up to 120s
14:18:20.740 Xcode[73139:2054163] Got proxy channel request from test bundle
14:18:20.740 Xcode[73139:2054163] Test bundle is ready, running protocol 16, requires at least version 8. IDE is running 16 and requires at least 8
14:18:20.740 Xcode[73139:2054624] Creating secondary transport and connection for whitelisting test process PID.
14:18:20.740 Xcode[73139:2054624] 686336CB-C74C-4486-83E7-6091A9A9CC11: Registered for sim device notification, got token 76
14:18:20.740 Xcode[73139:2054624] 686336CB-C74C-4486-83E7-6091A9A9CC11: Unregistering for sim device notification with token 76
14:18:20.740 Xcode[73139:2054624] Sim iPhone 6s Plus is booted (state = 3)
14:18:20.740 Xcode[73139:2054624] Calling -[SimDevice getenv:error:] for TESTMANAGERD_SIM_SOCK
14:18:20.740 Xcode[73139:2054624] Returning /private/tmp/com.apple.launchd.DOy9JvDCzK/com.apple.testmanagerd.unix-domain.socket for TESTMANAGERD_SIM_SOCK
14:18:20.741 Xcode[73139:2054624] Sim iPhone 6s Plus has testmanagerd socket at /private/tmp/com.apple.launchd.DOy9JvDCzK/com.apple.testmanagerd.unix-domain.socket
14:18:20.741 Xcode[73139:2054624] Connected to testmanagerd socket for Sim iPhone 6s Plus
14:18:20.741 Xcode[73139:2054624] Creating the connection.
14:18:20.741 Xcode[73139:2054624] Resuming the secondary connection.
14:18:20.741 Xcode[73139:2054624] Whitelisting test process ID 30892
14:18:18.095 testmanagerd[30883:2054615] Launched testmanagerd from /Applications/Xcode.app/Contents/Developer/Platforms/iPhoneSimulator.platform/Developer/SDKs/iPhoneSimulator.sdk/usr/libexec/testmanagerd, built at Friday, March 4, 2016 at 6:23:46 PM Eastern Standard Time
14:18:18.096 testmanagerd[30883:2054670] IDE connected over socket 6 (__47-[XCTestManagerIDEServer initWithListenSocket:]_block_invoke)
14:18:18.096 testmanagerd[30883:2054615] Setting availability state.
14:18:18.096 testmanagerd[30883:2054670] Created session with socket 6
14:18:18.096 testmanagerd[30883:2054615] Posting availability to test bundles...
14:18:18.098 testmanagerd[30883:2054671] Handled a proxy request from the IDE with session <XCIDESession: 0x7feb82808d60> proxy <_DTXProxy: 0x7feb82a00270>
14:18:18.098 testmanagerd[30883:2054615] __84-[XCIDESession _IDE_initiateSessionWithIdentifier:forClient:atPath:protocolVersion:]_block_invoke <__NSConcreteUUID 0x7feb82b00e10> C754179E-7635-458E-938B-1A9F85FDF575 1 6 from client C5EA0B47-C901-4B45-AA2B-56F27D18AD42-73139-0000405AF26AC35C (/Applications/Xcode.app)
14:18:18.099 testmanagerd[30883:2054671] __45-[XCTestManager setIDESession:forIdentifier:]_block_invoke <XCIDESession: 0x7feb82808d60> -> <__NSConcreteUUID 0x7feb82b00e10> C754179E-7635-458E-938B-1A9F85FDF575
14:18:18.099 testmanagerd[30883:2054671] -[XCTestManager _handleRequestForSessionWithIdentifier:]
14:18:20.537 testmanagerd[30883:2054673] Received new test session connection (-[XCTestManager listener:shouldAcceptNewConnection:])
14:18:20.537 testmanagerd[30883:2054615] Initial orientation 0
14:18:20.538 testmanagerd[30883:2054662] Test session <__NSConcreteUUID 0x7feb82a0db60> C754179E-7635-458E-938B-1A9F85FDF575 requested socket (-[XCTestSession _XCT_requestSocketForSessionIdentifier:reply:])
14:18:20.539 testmanagerd[30883:2054673] Test session <__NSConcreteUUID 0x7feb82a0db60> C754179E-7635-458E-938B-1A9F85FDF575 requested socket (__57-[XCTestManager requestSocketForSessionIdentifier:reply:]_block_invoke)
14:18:20.539 testmanagerd[30883:2054673] -[XCTestManager _handleRequestForSessionWithIdentifier:]
14:18:20.539 testmanagerd[30883:2054673] Closing IDE connection before sending socket 8 to test host.
14:18:20.539 testmanagerd[30883:2054673] -[XCIDESession closeIDEConnection:] sending barrier
14:18:20.539 testmanagerd[30883:2054615] barrier flushed, closing DTXConnection to IDE, socket will not be closed
14:18:20.539 testmanagerd[30883:2054673] Socket disconnected
14:18:20.539 testmanagerd[30883:2054662] __33-[XCTestManager closeIDESession:]_block_invoke <XCIDESession: 0x7feb82808d60>
14:18:20.539 testmanagerd[30883:2054662] Considering exiting, 1 test sessions, 0 sessions with identifiers, 0 unidentified sessions...
14:18:20.737 testmanagerd[30883:2054615] Sending socket 8 to test host
14:18:20.737 testmanagerd[30883:2054672] __33-[XCTestManager closeIDESession:]_block_invoke <XCIDESession: 0x7feb82808d60>
14:18:20.737 testmanagerd[30883:2054672] Considering exiting, 1 test sessions, 0 sessions with identifiers, 0 unidentified sessions...
14:18:20.741 testmanagerd[30883:2054672] IDE connected over socket 7 (__47-[XCTestManagerIDEServer initWithListenSocket:]_block_invoke)
14:18:20.741 testmanagerd[30883:2054672] Created session with socket 7
14:18:20.741 testmanagerd[30883:2054662] Handled a proxy request from the IDE with session <XCIDESession: 0x7feb81413910> proxy <_DTXProxy: 0x7feb81413960>
14:18:20.741 testmanagerd[30883:2054662] -[XCIDESession _IDE_initiateControlSessionForTestProcessID:protocolVersion:] 30892 16
14:18:20.742 testmanagerd[30883:2054615] Set control session <XCIDESession: 0x7feb81413910> with proto 16 and proxy <_DTXProxy: 0x7feb81413960>
14:18:20.745 Xcode[73139:2053658] Got whitelisting response and daemon protocol version 16
14:18:20.487 xctest[30892:2054644] Linked XCTest.framework from /Applications/Xcode.app/Contents/Developer/Platforms/iPhoneSimulator.platform/Developer/Library/Frameworks/XCTest.framework/XCTest, built at Tuesday, March 15, 2016 at 8:32:00 PM Eastern Daylight Time
14:18:20.487 xctest[30892:2054644] Process arguments: (
    "/Applications/Xcode.app/Contents/Developer/Platforms/iPhoneSimulator.platform/Developer/Library/Xcode/Agents/xctest",
    "-NSTreatUnknownArgumentsAsOpen",
    NO,
    "-ApplePersistenceIgnoreState",
    YES
)
14:18:20.487 xctest[30892:2054644] Process environment: {
    "CFFIXED_USER_HOME" = "/Users/matt/Library/Developer/CoreSimulator/Devices/686336CB-C74C-4486-83E7-6091A9A9CC11/data";
    "CUPS_SERVER" = "/private/tmp/com.apple.launchd.yvcRlmBQx0/Listeners";
    "DTX_CONNECTION_SERVICES_PATH" = "/Applications/Xcode.app/Contents/Developer/Platforms/iPhoneSimulator.platform/Developer/SDKs/iPhoneSimulator.sdk/Developer/Library/PrivateFrameworks/DTXConnectionServices.framework";
    "DYLD_FALLBACK_FRAMEWORK_PATH" = "/Applications/Xcode.app/Contents/Developer/Platforms/iPhoneSimulator.platform/Developer/SDKs/iPhoneSimulator.sdk/System/Library/Frameworks";
    "DYLD_FALLBACK_LIBRARY_PATH" = "/Applications/Xcode.app/Contents/Developer/Platforms/iPhoneSimulator.platform/Developer/SDKs/iPhoneSimulator.sdk/usr/lib";
    "DYLD_FRAMEWORK_PATH" = "/Users/matt/Projects/Personal/NetworkWrapper/DerivedData/NetworkWrapper/Build/Products/Debug-iphonesimulator:/Applications/Xcode.app/Contents/Developer/Platforms/iPhoneSimulator.platform/Developer/Library/Frameworks";
    "DYLD_LIBRARY_PATH" = "/Users/matt/Projects/Personal/NetworkWrapper/DerivedData/NetworkWrapper/Build/Products/Debug-iphonesimulator:/Applications/Xcode.app/Contents/Developer/Platforms/iPhoneSimulator.platform/Developer/Library/Frameworks";
    "DYLD_ROOT_PATH" = "/Applications/Xcode.app/Contents/Developer/Platforms/iPhoneSimulator.platform/Developer/SDKs/iPhoneSimulator.sdk";
    "DYLD_SHARED_REGION" = avoid;
    HOME = "/Users/matt/Library/Developer/CoreSimulator/Devices/686336CB-C74C-4486-83E7-6091A9A9CC11/data";
    "IOS_SIMULATOR_SYSLOG_SOCKET" = "/private/tmp/com.apple.CoreSimulator.SimDevice.686336CB-C74C-4486-83E7-6091A9A9CC11.launchd_sim/syslogsock";
    "IPHONE_SHARED_RESOURCES_DIRECTORY" = "/Users/matt/Library/Developer/CoreSimulator/Devices/686336CB-C74C-4486-83E7-6091A9A9CC11/data";
    "IPHONE_SIMULATOR_CLASS" = N66;
    "IPHONE_SIMULATOR_DEVICE" = iPhone;
    "IPHONE_SIMULATOR_ROOT" = "/Applications/Xcode.app/Contents/Developer/Platforms/iPhoneSimulator.platform/Developer/SDKs/iPhoneSimulator.sdk";
    "IPHONE_TVOUT_EXTENDED_PROPERTIES" = "/Users/matt/Library/Developer/CoreSimulator/Devices/686336CB-C74C-4486-83E7-6091A9A9CC11/data/Library/Application Support/iPhone Simulator/com.apple.iphonesimulator/extended_display.plist";
    NSUnbufferedIO = YES;
    "OBJC_DISABLE_GC" = YES;
    PATH = "/Applications/Xcode.app/Contents/Developer/Platforms/iPhoneSimulator.platform/Developer/SDKs/iPhoneSimulator.sdk/usr/bin:/Applications/Xcode.app/Contents/Developer/Platforms/iPhoneSimulator.platform/Developer/SDKs/iPhoneSimulator.sdk/bin:/Applications/Xcode.app/Contents/Developer/Platforms/iPhoneSimulator.platform/Developer/SDKs/iPhoneSimulator.sdk/usr/sbin:/Applications/Xcode.app/Contents/Developer/Platforms/iPhoneSimulator.platform/Developer/SDKs/iPhoneSimulator.sdk/sbin:/Applications/Xcode.app/Contents/Developer/Platforms/iPhoneSimulator.platform/Developer/SDKs/iPhoneSimulator.sdk/usr/local/bin";
    "SIMULATOR_CAPABILITIES" = "/Applications/Xcode.app/Contents/Developer/Platforms/iPhoneSimulator.platform/Developer/Library/CoreSimulator/Profiles/DeviceTypes/iPhone 6s Plus.simdevicetype/Contents/Resources/capabilities.plist";
    "SIMULATOR_DEVICE_NAME" = "iPhone 6s Plus";
    "SIMULATOR_EXTENDED_DISPLAY_PROPERTIES" = "/Users/matt/Library/Developer/CoreSimulator/Devices/686336CB-C74C-4486-83E7-6091A9A9CC11/data/Library/Application Support/iPhone Simulator/com.apple.iphonesimulator/extended_display.plist";
    "SIMULATOR_HOST_HOME" = "/Users/matt";
    "SIMULATOR_LEGACY_ASSET_SUFFIX" = iphone;
    "SIMULATOR_LOG_ROOT" = "/Users/matt/Library/Logs/CoreSimulator/686336CB-C74C-4486-83E7-6091A9A9CC11";
    "SIMULATOR_MAINSCREEN_HEIGHT" = 2208;
    "SIMULATOR_MAINSCREEN_PITCH" = "461.000000";
    "SIMULATOR_MAINSCREEN_SCALE" = "3.000000";
    "SIMULATOR_MAINSCREEN_WIDTH" = 1242;
    "SIMULATOR_MEMORY_WARNINGS" = "/Users/matt/Library/Developer/CoreSimulator/Devices/686336CB-C74C-4486-83E7-6091A9A9CC11/data/var/run/memory_warning_simulation";
    "SIMULATOR_MODEL_IDENTIFIER" = "iPhone8,2";
    "SIMULATOR_PLATFORM_RUNTIME_OVERLAY_ROOT" = "/Applications/Xcode.app/Contents/Developer/Platforms/iPhoneSimulator.platform/Developer/Library/CoreSimulator/RuntimeOverlay";
    "SIMULATOR_ROOT" = "/Applications/Xcode.app/Contents/Developer/Platforms/iPhoneSimulator.platform/Developer/SDKs/iPhoneSimulator.sdk";
    "SIMULATOR_RUNTIME_BUILD_VERSION" = 13E230;
    "SIMULATOR_RUNTIME_VERSION" = "9.3";
    "SIMULATOR_SHARED_RESOURCES_DIRECTORY" = "/Users/matt/Library/Developer/CoreSimulator/Devices/686336CB-C74C-4486-83E7-6091A9A9CC11/data";
    "SIMULATOR_UDID" = "686336CB-C74C-4486-83E7-6091A9A9CC11";
    "SIMULATOR_VERSION_INFO" = "CoreSimulator 209.19 - Device: iPhone 6s Plus - Runtime: iOS 9.3 (13E230) - DeviceType: iPhone 6s Plus";
    "TESTMANAGERD_SIM_SOCK" = "/private/tmp/com.apple.launchd.DOy9JvDCzK/com.apple.testmanagerd.unix-domain.socket";
    TMPDIR = "/Users/matt/Library/Developer/CoreSimulator/Devices/686336CB-C74C-4486-83E7-6091A9A9CC11/data/tmp";
    "XCODE_DBG_XPC_EXCLUSIONS" = "com.apple.dt.xctestSymbolicator";
    XCTestConfigurationFilePath = "/Users/matt/Projects/Personal/NetworkWrapper/DerivedData/NetworkWrapper/Build/Products/Debug-iphonesimulator/NetworkWrapperTests.xctest/NetworkWrapperTests-C754179E-7635-458E-938B-1A9F85FDF575.xctestconfiguration";
    "XPC_FLAGS" = 0x0;
    "XPC_SERVICE_NAME" = "com.apple.xpc.launchd.oneshot.0x10000004.xctest";
    "XPC_SIMULATOR_LAUNCHD_NAME" = "com.apple.CoreSimulator.SimDevice.686336CB-C74C-4486-83E7-6091A9A9CC11.launchd_sim";
}
14:18:20.487 xctest[30892:2054644] Loading DTXConnectionServices from /Applications/Xcode.app/Contents/Developer/Platforms/iPhoneSimulator.platform/Developer/SDKs/iPhoneSimulator.sdk/Developer/Library/PrivateFrameworks/DTXConnectionServices.framework
14:18:20.500 xctest[30892:2054644] Session ID <__NSConcreteUUID 0x7fb3e5802540> C754179E-7635-458E-938B-1A9F85FDF575
14:18:20.500 xctest[30892:2054644] Registering for testmanagerd availability notify post.
14:18:20.501 xctest[30892:2054644] testmanagerd availability confirmed via notify_get_state.
14:18:20.501 xctest[30892:2054644] Initiating connection to testmanagerd to request socket for IDE connection.
14:18:20.737 xctest[30892:2054890] Got socket 6 from daemon, making connection to IDE
14:18:20.738 xctest[30892:2054890] Creating connection with transport
14:18:20.739 xctest[30892:2054890] Resuming connection
14:18:20.739 xctest[30892:2054890] Messaging IDE proxy - _XCT_testBundleReadyWithProtocolVersion:16 minimumVersion:8
14:18:20.748 Xcode[73139:868194] Starting test plan, clearing initialization timeout timer.
14:18:20.748 xctest[30892:2054644] -[XCTestDriver _runSuite]
14:18:20.748 xctest[30892:2054644] Loading test suite...
14:18:16.187 routined[23565] CoreLocation: Error occurred while trying to retrieve motion state update: CMErrorDomain Code:104
14:18:16.000 syslogd[23562] ASL Sender Statistics
14:18:20.840 xctest[30892:2054644] Finished loading test suite, took 0.092s
14:18:20.844 xctest[30892:2054644] -[_XCTestDriverTestObserver testBundleWillStart:]
14:18:20.847 xctest[30892:2054644] Running suite...
14:18:20.847 xctest[30892:2054644] -[_XCTestDriverTestObserver testSuiteWillStart:]
14:18:20.886 Xcode[73139:2054642] (LOG ARBITER) Dumping buffered message data; 0 messages.
14:18:20.867 Xcode[73139:868194] _XCT_testSuite:All tests didStartAt:2016-06-01 18:18:20 +0000
14:18:20.848 xctest[30892:2054644] -[_XCTestDriverTestObserver testSuiteWillStart:]
14:18:20.868 Xcode[73139:868194] _XCT_testSuite:NetworkWrapperTests.xctest didStartAt:2016-06-01 18:18:20 +0000
14:18:20.848 xctest[30892:2054644] -[_XCTestDriverTestObserver testSuiteWillStart:]
14:18:20.868 Xcode[73139:868194] _XCT_testSuite:NetworkWrapperTests didStartAt:2016-06-01 18:18:20 +0000
14:18:20.849 xctest[30892:2054644] -[_XCTestDriverTestObserver testCaseWillStart:] NetworkWrapperTests testCreateNetworkWrapper
14:18:20.868 Xcode[73139:868194] _XCT_testCaseDidStartForTestClass:NetworkWrapperTests method:testCreateNetworkWrapper
14:18:20.740 xctest[30892:2054887] _XCT_testBundleReadyWithProtocolVersion:minimumVersion: reply received
14:18:20.746 xctest[30892:2054887] _IDE_startExecutingTestPlanWithProtocolVersion:16
Test Suite 'All tests' started at 2016-06-01 14:18:20.847
Test Suite 'NetworkWrapperTests.xctest' started at 2016-06-01 14:18:20.848
Test Suite 'NetworkWrapperTests' started at 2016-06-01 14:18:20.848
14:18:20.885 xctest[30892:2054644] -[_XCTestDriverTestObserver testCaseDidFinish:]
14:18:20.886 Xcode[73139:868194] _XCT_testCaseDidFinishForTestClass:NetworkWrapperTests method:testCreateNetworkWrapper withStatus:passed duration:0.03623700141906738
Test Case '-[NetworkWrapperTests testCreateNetworkWrapper]' started.
14:18:20.886 xctest[30892:2054644] -[_XCTestDriverTestObserver testCaseWillStart:] NetworkWrapperTests testCreateRequestValidPath
14:18:20.887 Xcode[73139:868194] _XCT_testCaseDidStartForTestClass:NetworkWrapperTests method:testCreateRequestValidPath
Test Case '-[NetworkWrapperTests testCreateNetworkWrapper]' passed (0.036 seconds).
Test Case '-[NetworkWrapperTests testCreateRequestValidPath]' started.
2016-06-01 14:18:20.886 xctest[30892:2054644] Request URI: https:80/testpath
/Users/matt/Projects/Personal/NetworkWrapper/NetworkWrapperTests/NetworkWrapperTests.m:73: error: -[NetworkWrapperTests testCreateRequestValidPath] : (([[self.networkWrapper createWebRequestWithPath:@"testpath"].absoluteString lowercaseString]) equal to ([@"https://mattsbecker.com/testpath" lowercaseString])) failed: ("<f0fac2e3 b37f0000>") is not equal to ("<10e8c2e3 b37f0000>")
Test Case '-[NetworkWrapperTests testCreateRequestValidPath]' failed (0.001 seconds).
Test Case '-[NetworkWrapperTests testExample]' started.
Test Case '-[NetworkWrapperTests testExample]' passed (0.000 seconds).
14:18:20.887 xctest[30892:2054644] -[_XCTestDriverTestObserver testCase:didFailWithDescription:inFile:atLine:]
14:18:20.982 Xcode[73139:868194] _XCT_testCaseDidFailForTestClass:NetworkWrapperTests method:testCreateRequestValidPath withMessage:(([[self.networkWrapper createWebRequestWithPath:@"testpath"].absoluteString lowercaseString]) equal to ([@"https://mattsbecker.com/testpath" lowercaseString])) failed: ("<f0fac2e3 b37f0000>") is not equal to ("<10e8c2e3 b37f0000>") file:/Users/matt/Projects/Personal/NetworkWrapper/NetworkWrapperTests/NetworkWrapperTests.m line:73
14:18:20.887 xctest[30892:2054644] -[_XCTestDriverTestObserver testCaseDidFinish:]
14:18:21.079 Xcode[73139:2053658] (LOG ARBITER) Dumping buffered message data; 0 messages.
14:18:21.313 Xcode[73139:2054631] (LOG ARBITER) Dumping buffered message data; 0 messages.
14:18:21.316 Xcode[73139:2054631] (LOG ARBITER) Dumping buffered message data; 0 messages.
14:18:20.982 Xcode[73139:868194] _XCT_testCaseDidFinishForTestClass:NetworkWrapperTests method:testCreateRequestValidPath withStatus:failed duration:0.001479983329772949
14:18:20.888 xctest[30892:2054644] -[_XCTestDriverTestObserver testCaseWillStart:] NetworkWrapperTests testExample
14:18:21.069 Xcode[73139:868194] _XCT_testCaseDidStartForTestClass:NetworkWrapperTests method:testExample
14:18:20.888 xctest[30892:2054644] -[_XCTestDriverTestObserver testCaseDidFinish:]
14:18:21.079 Xcode[73139:868194] _XCT_testCaseDidFinishForTestClass:NetworkWrapperTests method:testExample withStatus:passed duration:0.0003399848937988281
14:18:20.890 xctest[30892:2054644] -[_XCTestDriverTestObserver testCaseWillStart:] NetworkWrapperTests testPerformanceExample
14:18:21.080 Xcode[73139:868194] _XCT_testCaseDidStartForTestClass:NetworkWrapperTests method:testPerformanceExample
Test Case '-[NetworkWrapperTests testPerformanceExample]' started.
/Users/matt/Projects/Personal/NetworkWrapper/NetworkWrapperTests/NetworkWrapperTests.m:89: Test Case '-[NetworkWrapperTests testPerformanceExample]' measured [Time, seconds] average: 0.000, relative standard deviation: 128.046%, values: [0.000002, 0.000000, 0.000000, 0.000000, 0.000000, 0.000000, 0.000000, 0.000000, 0.000000, 0.000000], performanceMetricID:com.apple.XCTPerformanceMetric_WallClockTime, baselineName: "", baselineAverage: , maxPercentRegression: 10.000%, maxPercentRelativeStandardDeviation: 10.000%, maxRegression: 0.100, maxStandardDeviation: 0.100
Test Case '-[NetworkWrapperTests testPerformanceExample]' passed (0.403 seconds).
Test Case '-[NetworkWrapperTests testSetInvalidHostLength]' started.
Test Case '-[NetworkWrapperTests testSetInvalidHostLength]' passed (0.000 seconds).
Test Case '-[NetworkWrapperTests testSetInvalidSchemeLength]' started.
14:18:21.292 xctest[30892:2054644] -[_XCTestDriverTestObserver _testCase:didMeasureValues:forPerformanceMetricID:name:unitsOfMeasurement:baselineName:baselineAverage:maxPercentRegression:maxPercentRelativeStandardDeviation:maxRegression:maxStandardDeviation:file:line:]
14:18:21.313 Xcode[73139:868194] -[_IDETestManagerAPIMediator _XCT_testMethod:ofClass:didMeasureMetric:file:line:]
14:18:21.293 xctest[30892:2054644] -[_XCTestDriverTestObserver testCaseDidFinish:]
14:18:21.313 Xcode[73139:868194] _XCT_testCaseDidFinishForTestClass:NetworkWrapperTests method:testPerformanceExample withStatus:passed duration:0.4031000137329102
14:18:21.294 xctest[30892:2054644] -[_XCTestDriverTestObserver testCaseWillStart:] NetworkWrapperTests testSetInvalidHostLength
14:18:21.314 Xcode[73139:868194] _XCT_testCaseDidStartForTestClass:NetworkWrapperTests method:testSetInvalidHostLength
14:18:21.294 xctest[30892:2054644] -[_XCTestDriverTestObserver testCaseDidFinish:]
14:18:21.315 Xcode[73139:868194] _XCT_testCaseDidFinishForTestClass:NetworkWrapperTests method:testSetInvalidHostLength withStatus:passed duration:0.0004310011863708496
14:18:21.294 xctest[30892:2054644] -[_XCTestDriverTestObserver testCaseWillStart:] NetworkWrapperTests testSetInvalidSchemeLength
14:18:21.316 Xcode[73139:868194] _XCT_testCaseDidStartForTestClass:NetworkWrapperTests method:testSetInvalidSchemeLength
14:18:21.295 xctest[30892:2054644] -[_XCTestDriverTestObserver testCase:didFailWithDescription:inFile:atLine:]
14:18:21.318 Xcode[73139:868194] _XCT_testCaseDidFailForTestClass:NetworkWrapperTests method:testSetInvalidSchemeLength withMessage:((self.networkWrapper.scheme) equal to (@"http")) failed: ("<80f36415 01000000>") is not equal to ("<60f26415 01000000>") file:/Users/matt/Projects/Personal/NetworkWrapper/NetworkWrapperTests/NetworkWrapperTests.m line:56
/Users/matt/Projects/Personal/NetworkWrapper/NetworkWrapperTests/NetworkWrapperTests.m:56: error: -[NetworkWrapperTests testSetInvalidSchemeLength] : ((self.networkWrapper.scheme) equal to (@"http")) failed: ("<80f36415 01000000>") is not equal to ("<60f26415 01000000>")
Test Case '-[NetworkWrapperTests testSetInvalidSchemeLength]' failed (0.040 seconds).
Test Case '-[NetworkWrapperTests testSetNilHost]' started.
Test Case '-[NetworkWrapperTests testSetNilHost]' passed (0.000 seconds).
Test Case '-[NetworkWrapperTests testSetNilPort]' started.
Test Case '-[NetworkWrapperTests testSetNilPort]' passed (0.000 seconds).
Test Case '-[NetworkWrapperTests testSetNilScheme]' started.
/Users/matt/Projects/Personal/NetworkWrapper/NetworkWrapperTests/NetworkWrapperTests.m:61: error: -[NetworkWrapperTests testSetNilScheme] : ((self.networkWrapper.scheme) equal to (@"http")) failed: ("<80f36415 01000000>") is not equal to ("<60f26415 01000000>")
Test Case '-[NetworkWrapperTests testSetNilScheme]' failed (0.001 seconds).
Test Case '-[NetworkWrapperTests testSetValidHost]' started.
14:18:21.335 xctest[30892:2054644] -[_XCTestDriverTestObserver testCaseDidFinish:]
14:18:21.402 Xcode[73139:2054301] (LOG ARBITER) Dumping buffered message data; 0 messages.
14:18:21.405 Xcode[73139:2054301] (LOG ARBITER) Dumping buffered message data; 0 messages.
14:18:21.397 Xcode[73139:868194] _XCT_testCaseDidFinishForTestClass:NetworkWrapperTests method:testSetInvalidSchemeLength withStatus:failed duration:0.04023998975753784
14:18:21.335 xctest[30892:2054644] -[_XCTestDriverTestObserver testCaseWillStart:] NetworkWrapperTests testSetNilHost
14:18:21.400 Xcode[73139:868194] _XCT_testCaseDidStartForTestClass:NetworkWrapperTests method:testSetNilHost
14:18:21.336 xctest[30892:2054644] -[_XCTestDriverTestObserver testCaseDidFinish:]
14:18:21.402 Xcode[73139:868194] _XCT_testCaseDidFinishForTestClass:NetworkWrapperTests method:testSetNilHost withStatus:passed duration:0.0002290010452270508
14:18:21.336 xctest[30892:2054644] -[_XCTestDriverTestObserver testCaseWillStart:] NetworkWrapperTests testSetNilPort
14:18:21.403 Xcode[73139:868194] _XCT_testCaseDidStartForTestClass:NetworkWrapperTests method:testSetNilPort
14:18:21.336 xctest[30892:2054644] -[_XCTestDriverTestObserver testCaseDidFinish:]
14:18:21.405 Xcode[73139:868194] _XCT_testCaseDidFinishForTestClass:NetworkWrapperTests method:testSetNilPort withStatus:passed duration:0.000290989875793457
14:18:21.337 xctest[30892:2054644] -[_XCTestDriverTestObserver testCaseWillStart:] NetworkWrapperTests testSetNilScheme
14:18:21.405 Xcode[73139:868194] _XCT_testCaseDidStartForTestClass:NetworkWrapperTests method:testSetNilScheme
14:18:21.337 xctest[30892:2054644] -[_XCTestDriverTestObserver testCase:didFailWithDescription:inFile:atLine:]
14:18:21.407 Xcode[73139:868194] _XCT_testCaseDidFailForTestClass:NetworkWrapperTests method:testSetNilScheme withMessage:((self.networkWrapper.scheme) equal to (@"http")) failed: ("<80f36415 01000000>") is not equal to ("<60f26415 01000000>") file:/Users/matt/Projects/Personal/NetworkWrapper/NetworkWrapperTests/NetworkWrapperTests.m line:61
14:18:21.337 xctest[30892:2054644] -[_XCTestDriverTestObserver testCaseDidFinish:]
14:18:21.415 Xcode[73139:2054301] (LOG ARBITER) Dumping buffered message data; 0 messages.
14:18:21.416 Xcode[73139:2054301] (LOG ARBITER) Dumping buffered message data; 0 messages.
14:18:21.416 Xcode[73139:2054301] (LOG ARBITER) Dumping buffered message data; 0 messages.
14:18:21.407 Xcode[73139:868194] _XCT_testCaseDidFinishForTestClass:NetworkWrapperTests method:testSetNilScheme withStatus:failed duration:0.0005289912223815918
14:18:21.337 xctest[30892:2054644] -[_XCTestDriverTestObserver testCaseWillStart:] NetworkWrapperTests testSetValidHost
14:18:21.413 Xcode[73139:868194] _XCT_testCaseDidStartForTestClass:NetworkWrapperTests method:testSetValidHost
14:18:21.338 xctest[30892:2054644] -[_XCTestDriverTestObserver testCaseDidFinish:]
14:18:21.415 Xcode[73139:868194] _XCT_testCaseDidFinishForTestClass:NetworkWrapperTests method:testSetValidHost withStatus:passed duration:0.0002130270004272461
14:18:21.396 xctest[30892:2054644] -[_XCTestDriverTestObserver testCaseWillStart:] NetworkWrapperTests testSetValidPort
14:18:21.416 Xcode[73139:868194] _XCT_testCaseDidStartForTestClass:NetworkWrapperTests method:testSetValidPort
14:18:21.396 xctest[30892:2054644] -[_XCTestDriverTestObserver testCaseDidFinish:]
14:18:21.416 Xcode[73139:868194] _XCT_testCaseDidFinishForTestClass:NetworkWrapperTests method:testSetValidPort withStatus:passed duration:0.0003629922866821289
14:18:21.397 xctest[30892:2054644] -[_XCTestDriverTestObserver testCaseWillStart:] NetworkWrapperTests testSetValidScheme
14:18:21.416 Xcode[73139:868194] _XCT_testCaseDidStartForTestClass:NetworkWrapperTests method:testSetValidScheme
14:18:21.397 xctest[30892:2054644] -[_XCTestDriverTestObserver testCaseDidFinish:]
14:18:21.416 Xcode[73139:868194] _XCT_testCaseDidFinishForTestClass:NetworkWrapperTests method:testSetValidScheme withStatus:passed duration:0.0002830028533935547
14:18:21.397 xctest[30892:2054644] -[_XCTestDriverTestObserver testSuiteDidFinish:]
14:18:21.417 Xcode[73139:868194] _XCT_testSuite:NetworkWrapperTests didFinishAt:2016-06-01 18:18:21 +0000 runCount:12 withFailures:3 unexpected:0 testDuration:0.483735978603363 totalDuration:0.5489299893379211
14:18:21.398 xctest[30892:2054644] -[_XCTestDriverTestObserver testSuiteDidFinish:]
14:18:21.417 Xcode[73139:868194] _XCT_testSuite:NetworkWrapperTests.xctest didFinishAt:2016-06-01 18:18:21 +0000 runCount:12 withFailures:3 unexpected:0 testDuration:0.483735978603363 totalDuration:0.5498760342597961
14:18:21.398 xctest[30892:2054644] -[_XCTestDriverTestObserver testSuiteDidFinish:]
14:18:21.417 Xcode[73139:868194] _XCT_testSuite:All tests didFinishAt:2016-06-01 18:18:21 +0000 runCount:12 withFailures:3 unexpected:0 testDuration:0.483735978603363 totalDuration:0.5512270331382751
14:18:21.399 xctest[30892:2054644] Finished running suite.
14:18:21.399 xctest[30892:2054644] -[_XCTestDriverTestObserver testBundleDidFinish:], Flushing connection to IDE...
14:18:21.417 Xcode[73139:868194] -[_IDETestManagerAPIMediator _XCT_didFinishExecutingTestPlan]
14:18:21.417 Xcode[73139:868194] _finishWithError:(null) didCancel: 0
14:18:21.448 Xcode[73139:2054640] 686336CB-C74C-4486-83E7-6091A9A9CC11: Executable terminated at path: /Applications/Xcode.app/Contents/Developer/Platforms/iPhoneSimulator.platform/Developer/Library/Xcode/Agents/xctest (status = 256)
14:18:21.535 Xcode[73139:868194] Launch session expired.
Test Case '-[NetworkWrapperTests testSetValidHost]' passed (0.000 seconds).
Test Case '-[NetworkWrapperTests testSetValidPort]' started.
Test Case '-[NetworkWrapperTests testSetValidPort]' passed (0.000 seconds).
Test Case '-[NetworkWrapperTests testSetValidScheme]' started.
Test Case '-[NetworkWrapperTests testSetValidScheme]' passed (0.000 seconds).
Test Suite 'NetworkWrapperTests' failed at 2016-06-01 14:18:21.397.
	 Executed 12 tests, with 3 failures (0 unexpected) in 0.484 (0.549) seconds
Test Suite 'NetworkWrapperTests.xctest' failed at 2016-06-01 14:18:21.398.
	 Executed 12 tests, with 3 failures (0 unexpected) in 0.484 (0.550) seconds
14:18:21.437 xctest[30892:2054644] Calling completion.
14:18:21.441 testmanagerd[30883:2054662] Test process connection invalidated or interrupted, closing test session <XCTestSession: 0x7feb81412680>.
14:18:21.441 testmanagerd[30883:2054672] Closed <XCTestSession: 0x7feb81412680>, removing from (
    "<XCTestSession: 0x7feb81412680>"
)
14:18:21.442 testmanagerd[30883:2054672] Tearing down test session <XCTestSession: 0x7feb81412680>.
14:18:21.442 testmanagerd[30883:2054672] Considering exiting, 0 test sessions, 0 sessions with identifiers, 0 unidentified sessions...
14:18:21.442 testmanagerd[30883:2054672] testmanagerd exiting, idle with no test activity.
14:18:20.886 xctest[30892] Request URI: https:80/testpath
14:18:21.443 testmanagerd[30883] testmanagerd exiting, idle with no test activity.
14:18:21.666 Xcode[73139:868194] Got death notice for pid 30892, removing from SimulatorSessionMap
