13:16:56.695 Xcode[73139:868194] Beginning test session 6EE8582C-2E26-4FB3-BF84-D1CEF6E63BAA with Xcode 7D1014 on target <DVTiPhoneSimulator: 0x7fd8c0e54890> {
		SimDevice: SimDevice : iPhone 6s Plus (686336CB-C74C-4486-83E7-6091A9A9CC11) : state={ Booted } deviceType={ SimDeviceType : com.apple.CoreSimulator.SimDeviceType.iPhone-6s-Plus } runtime={ SimRuntime : 9.3 (13E230) - com.apple.CoreSimulator.SimRuntime.iOS-9-3 }
} (9.3 (13E230))
13:16:56.695 Xcode[73139:868194] Launching with Xcode.DebuggerFoundation.Launcher.LLDB
13:16:56.695 Xcode[73139:868194] Initializing test infrastructure.
13:16:56.695 Xcode[73139:1979800] 686336CB-C74C-4486-83E7-6091A9A9CC11: Registered for sim device notification, got token 53
13:16:56.695 Xcode[73139:1979800] 686336CB-C74C-4486-83E7-6091A9A9CC11: Unregistering for sim device notification with token 53
13:16:56.695 Xcode[73139:1979800] Sim iPhone 6s Plus is booted (state = 3)
13:16:56.695 Xcode[73139:1979800] Calling -[SimDevice getenv:error:] for TESTMANAGERD_SIM_SOCK
13:16:56.696 Xcode[73139:1979800] Returning /private/tmp/com.apple.launchd.FqbwgrFOjS/com.apple.testmanagerd.unix-domain.socket for TESTMANAGERD_SIM_SOCK
13:16:56.696 Xcode[73139:1979800] Sim iPhone 6s Plus has testmanagerd socket at /private/tmp/com.apple.launchd.FqbwgrFOjS/com.apple.testmanagerd.unix-domain.socket
13:16:56.696 Xcode[73139:1979800] Connected to testmanagerd socket for Sim iPhone 6s Plus
13:16:56.696 Xcode[73139:1979800] Creating the connection.
13:16:56.696 Xcode[73139:1979800] Listening for proxy connection request from the test bundle (all platforms)
13:16:56.696 Xcode[73139:1979800] Resuming the connection.
13:16:56.696 Xcode[73139:1979800] Test connection requires daemon assistance.
13:16:56.705 Xcode[73139:868194] Received Ready from iPhoneSimulator
13:16:56.705 Xcode[73139:868194] Sending notification: NSConcreteNotification 0x7fd8c251fc50 {name = com.apple.iphonesimulator.startSession; userInfo = {
    deviceUDID = "686336CB-C74C-4486-83E7-6091A9A9CC11";
}}
13:16:56.729 Xcode[73139:868194] Checking test manager availability..., will wait up to 120s
13:16:56.729 Xcode[73139:868194] Starting test session with ID <__NSConcreteUUID 0x7fd8caae8230> 6EE8582C-2E26-4FB3-BF84-D1CEF6E63BAA
13:16:56.746 Xcode[73139:1979054] testmanagerd handled session request.
13:16:56.746 Xcode[73139:868194] Waiting for test process to launch.
13:16:56.940 Xcode[73139:868194] Launch session started, setting a disallow-finish-token on the run operation.
13:16:56.973 Xcode[73139:868194] Received Ready from iPhoneSimulator
13:16:56.973 Xcode[73139:868194] Sending notification: NSConcreteNotification 0x7fd8c259e190 {name = com.apple.iphonesimulator.startSession; userInfo = {
    deviceUDID = "686336CB-C74C-4486-83E7-6091A9A9CC11";
}}
13:16:56.974 Xcode[73139:868194] Adding console adaptor <IDEConsoleAdaptor: 0x7fd8b332a3f0 'target'> for test session 6EE8582C-2E26-4FB3-BF84-D1CEF6E63BAA.
13:16:56.977 Xcode[73139:1981953] 686336CB-C74C-4486-83E7-6091A9A9CC11: Registered for sim device notification, got token 54
13:16:56.978 Xcode[73139:1981971] 686336CB-C74C-4486-83E7-6091A9A9CC11: Unregistering for sim device notification with token 54
13:16:56.978 Xcode[73139:1981971] 686336CB-C74C-4486-83E7-6091A9A9CC11: Spawning executable at path: /Applications/Xcode.app/Contents/Developer/Platforms/iPhoneSimulator.platform/Developer/Library/Xcode/Agents/xctest and options: {
    arguments =     (
        "/Applications/Xcode.app/Contents/Developer/Platforms/iPhoneSimulator.platform/Developer/Library/Xcode/Agents/xctest",
        "-NSTreatUnknownArgumentsAsOpen",
        NO,
        "-ApplePersistenceIgnoreState",
        YES
    );
    binpref = "x86_64";
    environment =     {
        "DTX_CONNECTION_SERVICES_PATH" = "/Applications/Xcode.app/Contents/Developer/Platforms/iPhoneSimulator.platform/Developer/SDKs/iPhoneSimulator.sdk/Developer/Library/PrivateFrameworks/DTXConnectionServices.framework";
        "DYLD_FRAMEWORK_PATH" = "/Users/matt/Projects/Personal/NetworkWrapper/DerivedData/NetworkWrapper/Build/Products/Debug-iphonesimulator:/Applications/Xcode.app/Contents/Developer/Platforms/iPhoneSimulator.platform/Developer/Library/Frameworks";
        "DYLD_LIBRARY_PATH" = "/Users/matt/Projects/Personal/NetworkWrapper/DerivedData/NetworkWrapper/Build/Products/Debug-iphonesimulator:/Applications/Xcode.app/Contents/Developer/Platforms/iPhoneSimulator.platform/Developer/Library/Frameworks";
        NSUnbufferedIO = YES;
        "OBJC_DISABLE_GC" = YES;
        "XCODE_DBG_XPC_EXCLUSIONS" = "com.apple.dt.xctestSymbolicator";
        XCTestConfigurationFilePath = "/Users/matt/Projects/Personal/NetworkWrapper/DerivedData/NetworkWrapper/Build/Products/Debug-iphonesimulator/NetworkWrapperTests.xctest/NetworkWrapperTests-6EE8582C-2E26-4FB3-BF84-D1CEF6E63BAA.xctestconfiguration";
    };
    stderr = 92;
    stdin = 74;
    stdout = 91;
    "wait_for_debugger" = 1;
}
13:16:56.986 Xcode[73139:868194] Received Ready from iPhoneSimulator
13:16:56.986 Xcode[73139:868194] Sending notification: NSConcreteNotification 0x7fd89fa57d00 {name = com.apple.iphonesimulator.startSession; userInfo = {
    deviceUDID = "686336CB-C74C-4486-83E7-6091A9A9CC11";
}}
13:16:57.026 Xcode[73139:1981971] 686336CB-C74C-4486-83E7-6091A9A9CC11: Spawned executable at path: /Applications/Xcode.app/Contents/Developer/Platforms/iPhoneSimulator.platform/Developer/Library/Xcode/Agents/xctest with options: {
    arguments =     (
        "/Applications/Xcode.app/Contents/Developer/Platforms/iPhoneSimulator.platform/Developer/Library/Xcode/Agents/xctest",
        "-NSTreatUnknownArgumentsAsOpen",
        NO,
        "-ApplePersistenceIgnoreState",
        YES
    );
    binpref = "x86_64";
    environment =     {
        "DTX_CONNECTION_SERVICES_PATH" = "/Applications/Xcode.app/Contents/Developer/Platforms/iPhoneSimulator.platform/Developer/SDKs/iPhoneSimulator.sdk/Developer/Library/PrivateFrameworks/DTXConnectionServices.framework";
        "DYLD_FRAMEWORK_PATH" = "/Users/matt/Projects/Personal/NetworkWrapper/DerivedData/NetworkWrapper/Build/Products/Debug-iphonesimulator:/Applications/Xcode.app/Contents/Developer/Platforms/iPhoneSimulator.platform/Developer/Library/Frameworks";
        "DYLD_LIBRARY_PATH" = "/Users/matt/Projects/Personal/NetworkWrapper/DerivedData/NetworkWrapper/Build/Products/Debug-iphonesimulator:/Applications/Xcode.app/Contents/Developer/Platforms/iPhoneSimulator.platform/Developer/Library/Frameworks";
        NSUnbufferedIO = YES;
        "OBJC_DISABLE_GC" = YES;
        "XCODE_DBG_XPC_EXCLUSIONS" = "com.apple.dt.xctestSymbolicator";
        XCTestConfigurationFilePath = "/Users/matt/Projects/Personal/NetworkWrapper/DerivedData/NetworkWrapper/Build/Products/Debug-iphonesimulator/NetworkWrapperTests.xctest/NetworkWrapperTests-6EE8582C-2E26-4FB3-BF84-D1CEF6E63BAA.xctestconfiguration";
    };
    stderr = 92;
    stdin = 74;
    stdout = 91;
    "wait_for_debugger" = 1;
} (pid = 23504)
13:16:57.026 Xcode[73139:1981971] Tracking pid 23504 for simulator <DVTiPhoneSimulator: 0x7fd8c0e54890> {
		SimDevice: SimDevice : iPhone 6s Plus (686336CB-C74C-4486-83E7-6091A9A9CC11) : state={ Booted } deviceType={ SimDeviceType : com.apple.CoreSimulator.SimDeviceType.iPhone-6s-Plus } runtime={ SimRuntime : 9.3 (13E230) - com.apple.CoreSimulator.SimRuntime.iOS-9-3 }
}
13:16:57.026 Xcode[73139:1981971] Checking to see if pid 23504 is valid: kill(pid, 0) = 0 (YES, it's still running)
13:16:57.026 Xcode[73139:1981971] Setting up DVTNotifyOnProcDeath for pid 23504
13:16:57.660 Xcode[73139:868194] Launch session finished initial intensive file IO.
13:16:57.660 Xcode[73139:868194] Waiting for test process to check in..., will wait up to 120s
13:16:57.924 Xcode[73139:1981972] Got proxy channel request from test bundle
13:16:57.924 Xcode[73139:1981972] Test bundle is ready, running protocol 16, requires at least version 8. IDE is running 16 and requires at least 8
13:16:57.924 Xcode[73139:1982008] Creating secondary transport and connection for whitelisting test process PID.
13:16:57.924 Xcode[73139:1982008] 686336CB-C74C-4486-83E7-6091A9A9CC11: Registered for sim device notification, got token 55
13:16:57.924 Xcode[73139:1982008] 686336CB-C74C-4486-83E7-6091A9A9CC11: Unregistering for sim device notification with token 55
13:16:57.924 Xcode[73139:1982008] Sim iPhone 6s Plus is booted (state = 3)
13:16:57.924 Xcode[73139:1982008] Calling -[SimDevice getenv:error:] for TESTMANAGERD_SIM_SOCK
13:16:57.924 Xcode[73139:1982008] Returning /private/tmp/com.apple.launchd.FqbwgrFOjS/com.apple.testmanagerd.unix-domain.socket for TESTMANAGERD_SIM_SOCK
13:16:57.925 Xcode[73139:1982008] Sim iPhone 6s Plus has testmanagerd socket at /private/tmp/com.apple.launchd.FqbwgrFOjS/com.apple.testmanagerd.unix-domain.socket
13:16:57.925 Xcode[73139:1982008] Connected to testmanagerd socket for Sim iPhone 6s Plus
13:16:57.925 Xcode[73139:1982008] Creating the connection.
13:16:57.925 Xcode[73139:1982008] Resuming the secondary connection.
13:16:57.925 Xcode[73139:1982008] Whitelisting test process ID 23504
13:16:57.926 Xcode[73139:1982008] Got whitelisting response and daemon protocol version 16
13:16:57.771 xctest[23504:1981976] Linked XCTest.framework from /Applications/Xcode.app/Contents/Developer/Platforms/iPhoneSimulator.platform/Developer/Library/Frameworks/XCTest.framework/XCTest, built at Tuesday, March 15, 2016 at 8:32:00 PM Eastern Daylight Time
13:16:57.771 xctest[23504:1981976] Process arguments: (
    "/Applications/Xcode.app/Contents/Developer/Platforms/iPhoneSimulator.platform/Developer/Library/Xcode/Agents/xctest",
    "-NSTreatUnknownArgumentsAsOpen",
    NO,
    "-ApplePersistenceIgnoreState",
    YES
)
13:16:57.771 xctest[23504:1981976] Process environment: {
    "CFFIXED_USER_HOME" = "/Users/matt/Library/Developer/CoreSimulator/Devices/686336CB-C74C-4486-83E7-6091A9A9CC11/data";
    "CUPS_SERVER" = "/private/tmp/com.apple.launchd.d5AYpxLR86/Listeners";
    "DTX_CONNECTION_SERVICES_PATH" = "/Applications/Xcode.app/Contents/Developer/Platforms/iPhoneSimulator.platform/Developer/SDKs/iPhoneSimulator.sdk/Developer/Library/PrivateFrameworks/DTXConnectionServices.framework";
    "DYLD_FALLBACK_FRAMEWORK_PATH" = "/Applications/Xcode.app/Contents/Developer/Platforms/iPhoneSimulator.platform/Developer/SDKs/iPhoneSimulator.sdk/System/Library/Frameworks";
    "DYLD_FALLBACK_LIBRARY_PATH" = "/Applications/Xcode.app/Contents/Developer/Platforms/iPhoneSimulator.platform/Developer/SDKs/iPhoneSimulator.sdk/usr/lib";
    "DYLD_FRAMEWORK_PATH" = "/Users/matt/Projects/Personal/NetworkWrapper/DerivedData/NetworkWrapper/Build/Products/Debug-iphonesimulator:/Applications/Xcode.app/Contents/Developer/Platforms/iPhoneSimulator.platform/Developer/Library/Frameworks";
    "DYLD_LIBRARY_PATH" = "/Users/matt/Projects/Personal/NetworkWrapper/DerivedData/NetworkWrapper/Build/Products/Debug-iphonesimulator:/Applications/Xcode.app/Contents/Developer/Platforms/iPhoneSimulator.platform/Developer/Library/Frameworks";
    "DYLD_ROOT_PATH" = "/Applications/Xcode.app/Contents/Developer/Platforms/iPhoneSimulator.platform/Developer/SDKs/iPhoneSimulator.sdk";
    "DYLD_SHARED_REGION" = avoid;
    HOME = "/Users/matt/Library/Developer/CoreSimulator/Devices/686336CB-C74C-4486-83E7-6091A9A9CC11/data";
    "IOS_SIMULATOR_SYSLOG_SOCKET" = "/private/tmp/com.apple.CoreSimulator.SimDevice.686336CB-C74C-4486-83E7-6091A9A9CC11.launchd_sim/syslogsock";
    "IPHONE_SHARED_RESOURCES_DIRECTORY" = "/Users/matt/Library/Developer/CoreSimulator/Devices/686336CB-C74C-4486-83E7-6091A9A9CC11/data";
    "IPHONE_SIMULATOR_CLASS" = N66;
    "IPHONE_SIMULATOR_DEVICE" = iPhone;
    "IPHONE_SIMULATOR_ROOT" = "/Applications/Xcode.app/Contents/Developer/Platforms/iPhoneSimulator.platform/Developer/SDKs/iPhoneSimulator.sdk";
    "IPHONE_TVOUT_EXTENDED_PROPERTIES" = "/Users/matt/Library/Developer/CoreSimulator/Devices/686336CB-C74C-4486-83E7-6091A9A9CC11/data/Library/Application Support/iPhone Simulator/com.apple.iphonesimulator/extended_display.plist";
    NSUnbufferedIO = YES;
    "OBJC_DISABLE_GC" = YES;
    PATH = "/Applications/Xcode.app/Contents/Developer/Platforms/iPhoneSimulator.platform/Developer/SDKs/iPhoneSimulator.sdk/usr/bin:/Applications/Xcode.app/Contents/Developer/Platforms/iPhoneSimulator.platform/Developer/SDKs/iPhoneSimulator.sdk/bin:/Applications/Xcode.app/Contents/Developer/Platforms/iPhoneSimulator.platform/Developer/SDKs/iPhoneSimulator.sdk/usr/sbin:/Applications/Xcode.app/Contents/Developer/Platforms/iPhoneSimulator.platform/Developer/SDKs/iPhoneSimulator.sdk/sbin:/Applications/Xcode.app/Contents/Developer/Platforms/iPhoneSimulator.platform/Developer/SDKs/iPhoneSimulator.sdk/usr/local/bin";
    "SIMULATOR_CAPABILITIES" = "/Applications/Xcode.app/Contents/Developer/Platforms/iPhoneSimulator.platform/Developer/Library/CoreSimulator/Profiles/DeviceTypes/iPhone 6s Plus.simdevicetype/Contents/Resources/capabilities.plist";
    "SIMULATOR_DEVICE_NAME" = "iPhone 6s Plus";
    "SIMULATOR_EXTENDED_DISPLAY_PROPERTIES" = "/Users/matt/Library/Developer/CoreSimulator/Devices/686336CB-C74C-4486-83E7-6091A9A9CC11/data/Library/Application Support/iPhone Simulator/com.apple.iphonesimulator/extended_display.plist";
    "SIMULATOR_HOST_HOME" = "/Users/matt";
    "SIMULATOR_LEGACY_ASSET_SUFFIX" = iphone;
    "SIMULATOR_LOG_ROOT" = "/Users/matt/Library/Logs/CoreSimulator/686336CB-C74C-4486-83E7-6091A9A9CC11";
    "SIMULATOR_MAINSCREEN_HEIGHT" = 2208;
    "SIMULATOR_MAINSCREEN_PITCH" = "461.000000";
    "SIMULATOR_MAINSCREEN_SCALE" = "3.000000";
    "SIMULATOR_MAINSCREEN_WIDTH" = 1242;
    "SIMULATOR_MEMORY_WARNINGS" = "/Users/matt/Library/Developer/CoreSimulator/Devices/686336CB-C74C-4486-83E7-6091A9A9CC11/data/var/run/memory_warning_simulation";
    "SIMULATOR_MODEL_IDENTIFIER" = "iPhone8,2";
    "SIMULATOR_PLATFORM_RUNTIME_OVERLAY_ROOT" = "/Applications/Xcode.app/Contents/Developer/Platforms/iPhoneSimulator.platform/Developer/Library/CoreSimulator/RuntimeOverlay";
    "SIMULATOR_ROOT" = "/Applications/Xcode.app/Contents/Developer/Platforms/iPhoneSimulator.platform/Developer/SDKs/iPhoneSimulator.sdk";
    "SIMULATOR_RUNTIME_BUILD_VERSION" = 13E230;
    "SIMULATOR_RUNTIME_VERSION" = "9.3";
    "SIMULATOR_SHARED_RESOURCES_DIRECTORY" = "/Users/matt/Library/Developer/CoreSimulator/Devices/686336CB-C74C-4486-83E7-6091A9A9CC11/data";
    "SIMULATOR_UDID" = "686336CB-C74C-4486-83E7-6091A9A9CC11";
    "SIMULATOR_VERSION_INFO" = "CoreSimulator 209.19 - Device: iPhone 6s Plus - Runtime: iOS 9.3 (13E230) - DeviceType: iPhone 6s Plus";
    "TESTMANAGERD_SIM_SOCK" = "/private/tmp/com.apple.launchd.FqbwgrFOjS/com.apple.testmanagerd.unix-domain.socket";
    TMPDIR = "/Users/matt/Library/Developer/CoreSimulator/Devices/686336CB-C74C-4486-83E7-6091A9A9CC11/data/tmp";
    "XCODE_DBG_XPC_EXCLUSIONS" = "com.apple.dt.xctestSymbolicator";
    XCTestConfigurationFilePath = "/Users/matt/Projects/Personal/NetworkWrapper/DerivedData/NetworkWrapper/Build/Products/Debug-iphonesimulator/NetworkWrapperTests.xctest/NetworkWrapperTests-6EE8582C-2E26-4FB3-BF84-D1CEF6E63BAA.xctestconfiguration";
    "XPC_FLAGS" = 0x0;
    "XPC_SERVICE_NAME" = "com.apple.xpc.launchd.oneshot.0x10000010.xctest";
    "XPC_SIMULATOR_LAUNCHD_NAME" = "com.apple.CoreSimulator.SimDevice.686336CB-C74C-4486-83E7-6091A9A9CC11.launchd_sim";
}
13:16:57.771 xctest[23504:1981976] Loading DTXConnectionServices from /Applications/Xcode.app/Contents/Developer/Platforms/iPhoneSimulator.platform/Developer/SDKs/iPhoneSimulator.sdk/Developer/Library/PrivateFrameworks/DTXConnectionServices.framework
13:16:57.778 xctest[23504:1981976] Session ID <__NSConcreteUUID 0x7fae03501dd0> 6EE8582C-2E26-4FB3-BF84-D1CEF6E63BAA
13:16:57.778 xctest[23504:1981976] Registering for testmanagerd availability notify post.
13:16:57.778 xctest[23504:1981976] testmanagerd availability confirmed via notify_get_state.
13:16:57.778 xctest[23504:1981976] Initiating connection to testmanagerd to request socket for IDE connection.
13:16:57.921 xctest[23504:1982034] Got socket 6 from daemon, making connection to IDE
13:16:57.921 xctest[23504:1982034] Creating connection with transport
13:16:57.923 xctest[23504:1982034] Resuming connection
13:16:57.923 xctest[23504:1982034] Messaging IDE proxy - _XCT_testBundleReadyWithProtocolVersion:16 minimumVersion:8
13:16:57.929 Xcode[73139:868194] Starting test plan, clearing initialization timeout timer.
13:16:57.929 xctest[23504:1981976] -[XCTestDriver _runSuite]
13:16:57.929 xctest[23504:1981976] Loading test suite...
13:16:58.022 xctest[23504:1981976] Finished loading test suite, took 0.093s
13:16:58.023 xctest[23504:1981976] -[_XCTestDriverTestObserver testBundleWillStart:]
13:16:58.023 xctest[23504:1981976] Running suite...
13:16:58.024 xctest[23504:1981976] -[_XCTestDriverTestObserver testSuiteWillStart:]
13:16:58.029 Xcode[73139:1981972] (LOG ARBITER) Dumping buffered message data; 0 messages.
13:16:58.029 Xcode[73139:1981971] (LOG ARBITER) Dumping buffered message data; 0 messages.
13:16:58.423 Xcode[73139:1979908] (LOG ARBITER) Dumping buffered message data; 0 messages.
13:16:58.424 Xcode[73139:1981956] (LOG ARBITER) Dumping buffered message data; 0 messages.
13:16:58.025 Xcode[73139:868194] _XCT_testSuite:All tests didStartAt:2016-06-01 17:16:58 +0000
13:16:57.924 xctest[23504:1982036] _XCT_testBundleReadyWithProtocolVersion:minimumVersion: reply received
13:16:57.927 xctest[23504:1982036] _IDE_startExecutingTestPlanWithProtocolVersion:16
Test Suite 'All tests' started at 2016-06-01 13:16:58.023
13:16:58.025 xctest[23504:1981976] -[_XCTestDriverTestObserver testSuiteWillStart:]
13:16:58.025 Xcode[73139:868194] _XCT_testSuite:NetworkWrapperTests.xctest didStartAt:2016-06-01 17:16:58 +0000
Test Suite 'NetworkWrapperTests.xctest' started at 2016-06-01 13:16:58.024
13:16:58.025 xctest[23504:1981976] -[_XCTestDriverTestObserver testSuiteWillStart:]
13:16:58.025 Xcode[73139:868194] _XCT_testSuite:NetworkWrapperTests didStartAt:2016-06-01 17:16:58 +0000
13:16:58.025 xctest[23504:1981976] -[_XCTestDriverTestObserver testCaseWillStart:] NetworkWrapperTests testCreateNetworkWrapper
Test Suite 'NetworkWrapperTests' started at 2016-06-01 13:16:58.025
13:16:58.026 Xcode[73139:868194] _XCT_testCaseDidStartForTestClass:NetworkWrapperTests method:testCreateNetworkWrapper
Test Case '-[NetworkWrapperTests testCreateNetworkWrapper]' started.
13:16:58.028 xctest[23504:1981976] -[_XCTestDriverTestObserver testCaseDidFinish:]
13:16:58.029 Xcode[73139:868194] _XCT_testCaseDidFinishForTestClass:NetworkWrapperTests method:testCreateNetworkWrapper withStatus:passed duration:0.002473056316375732
13:16:58.028 xctest[23504:1981976] -[_XCTestDriverTestObserver testCaseWillStart:] NetworkWrapperTests testExample
13:16:58.029 Xcode[73139:868194] _XCT_testCaseDidStartForTestClass:NetworkWrapperTests method:testExample
13:16:58.028 xctest[23504:1981976] -[_XCTestDriverTestObserver testCaseDidFinish:]
13:16:58.029 Xcode[73139:868194] _XCT_testCaseDidFinishForTestClass:NetworkWrapperTests method:testExample withStatus:passed duration:0.0003250241279602051
13:16:58.029 xctest[23504:1981976] -[_XCTestDriverTestObserver testCaseWillStart:] NetworkWrapperTests testPerformanceExample
13:16:58.029 Xcode[73139:868194] _XCT_testCaseDidStartForTestClass:NetworkWrapperTests method:testPerformanceExample
Test Case '-[NetworkWrapperTests testCreateNetworkWrapper]' passed (0.002 seconds).
Test Case '-[NetworkWrapperTests testExample]' started.
Test Case '-[NetworkWrapperTests testExample]' passed (0.000 seconds).
Test Case '-[NetworkWrapperTests testPerformanceExample]' started.
13:16:58.420 xctest[23504:1981976] -[_XCTestDriverTestObserver _testCase:didMeasureValues:forPerformanceMetricID:name:unitsOfMeasurement:baselineName:baselineAverage:maxPercentRegression:maxPercentRelativeStandardDeviation:maxRegression:maxStandardDeviation:file:line:]
13:16:58.423 Xcode[73139:868194] -[_IDETestManagerAPIMediator _XCT_testMethod:ofClass:didMeasureMetric:file:line:]
13:16:58.421 xctest[23504:1981976] -[_XCTestDriverTestObserver testCaseDidFinish:]
13:16:58.423 Xcode[73139:868194] _XCT_testCaseDidFinishForTestClass:NetworkWrapperTests method:testPerformanceExample withStatus:passed duration:0.3922929763793945
13:16:58.422 xctest[23504:1981976] -[_XCTestDriverTestObserver testCaseWillStart:] NetworkWrapperTests testSetInvalidHostLength
13:16:58.423 Xcode[73139:868194] _XCT_testCaseDidStartForTestClass:NetworkWrapperTests method:testSetInvalidHostLength
13:16:58.422 xctest[23504:1981976] -[_XCTestDriverTestObserver testCaseDidFinish:]
13:16:58.424 Xcode[73139:868194] _XCT_testCaseDidFinishForTestClass:NetworkWrapperTests method:testSetInvalidHostLength withStatus:passed duration:0.0003190040588378906
13:16:58.422 xctest[23504:1981976] -[_XCTestDriverTestObserver testCaseWillStart:] NetworkWrapperTests testSetInvalidSchemeLength
13:16:58.424 Xcode[73139:868194] _XCT_testCaseDidStartForTestClass:NetworkWrapperTests method:testSetInvalidSchemeLength
13:16:58.423 xctest[23504:1981976] -[_XCTestDriverTestObserver testCase:didFailWithDescription:inFile:atLine:]
13:16:58.424 Xcode[73139:868194] _XCT_testCaseDidFailForTestClass:NetworkWrapperTests method:testSetInvalidSchemeLength withMessage:((self.networkWrapper.scheme) equal to (@"HTTP")) failed: ("<60b16914 01000000>") is not equal to ("<60b26914 01000000>") file:/Users/matt/Projects/Personal/NetworkWrapper/NetworkWrapperTests/NetworkWrapperTests.m line:56
13:16:58.423 xctest[23504:1981976] -[_XCTestDriverTestObserver testCaseDidFinish:]
13:16:58.590 Xcode[73139:1981956] (LOG ARBITER) Dumping buffered message data; 0 messages.
13:16:58.593 Xcode[73139:1981956] (LOG ARBITER) Dumping buffered message data; 0 messages.
13:16:58.596 Xcode[73139:1981956] (LOG ARBITER) Dumping buffered message data; 0 messages.
13:16:58.598 Xcode[73139:1981956] (LOG ARBITER) Dumping buffered message data; 0 messages.
13:16:58.600 Xcode[73139:1981956] (LOG ARBITER) Dumping buffered message data; 0 messages.
13:16:58.602 Xcode[73139:1981956] (LOG ARBITER) Dumping buffered message data; 0 messages.
13:16:58.424 Xcode[73139:868194] _XCT_testCaseDidFinishForTestClass:NetworkWrapperTests method:testSetInvalidSchemeLength withStatus:failed duration:0.0007659792900085449
13:16:58.424 xctest[23504:1981976] -[_XCTestDriverTestObserver testCaseWillStart:] NetworkWrapperTests testSetNilHost
13:16:58.424 Xcode[73139:868194] _XCT_testCaseDidStartForTestClass:NetworkWrapperTests method:testSetNilHost
/Users/matt/Projects/Personal/NetworkWrapper/NetworkWrapperTests/NetworkWrapperTests.m:82: Test Case '-[NetworkWrapperTests testPerformanceExample]' measured [Time, seconds] average: 0.000, relative standard deviation: 107.088%, values: [0.000004, 0.000001, 0.000001, 0.000001, 0.000001, 0.000000, 0.000000, 0.000000, 0.000000, 0.000000], performanceMetricID:com.apple.XCTPerformanceMetric_WallClockTime, baselineName: "", baselineAverage: , maxPercentRegression: 10.000%, maxPercentRelativeStandardDeviation: 10.000%, maxRegression: 0.100, maxStandardDeviation: 0.100
Test Case '-[NetworkWrapperTests testPerformanceExample]' passed (0.392 seconds).
Test Case '-[NetworkWrapperTests testSetInvalidHostLength]' started.
Test Case '-[NetworkWrapperTests testSetInvalidHostLength]' passed (0.000 seconds).
Test Case '-[NetworkWrapperTests testSetInvalidSchemeLength]' started.
/Users/matt/Projects/Personal/NetworkWrapper/NetworkWrapperTests/NetworkWrapperTests.m:56: error: -[NetworkWrapperTests testSetInvalidSchemeLength] : ((self.networkWrapper.scheme) equal to (@"HTTP")) failed: ("<60b16914 01000000>") is not equal to ("<60b26914 01000000>")
Test Case '-[NetworkWrapperTests testSetInvalidSchemeLength]' failed (0.001 seconds).
Test Case '-[NetworkWrapperTests testSetNilHost]' started.
Test Case '-[NetworkWrapperTests testSetNilHost]' passed (0.000 seconds).
Test Case '-[NetworkWrapperTests testSetNilPort]' started.
Test Case '-[NetworkWrapperTests testSetNilPort]' passed (0.000 seconds).
Test Case '-[NetworkWrapperTests testSetNilScheme]' started.
Test Case '-[NetworkWrapperTests testSetNilScheme]' passed (0.000 seconds).
Test Case '-[NetworkWrapperTests testSetValidHost]' started.
Test Case '-[NetworkWrapperTests testSetValidHost]' passed (0.000 seconds).
Test Case '-[NetworkWrapperTests testSetValidPort]' started.
Test Case '-[NetworkWrapperTests testSetValidPort]' passed (0.000 seconds).
Test Case '-[NetworkWrapperTests testSetValidScheme]' started.
Test Case '-[NetworkWrapperTests testSetValidScheme]' passed (0.037 seconds).
Test Suite 'NetworkWrapperTests' failed at 2016-06-01 13:16:58.465.
	 Executed 11 tests, with 1 failure (0 unexpected) in 0.435 (0.440) seconds
Test Suite 'NetworkWrapperTests.xctest' failed at 2016-06-01 13:16:58.465.
	 Executed 11 tests, with 1 failure (0 unexpected) in 0.435 (0.441) seconds
13:16:58.424 xctest[23504:1981976] -[_XCTestDriverTestObserver testCaseDidFinish:]
13:16:58.590 Xcode[73139:868194] _XCT_testCaseDidFinishForTestClass:NetworkWrapperTests method:testSetNilHost withStatus:passed duration:0.0004869699478149414
13:16:58.424 xctest[23504:1981976] -[_XCTestDriverTestObserver testCaseWillStart:] NetworkWrapperTests testSetNilPort
13:16:58.591 Xcode[73139:868194] _XCT_testCaseDidStartForTestClass:NetworkWrapperTests method:testSetNilPort
13:16:58.425 xctest[23504:1981976] -[_XCTestDriverTestObserver testCaseDidFinish:]
13:16:58.593 Xcode[73139:868194] _XCT_testCaseDidFinishForTestClass:NetworkWrapperTests method:testSetNilPort withStatus:passed duration:0.0002970099449157715
13:16:58.425 xctest[23504:1981976] -[_XCTestDriverTestObserver testCaseWillStart:] NetworkWrapperTests testSetNilScheme
13:16:58.594 Xcode[73139:868194] _XCT_testCaseDidStartForTestClass:NetworkWrapperTests method:testSetNilScheme
13:16:58.425 xctest[23504:1981976] -[_XCTestDriverTestObserver testCaseDidFinish:]
13:16:58.595 Xcode[73139:868194] _XCT_testCaseDidFinishForTestClass:NetworkWrapperTests method:testSetNilScheme withStatus:passed duration:0.0003250241279602051
13:16:58.426 xctest[23504:1981976] -[_XCTestDriverTestObserver testCaseWillStart:] NetworkWrapperTests testSetValidHost
13:16:58.597 Xcode[73139:868194] _XCT_testCaseDidStartForTestClass:NetworkWrapperTests method:testSetValidHost
13:16:58.426 xctest[23504:1981976] -[_XCTestDriverTestObserver testCaseDidFinish:]
13:16:58.598 Xcode[73139:868194] _XCT_testCaseDidFinishForTestClass:NetworkWrapperTests method:testSetValidHost withStatus:passed duration:0.0002610087394714355
13:16:58.426 xctest[23504:1981976] -[_XCTestDriverTestObserver testCaseWillStart:] NetworkWrapperTests testSetValidPort
13:16:58.599 Xcode[73139:868194] _XCT_testCaseDidStartForTestClass:NetworkWrapperTests method:testSetValidPort
13:16:58.427 xctest[23504:1981976] -[_XCTestDriverTestObserver testCaseDidFinish:]
13:16:58.600 Xcode[73139:868194] _XCT_testCaseDidFinishForTestClass:NetworkWrapperTests method:testSetValidPort withStatus:passed duration:0.0002390146255493164
13:16:58.464 xctest[23504:1981976] -[_XCTestDriverTestObserver testCaseWillStart:] NetworkWrapperTests testSetValidScheme
13:16:58.601 Xcode[73139:868194] _XCT_testCaseDidStartForTestClass:NetworkWrapperTests method:testSetValidScheme
13:16:58.464 xctest[23504:1981976] -[_XCTestDriverTestObserver testCaseDidFinish:]
13:16:58.602 Xcode[73139:868194] _XCT_testCaseDidFinishForTestClass:NetworkWrapperTests method:testSetValidScheme withStatus:passed duration:0.03723901510238647
13:16:58.465 xctest[23504:1981976] -[_XCTestDriverTestObserver testSuiteDidFinish:]
13:16:58.603 Xcode[73139:868194] _XCT_testSuite:NetworkWrapperTests didFinishAt:2016-06-01 17:16:58 +0000 runCount:11 withFailures:1 unexpected:0 testDuration:0.435024082660675 totalDuration:0.439765989780426
13:16:58.465 xctest[23504:1981976] -[_XCTestDriverTestObserver testSuiteDidFinish:]
13:16:58.603 Xcode[73139:868194] _XCT_testSuite:NetworkWrapperTests.xctest didFinishAt:2016-06-01 17:16:58 +0000 runCount:11 withFailures:1 unexpected:0 testDuration:0.435024082660675 totalDuration:0.4405840039253235
13:16:58.465 xctest[23504:1981976] -[_XCTestDriverTestObserver testSuiteDidFinish:]
13:16:58.603 Xcode[73139:868194] _XCT_testSuite:All tests didFinishAt:2016-06-01 17:16:58 +0000 runCount:11 withFailures:1 unexpected:0 testDuration:0.435024082660675 totalDuration:0.4419630169868469
13:16:58.466 xctest[23504:1981976] Finished running suite.
13:16:58.466 xctest[23504:1981976] -[_XCTestDriverTestObserver testBundleDidFinish:], Flushing connection to IDE...
13:16:58.603 Xcode[73139:868194] -[_IDETestManagerAPIMediator _XCT_didFinishExecutingTestPlan]
13:16:58.603 Xcode[73139:868194] _finishWithError:(null) didCancel: 0
13:16:58.619 Xcode[73139:1981956] 686336CB-C74C-4486-83E7-6091A9A9CC11: Executable terminated at path: /Applications/Xcode.app/Contents/Developer/Platforms/iPhoneSimulator.platform/Developer/Library/Xcode/Agents/xctest (status = 256)
13:16:58.648 Xcode[73139:868194] Launch session expired.
13:16:58.615 xctest[23504:1981976] Calling completion.
13:16:58.616 testmanagerd[23218:1981946] Test process connection invalidated or interrupted, closing test session <XCTestSession: 0x7fb1e37207b0>.
13:16:58.616 testmanagerd[23218:1981948] Closed <XCTestSession: 0x7fb1e37207b0>, removing from (
    "<XCTestSession: 0x7fb1e37207b0>"
)
13:16:58.616 testmanagerd[23218:1981948] Tearing down test session <XCTestSession: 0x7fb1e37207b0>.
13:16:58.616 testmanagerd[23218:1981948] Considering exiting, 0 test sessions, 1 sessions with identifiers, 0 unidentified sessions...
13:16:58.700 Xcode[73139:868194] Got death notice for pid 23504, removing from SimulatorSessionMap
13:16:58.619 com.apple.CoreSimulator.SimDevice.686336CB-C74C-4486-83E7-6091A9A9CC11.launchd_sim[87500] Service exited with abnormal code: 1
13:16:58.644 com.apple.CoreSimulator.SimDevice.686336CB-C74C-4486-83E7-6091A9A9CC11.launchd_sim[87500] Could not resolve origin of domain. XPC services in this domain's bundle will not be bootstrapped: error = 3: No such process, taint = (untainted)
